<?xml version="1.0" encoding="UTF-8"?>
<!-- Generated by org.testng.reporters.JUnitXMLReporter -->
<testsuite hostname="PRDCV271-W7" ignored="0" name="Show Hidden Quantity Test" tests="12" failures="0" timestamp="20 Jun 2019 14:30:10 GMT" time="769.954" errors="0">
  <testcase name="testB" time="15.181" classname="com.PanaMCAutomation.MC_Show_Hidden_Quantity.MCID1111_ShowHiddenQuantity_TotalQTYField"/>
  <testcase name="testB" time="15.235" classname="com.PanaMCAutomation.MC_Show_Hidden_Quantity.MCID1112_ShowHiddenQuantity_TotalQTYValue"/>
  <testcase name="testB" time="18.244" classname="com.PanaMCAutomation.MC_Show_Hidden_Quantity.MCID1113_ShowHiddenQuantity_TotalQTYValueFilter"/>
  <testcase name="testB" time="15.095" classname="com.PanaMCAutomation.MC_Show_Hidden_Quantity.MCID1114_ShowHiddenQuantity_TotalQTYValueHidden"/>
  <testcase name="testB" time="14.876" classname="com.PanaMCAutomation.MC_Show_Hidden_Quantity.MCID1118_ShowHiddenQuantity_TotalGroupQTYField"/>
  <testcase name="testB" time="15.945" classname="com.PanaMCAutomation.MC_Show_Hidden_Quantity.MCID1119_ShowHiddenQuantity_TotalGroupQTYPresent"/>
  <testcase name="testB" time="14.914" classname="com.PanaMCAutomation.MC_Show_Hidden_Quantity.MCID1120_ShowHiddenQuantity_TotalGroupQTYValue"/>
  <testcase name="testB" time="15.582" classname="com.PanaMCAutomation.MC_Show_Hidden_Quantity.MCID1121_ShowHiddenQuantity_TotalGroupQTYValueHidden"/>
  <testcase name="testB" time="14.714" classname="com.PanaMCAutomation.MC_Show_Hidden_Quantity.MCID1122_ShowHiddenQuantity_TotalQTYPresent"/>
  <testcase name="testB" time="15.616" classname="com.PanaMCAutomation.MC_Show_Hidden_Quantity.MCID1123_ShowHiddenQuantity_TotalQTYPresentToggle"/>
  <testcase name="testB" time="15.802" classname="com.PanaMCAutomation.MC_Show_Hidden_Quantity.MCID1124_ShowHiddenQuantity_TotalQTYFilter"/>
  <testcase name="testB" time="14.954" classname="com.PanaMCAutomation.MC_Show_Hidden_Quantity.MCID1125_ShowHiddenQuantity_TotalQTYFilterHidden"/>
</testsuite> <!-- Show Hidden Quantity Test -->
