<?xml version="1.0" encoding="UTF-8"?>
<!-- Generated by org.testng.reporters.JUnitXMLReporter -->
<testsuite hostname="C40FF43LAP" ignored="0" name="Material Function Test" tests="78" failures="78" timestamp="04 Dec 2021 15:33:31 GMT" time="75.845" errors="0">
  <testcase name="testB" time="0.278" classname="com.PanaMCAutomation.MC_Material_Function.PreCondition_ChangeSystemErrorMessageTypeToPopup">
    <failure type="java.lang.reflect.InvocationTargetException">
      <![CDATA[java.lang.reflect.InvocationTargetException
at com.PanaAutomation.Driver.DriverScript.executeKeywords(DriverScript.java:79)
at com.PanaMCAutomation.MC_Material_Function.PreCondition_ChangeSystemErrorMessageTypeToPopup.testB(PreCondition_ChangeSystemErrorMessageTypeToPopup.java:25)
at com.PanaAutomation.Base.runMC.main(runMC.java:28)
Caused by: java.lang.NullPointerException
at com.PanaAutomation.Keywords.GenericKeywords.takeScreenShot(GenericKeywords.java:1513)
at com.PanaAutomation.Keywords.GenericKeywords.reportFailure(GenericKeywords.java:1460)
at com.PanaAutomation.Keywords.GenericKeywords.openBrowser(GenericKeywords.java:158)
... 29 more
... Removed 26 stack frames]]>
    </failure>
  </testcase> <!-- testB -->
  <testcase name="testB" time="0.015" classname="com.PanaMCAutomation.MC_Material_Function.PreCondition_CreateNewDefaultLocations">
    <failure type="java.lang.reflect.InvocationTargetException">
      <![CDATA[java.lang.reflect.InvocationTargetException
at com.PanaAutomation.Driver.DriverScript.executeKeywords(DriverScript.java:79)
at com.PanaMCAutomation.MC_Material_Function.PreCondition_CreateNewDefaultLocations.testB(PreCondition_CreateNewDefaultLocations.java:25)
at com.PanaAutomation.Base.runMC.main(runMC.java:28)
Caused by: java.lang.NullPointerException
at com.PanaAutomation.Keywords.GenericKeywords.takeScreenShot(GenericKeywords.java:1513)
at com.PanaAutomation.Keywords.GenericKeywords.reportFailure(GenericKeywords.java:1460)
at com.PanaAutomation.Keywords.GenericKeywords.openBrowser(GenericKeywords.java:158)
... 29 more
... Removed 26 stack frames]]>
    </failure>
  </testcase> <!-- testB -->
  <testcase name="testB" time="0.019" classname="com.PanaMCAutomation.MC_Material_Function.MCID1091_MaterialFunction_SpliceButton">
    <failure type="java.lang.reflect.InvocationTargetException">
      <![CDATA[java.lang.reflect.InvocationTargetException
at com.PanaAutomation.Driver.DriverScript.executeKeywords(DriverScript.java:79)
at com.PanaMCAutomation.MC_Material_Function.MCID1091_MaterialFunction_SpliceButton.testB(MCID1091_MaterialFunction_SpliceButton.java:25)
at com.PanaAutomation.Base.runMC.main(runMC.java:28)
Caused by: java.lang.NullPointerException
at com.PanaAutomation.Keywords.GenericKeywords.takeScreenShot(GenericKeywords.java:1513)
at com.PanaAutomation.Keywords.GenericKeywords.reportFailure(GenericKeywords.java:1460)
at com.PanaAutomation.Keywords.GenericKeywords.openBrowser(GenericKeywords.java:158)
... 29 more
... Removed 26 stack frames]]>
    </failure>
  </testcase> <!-- testB -->
  <testcase name="testB" time="0.012" classname="com.PanaMCAutomation.MC_Material_Function.MCID1092_MaterialFunction_SpliceWindow">
    <failure type="java.lang.reflect.InvocationTargetException">
      <![CDATA[java.lang.reflect.InvocationTargetException
at com.PanaAutomation.Driver.DriverScript.executeKeywords(DriverScript.java:79)
at com.PanaMCAutomation.MC_Material_Function.MCID1092_MaterialFunction_SpliceWindow.testB(MCID1092_MaterialFunction_SpliceWindow.java:25)
at com.PanaAutomation.Base.runMC.main(runMC.java:28)
Caused by: java.lang.NullPointerException
at com.PanaAutomation.Keywords.GenericKeywords.takeScreenShot(GenericKeywords.java:1513)
at com.PanaAutomation.Keywords.GenericKeywords.reportFailure(GenericKeywords.java:1460)
at com.PanaAutomation.Keywords.GenericKeywords.openBrowser(GenericKeywords.java:158)
... 29 more
... Removed 26 stack frames]]>
    </failure>
  </testcase> <!-- testB -->
  <testcase name="testB" time="0.012" classname="com.PanaMCAutomation.MC_Material_Function.MCID1093_MaterialFunction_SpliceWindowCloseIcon">
    <failure type="java.lang.reflect.InvocationTargetException">
      <![CDATA[java.lang.reflect.InvocationTargetException
at com.PanaAutomation.Driver.DriverScript.executeKeywords(DriverScript.java:79)
at com.PanaMCAutomation.MC_Material_Function.MCID1093_MaterialFunction_SpliceWindowCloseIcon.testB(MCID1093_MaterialFunction_SpliceWindowCloseIcon.java:25)
at com.PanaAutomation.Base.runMC.main(runMC.java:28)
Caused by: java.lang.NullPointerException
at com.PanaAutomation.Keywords.GenericKeywords.takeScreenShot(GenericKeywords.java:1513)
at com.PanaAutomation.Keywords.GenericKeywords.reportFailure(GenericKeywords.java:1460)
at com.PanaAutomation.Keywords.GenericKeywords.openBrowser(GenericKeywords.java:158)
... 29 more
... Removed 26 stack frames]]>
    </failure>
  </testcase> <!-- testB -->
  <testcase name="testB" time="0.023" classname="com.PanaMCAutomation.MC_Material_Function.MCID1094_MaterialFunction_SpliceWindowCloseButton">
    <failure type="java.lang.reflect.InvocationTargetException">
      <![CDATA[java.lang.reflect.InvocationTargetException
at com.PanaAutomation.Driver.DriverScript.executeKeywords(DriverScript.java:79)
at com.PanaMCAutomation.MC_Material_Function.MCID1094_MaterialFunction_SpliceWindowCloseButton.testB(MCID1094_MaterialFunction_SpliceWindowCloseButton.java:25)
at com.PanaAutomation.Base.runMC.main(runMC.java:28)
Caused by: java.lang.NullPointerException
at com.PanaAutomation.Keywords.GenericKeywords.takeScreenShot(GenericKeywords.java:1513)
at com.PanaAutomation.Keywords.GenericKeywords.reportFailure(GenericKeywords.java:1460)
at com.PanaAutomation.Keywords.GenericKeywords.openBrowser(GenericKeywords.java:158)
... 29 more
... Removed 26 stack frames]]>
    </failure>
  </testcase> <!-- testB -->
  <testcase name="testB" time="0.02" classname="com.PanaMCAutomation.MC_Material_Function.MCID1095_MaterialFunction_SpliceWindowSpliceButton">
    <failure type="java.lang.reflect.InvocationTargetException">
      <![CDATA[java.lang.reflect.InvocationTargetException
at com.PanaAutomation.Driver.DriverScript.executeKeywords(DriverScript.java:79)
at com.PanaMCAutomation.MC_Material_Function.MCID1095_MaterialFunction_SpliceWindowSpliceButton.testB(MCID1095_MaterialFunction_SpliceWindowSpliceButton.java:26)
at com.PanaAutomation.Base.runMC.main(runMC.java:28)
Caused by: java.lang.NullPointerException
at com.PanaAutomation.Keywords.GenericKeywords.takeScreenShot(GenericKeywords.java:1513)
at com.PanaAutomation.Keywords.GenericKeywords.reportFailure(GenericKeywords.java:1460)
at com.PanaAutomation.Keywords.GenericKeywords.openBrowser(GenericKeywords.java:158)
... 29 more
... Removed 26 stack frames]]>
    </failure>
  </testcase> <!-- testB -->
  <testcase name="testB" time="0.02" classname="com.PanaMCAutomation.MC_Material_Function.MCID1096_MaterialFunction_MaterialVerification">
    <failure type="java.lang.reflect.InvocationTargetException">
      <![CDATA[java.lang.reflect.InvocationTargetException
at com.PanaAutomation.Driver.DriverScript.executeKeywords(DriverScript.java:79)
at com.PanaMCAutomation.MC_Material_Function.MCID1096_MaterialFunction_MaterialVerification.testB(MCID1096_MaterialFunction_MaterialVerification.java:25)
at com.PanaAutomation.Base.runMC.main(runMC.java:28)
Caused by: java.lang.NullPointerException
at com.PanaAutomation.Keywords.GenericKeywords.takeScreenShot(GenericKeywords.java:1513)
at com.PanaAutomation.Keywords.GenericKeywords.reportFailure(GenericKeywords.java:1460)
at com.PanaAutomation.Keywords.GenericKeywords.openBrowser(GenericKeywords.java:158)
... 29 more
... Removed 26 stack frames]]>
    </failure>
  </testcase> <!-- testB -->
  <testcase name="testB" time="0.021" classname="com.PanaMCAutomation.MC_Material_Function.MCID1097_MaterialFunction_MaterialConsumption">
    <failure type="java.lang.reflect.InvocationTargetException">
      <![CDATA[java.lang.reflect.InvocationTargetException
at com.PanaAutomation.Driver.DriverScript.executeKeywords(DriverScript.java:79)
at com.PanaMCAutomation.MC_Material_Function.MCID1097_MaterialFunction_MaterialConsumption.testB(MCID1097_MaterialFunction_MaterialConsumption.java:25)
at com.PanaAutomation.Base.runMC.main(runMC.java:28)
Caused by: java.lang.NullPointerException
at com.PanaAutomation.Keywords.GenericKeywords.takeScreenShot(GenericKeywords.java:1513)
at com.PanaAutomation.Keywords.GenericKeywords.reportFailure(GenericKeywords.java:1460)
at com.PanaAutomation.Keywords.GenericKeywords.openBrowser(GenericKeywords.java:158)
... 29 more
... Removed 26 stack frames]]>
    </failure>
  </testcase> <!-- testB -->
  <testcase name="testB" time="0.012" classname="com.PanaMCAutomation.MC_Material_Function.MCID1098_MaterialFunction_SpliceRuntime">
    <failure type="java.lang.reflect.InvocationTargetException">
      <![CDATA[java.lang.reflect.InvocationTargetException
at com.PanaAutomation.Driver.DriverScript.executeKeywords(DriverScript.java:79)
at com.PanaMCAutomation.MC_Material_Function.MCID1098_MaterialFunction_SpliceRuntime.testB(MCID1098_MaterialFunction_SpliceRuntime.java:25)
at com.PanaAutomation.Base.runMC.main(runMC.java:28)
Caused by: java.lang.NullPointerException
at com.PanaAutomation.Keywords.GenericKeywords.takeScreenShot(GenericKeywords.java:1513)
at com.PanaAutomation.Keywords.GenericKeywords.reportFailure(GenericKeywords.java:1460)
at com.PanaAutomation.Keywords.GenericKeywords.openBrowser(GenericKeywords.java:158)
... 29 more
... Removed 26 stack frames]]>
    </failure>
  </testcase> <!-- testB -->
  <testcase name="testB" time="0.016" classname="com.PanaMCAutomation.MC_Material_Function.MCID1099_MaterialFunction_SpliceLocationA">
    <failure type="java.lang.reflect.InvocationTargetException">
      <![CDATA[java.lang.reflect.InvocationTargetException
at com.PanaAutomation.Driver.DriverScript.executeKeywords(DriverScript.java:79)
at com.PanaMCAutomation.MC_Material_Function.MCID1099_MaterialFunction_SpliceLocationA.testB(MCID1099_MaterialFunction_SpliceLocationA.java:25)
at com.PanaAutomation.Base.runMC.main(runMC.java:28)
Caused by: java.lang.NullPointerException
at com.PanaAutomation.Keywords.GenericKeywords.takeScreenShot(GenericKeywords.java:1513)
at com.PanaAutomation.Keywords.GenericKeywords.reportFailure(GenericKeywords.java:1460)
at com.PanaAutomation.Keywords.GenericKeywords.openBrowser(GenericKeywords.java:158)
... 29 more
... Removed 26 stack frames]]>
    </failure>
  </testcase> <!-- testB -->
  <testcase name="testB" time="0.01" classname="com.PanaMCAutomation.MC_Material_Function.MCID1100_MaterialFunction_SpliceLocationB">
    <failure type="java.lang.reflect.InvocationTargetException">
      <![CDATA[java.lang.reflect.InvocationTargetException
at com.PanaAutomation.Driver.DriverScript.executeKeywords(DriverScript.java:79)
at com.PanaMCAutomation.MC_Material_Function.MCID1100_MaterialFunction_SpliceLocationB.testB(MCID1100_MaterialFunction_SpliceLocationB.java:26)
at com.PanaAutomation.Base.runMC.main(runMC.java:28)
Caused by: java.lang.NullPointerException
at com.PanaAutomation.Keywords.GenericKeywords.takeScreenShot(GenericKeywords.java:1513)
at com.PanaAutomation.Keywords.GenericKeywords.reportFailure(GenericKeywords.java:1460)
at com.PanaAutomation.Keywords.GenericKeywords.openBrowser(GenericKeywords.java:158)
... 29 more
... Removed 26 stack frames]]>
    </failure>
  </testcase> <!-- testB -->
  <testcase name="testB" time="0.011" classname="com.PanaMCAutomation.MC_Material_Function.MCID1101_MaterialFunction_PropertiesButton">
    <failure type="java.lang.reflect.InvocationTargetException">
      <![CDATA[java.lang.reflect.InvocationTargetException
at com.PanaAutomation.Driver.DriverScript.executeKeywords(DriverScript.java:79)
at com.PanaMCAutomation.MC_Material_Function.MCID1101_MaterialFunction_PropertiesButton.testB(MCID1101_MaterialFunction_PropertiesButton.java:26)
at com.PanaAutomation.Base.runMC.main(runMC.java:28)
Caused by: java.lang.NullPointerException
at com.PanaAutomation.Keywords.GenericKeywords.takeScreenShot(GenericKeywords.java:1513)
at com.PanaAutomation.Keywords.GenericKeywords.reportFailure(GenericKeywords.java:1460)
at com.PanaAutomation.Keywords.GenericKeywords.openBrowser(GenericKeywords.java:158)
... 29 more
... Removed 26 stack frames]]>
    </failure>
  </testcase> <!-- testB -->
  <testcase name="testB" time="0.01" classname="com.PanaMCAutomation.MC_Material_Function.MCID1102_MaterialFunction_PropertiesEnableDisable">
    <failure type="java.lang.reflect.InvocationTargetException">
      <![CDATA[java.lang.reflect.InvocationTargetException
at com.PanaAutomation.Driver.DriverScript.executeKeywords(DriverScript.java:79)
at com.PanaMCAutomation.MC_Material_Function.MCID1102_MaterialFunction_PropertiesEnableDisable.testB(MCID1102_MaterialFunction_PropertiesEnableDisable.java:26)
at com.PanaAutomation.Base.runMC.main(runMC.java:28)
Caused by: java.lang.NullPointerException
at com.PanaAutomation.Keywords.GenericKeywords.takeScreenShot(GenericKeywords.java:1513)
at com.PanaAutomation.Keywords.GenericKeywords.reportFailure(GenericKeywords.java:1460)
at com.PanaAutomation.Keywords.GenericKeywords.openBrowser(GenericKeywords.java:158)
... 29 more
... Removed 26 stack frames]]>
    </failure>
  </testcase> <!-- testB -->
  <testcase name="testB" time="0.013" classname="com.PanaMCAutomation.MC_Material_Function.MCID1103_MaterialFunction_PropertiesWindow">
    <failure type="java.lang.reflect.InvocationTargetException">
      <![CDATA[java.lang.reflect.InvocationTargetException
at com.PanaAutomation.Driver.DriverScript.executeKeywords(DriverScript.java:79)
at com.PanaMCAutomation.MC_Material_Function.MCID1103_MaterialFunction_PropertiesWindow.testB(MCID1103_MaterialFunction_PropertiesWindow.java:25)
at com.PanaAutomation.Base.runMC.main(runMC.java:28)
Caused by: java.lang.NullPointerException
at com.PanaAutomation.Keywords.GenericKeywords.takeScreenShot(GenericKeywords.java:1513)
at com.PanaAutomation.Keywords.GenericKeywords.reportFailure(GenericKeywords.java:1460)
at com.PanaAutomation.Keywords.GenericKeywords.openBrowser(GenericKeywords.java:158)
... 29 more
... Removed 26 stack frames]]>
    </failure>
  </testcase> <!-- testB -->
  <testcase name="testB" time="0.01" classname="com.PanaMCAutomation.MC_Material_Function.MCID1104_MaterialFunction_PropertiesWindowCloseIcon">
    <failure type="java.lang.reflect.InvocationTargetException">
      <![CDATA[java.lang.reflect.InvocationTargetException
at com.PanaAutomation.Driver.DriverScript.executeKeywords(DriverScript.java:79)
at com.PanaMCAutomation.MC_Material_Function.MCID1104_MaterialFunction_PropertiesWindowCloseIcon.testB(MCID1104_MaterialFunction_PropertiesWindowCloseIcon.java:25)
at com.PanaAutomation.Base.runMC.main(runMC.java:28)
Caused by: java.lang.NullPointerException
at com.PanaAutomation.Keywords.GenericKeywords.takeScreenShot(GenericKeywords.java:1513)
at com.PanaAutomation.Keywords.GenericKeywords.reportFailure(GenericKeywords.java:1460)
at com.PanaAutomation.Keywords.GenericKeywords.openBrowser(GenericKeywords.java:158)
... 29 more
... Removed 26 stack frames]]>
    </failure>
  </testcase> <!-- testB -->
  <testcase name="testB" time="0.026" classname="com.PanaMCAutomation.MC_Material_Function.MCID1105_MaterialFunction_PropertiesWindowCloseButton">
    <failure type="java.lang.reflect.InvocationTargetException">
      <![CDATA[java.lang.reflect.InvocationTargetException
at com.PanaAutomation.Driver.DriverScript.executeKeywords(DriverScript.java:79)
at com.PanaMCAutomation.MC_Material_Function.MCID1105_MaterialFunction_PropertiesWindowCloseButton.testB(MCID1105_MaterialFunction_PropertiesWindowCloseButton.java:25)
at com.PanaAutomation.Base.runMC.main(runMC.java:28)
Caused by: java.lang.NullPointerException
at com.PanaAutomation.Keywords.GenericKeywords.takeScreenShot(GenericKeywords.java:1513)
at com.PanaAutomation.Keywords.GenericKeywords.reportFailure(GenericKeywords.java:1460)
at com.PanaAutomation.Keywords.GenericKeywords.openBrowser(GenericKeywords.java:158)
... 29 more
... Removed 26 stack frames]]>
    </failure>
  </testcase> <!-- testB -->
  <testcase name="testB" time="0.012" classname="com.PanaMCAutomation.MC_Material_Function.MCID1106_MaterialFunction_PropertiesWindowDetail">
    <failure type="java.lang.reflect.InvocationTargetException">
      <![CDATA[java.lang.reflect.InvocationTargetException
at com.PanaAutomation.Driver.DriverScript.executeKeywords(DriverScript.java:79)
at com.PanaMCAutomation.MC_Material_Function.MCID1106_MaterialFunction_PropertiesWindowDetail.testB(MCID1106_MaterialFunction_PropertiesWindowDetail.java:25)
at com.PanaAutomation.Base.runMC.main(runMC.java:28)
Caused by: java.lang.NullPointerException
at com.PanaAutomation.Keywords.GenericKeywords.takeScreenShot(GenericKeywords.java:1513)
at com.PanaAutomation.Keywords.GenericKeywords.reportFailure(GenericKeywords.java:1460)
at com.PanaAutomation.Keywords.GenericKeywords.openBrowser(GenericKeywords.java:158)
... 29 more
... Removed 26 stack frames]]>
    </failure>
  </testcase> <!-- testB -->
  <testcase name="testB" time="0.015" classname="com.PanaMCAutomation.MC_Material_Function.MCID1107_MaterialFunction_PropertiesSplicedDetails">
    <failure type="java.lang.reflect.InvocationTargetException">
      <![CDATA[java.lang.reflect.InvocationTargetException
at com.PanaAutomation.Driver.DriverScript.executeKeywords(DriverScript.java:79)
at com.PanaMCAutomation.MC_Material_Function.MCID1107_MaterialFunction_PropertiesSplicedDetails.testB(MCID1107_MaterialFunction_PropertiesSplicedDetails.java:25)
at com.PanaAutomation.Base.runMC.main(runMC.java:28)
Caused by: java.lang.NullPointerException
at com.PanaAutomation.Keywords.GenericKeywords.takeScreenShot(GenericKeywords.java:1513)
at com.PanaAutomation.Keywords.GenericKeywords.reportFailure(GenericKeywords.java:1460)
at com.PanaAutomation.Keywords.GenericKeywords.openBrowser(GenericKeywords.java:158)
... 29 more
... Removed 26 stack frames]]>
    </failure>
  </testcase> <!-- testB -->
  <testcase name="testB" time="0.221" classname="com.PanaMCAutomation.MC_Material_Function.MCID1108_MaterialFunction_PropertiesRefreshButton">
    <failure type="java.lang.reflect.InvocationTargetException">
      <![CDATA[java.lang.reflect.InvocationTargetException
at com.PanaAutomation.Driver.DriverScript.executeKeywords(DriverScript.java:79)
at com.PanaMCAutomation.MC_Material_Function.MCID1108_MaterialFunction_PropertiesRefreshButton.testB(MCID1108_MaterialFunction_PropertiesRefreshButton.java:25)
at com.PanaAutomation.Base.runMC.main(runMC.java:28)
Caused by: java.lang.NullPointerException
at com.PanaAutomation.Keywords.GenericKeywords.takeScreenShot(GenericKeywords.java:1513)
at com.PanaAutomation.Keywords.GenericKeywords.reportFailure(GenericKeywords.java:1460)
at com.PanaAutomation.Keywords.GenericKeywords.openBrowser(GenericKeywords.java:158)
... 29 more
... Removed 26 stack frames]]>
    </failure>
  </testcase> <!-- testB -->
  <testcase name="testB" time="0.201" classname="com.PanaMCAutomation.MC_Material_Function.MCID1109_MaterialFunction_PropertiesAddCart">
    <failure type="java.lang.reflect.InvocationTargetException">
      <![CDATA[java.lang.reflect.InvocationTargetException
at com.PanaAutomation.Driver.DriverScript.executeKeywords(DriverScript.java:79)
at com.PanaMCAutomation.MC_Material_Function.MCID1109_MaterialFunction_PropertiesAddCart.testB(MCID1109_MaterialFunction_PropertiesAddCart.java:25)
at com.PanaAutomation.Base.runMC.main(runMC.java:28)
Caused by: java.lang.NullPointerException
at com.PanaAutomation.Keywords.GenericKeywords.takeScreenShot(GenericKeywords.java:1513)
at com.PanaAutomation.Keywords.GenericKeywords.reportFailure(GenericKeywords.java:1460)
at com.PanaAutomation.Keywords.GenericKeywords.openBrowser(GenericKeywords.java:158)
... 29 more
... Removed 26 stack frames]]>
    </failure>
  </testcase> <!-- testB -->
  <testcase name="testB" time="0.016" classname="com.PanaMCAutomation.MC_Material_Function.MCID1115_MaterialFunction_AutoZeroButton">
    <failure type="java.lang.reflect.InvocationTargetException">
      <![CDATA[java.lang.reflect.InvocationTargetException
at com.PanaAutomation.Driver.DriverScript.executeKeywords(DriverScript.java:79)
at com.PanaMCAutomation.MC_Material_Function.MCID1115_MaterialFunction_AutoZeroButton.testB(MCID1115_MaterialFunction_AutoZeroButton.java:25)
at com.PanaAutomation.Base.runMC.main(runMC.java:28)
Caused by: java.lang.NullPointerException
at com.PanaAutomation.Keywords.GenericKeywords.takeScreenShot(GenericKeywords.java:1513)
at com.PanaAutomation.Keywords.GenericKeywords.reportFailure(GenericKeywords.java:1460)
at com.PanaAutomation.Keywords.GenericKeywords.openBrowser(GenericKeywords.java:158)
... 29 more
... Removed 26 stack frames]]>
    </failure>
  </testcase> <!-- testB -->
  <testcase name="testB" time="0.106" classname="com.PanaMCAutomation.MC_Material_Function.MCID1116_MaterialFunction_AutoZeroScanMaterialID">
    <failure type="java.lang.reflect.InvocationTargetException">
      <![CDATA[java.lang.reflect.InvocationTargetException
at com.PanaAutomation.Driver.DriverScript.executeKeywords(DriverScript.java:79)
at com.PanaMCAutomation.MC_Material_Function.MCID1116_MaterialFunction_AutoZeroScanMaterialID.testB(MCID1116_MaterialFunction_AutoZeroScanMaterialID.java:25)
at com.PanaAutomation.Base.runMC.main(runMC.java:28)
Caused by: java.lang.NullPointerException
at com.PanaAutomation.Keywords.GenericKeywords.takeScreenShot(GenericKeywords.java:1513)
at com.PanaAutomation.Keywords.GenericKeywords.reportFailure(GenericKeywords.java:1460)
at com.PanaAutomation.Keywords.GenericKeywords.openBrowser(GenericKeywords.java:158)
... 29 more
... Removed 26 stack frames]]>
    </failure>
  </testcase> <!-- testB -->
  <testcase name="testB" time="0.014" classname="com.PanaMCAutomation.MC_Material_Function.MCID1117_MaterialFunction_AutoZeroScanExhaustedMaterialID">
    <failure type="java.lang.reflect.InvocationTargetException">
      <![CDATA[java.lang.reflect.InvocationTargetException
at com.PanaAutomation.Driver.DriverScript.executeKeywords(DriverScript.java:79)
at com.PanaMCAutomation.MC_Material_Function.MCID1117_MaterialFunction_AutoZeroScanExhaustedMaterialID.testB(MCID1117_MaterialFunction_AutoZeroScanExhaustedMaterialID.java:25)
at com.PanaAutomation.Base.runMC.main(runMC.java:28)
Caused by: java.lang.NullPointerException
at com.PanaAutomation.Keywords.GenericKeywords.takeScreenShot(GenericKeywords.java:1513)
at com.PanaAutomation.Keywords.GenericKeywords.reportFailure(GenericKeywords.java:1460)
at com.PanaAutomation.Keywords.GenericKeywords.openBrowser(GenericKeywords.java:158)
... 29 more
... Removed 26 stack frames]]>
    </failure>
  </testcase> <!-- testB -->
  <testcase name="testB" time="0.433" classname="com.PanaMCAutomation.MC_Material_Function.MCID1191_MaterialFunction_SpliceAction">
    <failure type="java.lang.reflect.InvocationTargetException">
      <![CDATA[java.lang.reflect.InvocationTargetException
at com.PanaAutomation.Driver.DriverScript.executeKeywords(DriverScript.java:79)
at com.PanaMCAutomation.MC_Material_Function.MCID1191_MaterialFunction_SpliceAction.testB(MCID1191_MaterialFunction_SpliceAction.java:25)
at com.PanaAutomation.Base.runMC.main(runMC.java:28)
Caused by: java.lang.NullPointerException
at com.PanaAutomation.Keywords.GenericKeywords.takeScreenShot(GenericKeywords.java:1513)
at com.PanaAutomation.Keywords.GenericKeywords.reportFailure(GenericKeywords.java:1460)
at com.PanaAutomation.Keywords.GenericKeywords.openBrowser(GenericKeywords.java:158)
... 29 more
... Removed 26 stack frames]]>
    </failure>
  </testcase> <!-- testB -->
  <testcase name="testB" time="0.418" classname="com.PanaMCAutomation.MC_Material_Function.MCID1192_MaterialFunction_SpliceActionDifferentPart">
    <failure type="java.lang.reflect.InvocationTargetException">
      <![CDATA[java.lang.reflect.InvocationTargetException
at com.PanaAutomation.Driver.DriverScript.executeKeywords(DriverScript.java:79)
at com.PanaMCAutomation.MC_Material_Function.MCID1192_MaterialFunction_SpliceActionDifferentPart.testB(MCID1192_MaterialFunction_SpliceActionDifferentPart.java:25)
at com.PanaAutomation.Base.runMC.main(runMC.java:28)
Caused by: java.lang.NullPointerException
at com.PanaAutomation.Keywords.GenericKeywords.takeScreenShot(GenericKeywords.java:1513)
at com.PanaAutomation.Keywords.GenericKeywords.reportFailure(GenericKeywords.java:1460)
at com.PanaAutomation.Keywords.GenericKeywords.openBrowser(GenericKeywords.java:158)
... 29 more
... Removed 26 stack frames]]>
    </failure>
  </testcase> <!-- testB -->
  <testcase name="testB" time="0.072" classname="com.PanaMCAutomation.MC_Material_Function.MCID1193_MaterialFunction_AfterSpliceCheckMV">
    <failure type="java.lang.reflect.InvocationTargetException">
      <![CDATA[java.lang.reflect.InvocationTargetException
at com.PanaAutomation.Driver.DriverScript.executeKeywords(DriverScript.java:79)
at com.PanaMCAutomation.MC_Material_Function.MCID1193_MaterialFunction_AfterSpliceCheckMV.testB(MCID1193_MaterialFunction_AfterSpliceCheckMV.java:25)
at com.PanaAutomation.Base.runMC.main(runMC.java:28)
Caused by: java.lang.NullPointerException
at com.PanaAutomation.Keywords.GenericKeywords.takeScreenShot(GenericKeywords.java:1513)
at com.PanaAutomation.Keywords.GenericKeywords.reportFailure(GenericKeywords.java:1460)
at com.PanaAutomation.Keywords.GenericKeywords.openBrowser(GenericKeywords.java:158)
... 29 more
... Removed 26 stack frames]]>
    </failure>
  </testcase> <!-- testB -->
  <testcase name="testB" time="0.3" classname="com.PanaMCAutomation.MC_Material_Function.MCID1194_MaterialFunction_AfterSpliceCheckCM">
    <failure type="java.lang.reflect.InvocationTargetException">
      <![CDATA[java.lang.reflect.InvocationTargetException
at com.PanaAutomation.Driver.DriverScript.executeKeywords(DriverScript.java:79)
at com.PanaMCAutomation.MC_Material_Function.MCID1194_MaterialFunction_AfterSpliceCheckCM.testB(MCID1194_MaterialFunction_AfterSpliceCheckCM.java:25)
at com.PanaAutomation.Base.runMC.main(runMC.java:28)
Caused by: java.lang.NullPointerException
at com.PanaAutomation.Keywords.GenericKeywords.takeScreenShot(GenericKeywords.java:1513)
at com.PanaAutomation.Keywords.GenericKeywords.reportFailure(GenericKeywords.java:1460)
at com.PanaAutomation.Keywords.GenericKeywords.openBrowser(GenericKeywords.java:158)
... 29 more
... Removed 26 stack frames]]>
    </failure>
  </testcase> <!-- testB -->
  <testcase name="testB" time="0.356" classname="com.PanaMCAutomation.MC_Material_Function.MCID1195_MaterialFunction_UnSpliceAction">
    <failure type="java.lang.reflect.InvocationTargetException">
      <![CDATA[java.lang.reflect.InvocationTargetException
at com.PanaAutomation.Driver.DriverScript.executeKeywords(DriverScript.java:79)
at com.PanaMCAutomation.MC_Material_Function.MCID1195_MaterialFunction_UnSpliceAction.testB(MCID1195_MaterialFunction_UnSpliceAction.java:25)
at com.PanaAutomation.Base.runMC.main(runMC.java:28)
Caused by: java.lang.NullPointerException
at com.PanaAutomation.Keywords.GenericKeywords.takeScreenShot(GenericKeywords.java:1513)
at com.PanaAutomation.Keywords.GenericKeywords.reportFailure(GenericKeywords.java:1460)
at com.PanaAutomation.Keywords.GenericKeywords.openBrowser(GenericKeywords.java:158)
... 29 more
... Removed 26 stack frames]]>
    </failure>
  </testcase> <!-- testB -->
  <testcase name="testB" time="0.442" classname="com.PanaMCAutomation.MC_Material_Function.MCID1196_MaterialFunction_AfterUnSpliceCheckMV">
    <failure type="java.lang.reflect.InvocationTargetException">
      <![CDATA[java.lang.reflect.InvocationTargetException
at com.PanaAutomation.Driver.DriverScript.executeKeywords(DriverScript.java:79)
at com.PanaMCAutomation.MC_Material_Function.MCID1196_MaterialFunction_AfterUnSpliceCheckMV.testB(MCID1196_MaterialFunction_AfterUnSpliceCheckMV.java:25)
at com.PanaAutomation.Base.runMC.main(runMC.java:28)
Caused by: java.lang.NullPointerException
at com.PanaAutomation.Keywords.GenericKeywords.takeScreenShot(GenericKeywords.java:1513)
at com.PanaAutomation.Keywords.GenericKeywords.reportFailure(GenericKeywords.java:1460)
at com.PanaAutomation.Keywords.GenericKeywords.openBrowser(GenericKeywords.java:158)
... 29 more
... Removed 26 stack frames]]>
    </failure>
  </testcase> <!-- testB -->
  <testcase name="testB" time="0.395" classname="com.PanaMCAutomation.MC_Material_Function.MCID1197_MaterialFunction_AfterUnSpliceCheckCM">
    <failure type="java.lang.reflect.InvocationTargetException">
      <![CDATA[java.lang.reflect.InvocationTargetException
at com.PanaAutomation.Driver.DriverScript.executeKeywords(DriverScript.java:79)
at com.PanaMCAutomation.MC_Material_Function.MCID1197_MaterialFunction_AfterUnSpliceCheckCM.testB(MCID1197_MaterialFunction_AfterUnSpliceCheckCM.java:25)
at com.PanaAutomation.Base.runMC.main(runMC.java:28)
Caused by: java.lang.NullPointerException
at com.PanaAutomation.Keywords.GenericKeywords.takeScreenShot(GenericKeywords.java:1513)
at com.PanaAutomation.Keywords.GenericKeywords.reportFailure(GenericKeywords.java:1460)
at com.PanaAutomation.Keywords.GenericKeywords.openBrowser(GenericKeywords.java:158)
... 29 more
... Removed 26 stack frames]]>
    </failure>
  </testcase> <!-- testB -->
  <testcase name="testB" time="0.431" classname="com.PanaMCAutomation.MC_Material_Function.MCID1198_MaterialFunction_ConsumeAdjustAutoZero">
    <failure type="java.lang.reflect.InvocationTargetException">
      <![CDATA[java.lang.reflect.InvocationTargetException
at com.PanaAutomation.Driver.DriverScript.executeKeywords(DriverScript.java:79)
at com.PanaMCAutomation.MC_Material_Function.MCID1198_MaterialFunction_ConsumeAdjustAutoZero.testB(MCID1198_MaterialFunction_ConsumeAdjustAutoZero.java:25)
at com.PanaAutomation.Base.runMC.main(runMC.java:28)
Caused by: java.lang.NullPointerException
at com.PanaAutomation.Keywords.GenericKeywords.takeScreenShot(GenericKeywords.java:1513)
at com.PanaAutomation.Keywords.GenericKeywords.reportFailure(GenericKeywords.java:1460)
at com.PanaAutomation.Keywords.GenericKeywords.openBrowser(GenericKeywords.java:158)
... 29 more
... Removed 26 stack frames]]>
    </failure>
  </testcase> <!-- testB -->
  <testcase name="testB" time="0.389" classname="com.PanaMCAutomation.MC_Material_Function.MCID1199_MaterialFunction_SpliceHoldScarpMaterial">
    <failure type="java.lang.reflect.InvocationTargetException">
      <![CDATA[java.lang.reflect.InvocationTargetException
at com.PanaAutomation.Driver.DriverScript.executeKeywords(DriverScript.java:79)
at com.PanaMCAutomation.MC_Material_Function.MCID1199_MaterialFunction_SpliceHoldScarpMaterial.testB(MCID1199_MaterialFunction_SpliceHoldScarpMaterial.java:25)
at com.PanaAutomation.Base.runMC.main(runMC.java:28)
Caused by: java.lang.NullPointerException
at com.PanaAutomation.Keywords.GenericKeywords.takeScreenShot(GenericKeywords.java:1513)
at com.PanaAutomation.Keywords.GenericKeywords.reportFailure(GenericKeywords.java:1460)
at com.PanaAutomation.Keywords.GenericKeywords.openBrowser(GenericKeywords.java:158)
... 29 more
... Removed 26 stack frames]]>
    </failure>
  </testcase> <!-- testB -->
  <testcase name="testB" time="0.56" classname="com.PanaMCAutomation.MC_Material_Function.MCID1199_MaterialFunction_SpliceHoldScarpMaterial">
    <failure type="java.lang.reflect.InvocationTargetException">
      <![CDATA[java.lang.reflect.InvocationTargetException
at com.PanaAutomation.Driver.DriverScript.executeKeywords(DriverScript.java:79)
at com.PanaMCAutomation.MC_Material_Function.MCID1199_MaterialFunction_SpliceHoldScarpMaterial.testB(MCID1199_MaterialFunction_SpliceHoldScarpMaterial.java:25)
at com.PanaAutomation.Base.runMC.main(runMC.java:28)
Caused by: java.lang.NullPointerException
at com.PanaAutomation.Keywords.GenericKeywords.takeScreenShot(GenericKeywords.java:1513)
at com.PanaAutomation.Keywords.GenericKeywords.reportFailure(GenericKeywords.java:1460)
at com.PanaAutomation.Keywords.GenericKeywords.openBrowser(GenericKeywords.java:158)
... 29 more
... Removed 26 stack frames]]>
    </failure>
  </testcase> <!-- testB -->
  <testcase name="testB" time="0.174" classname="com.PanaMCAutomation.MC_Material_Function.MCID1200_MaterialFunction_SpliceMove">
    <failure type="java.lang.reflect.InvocationTargetException">
      <![CDATA[java.lang.reflect.InvocationTargetException
at com.PanaAutomation.Driver.DriverScript.executeKeywords(DriverScript.java:79)
at com.PanaMCAutomation.MC_Material_Function.MCID1200_MaterialFunction_SpliceMove.testB(MCID1200_MaterialFunction_SpliceMove.java:25)
at com.PanaAutomation.Base.runMC.main(runMC.java:28)
Caused by: java.lang.NullPointerException
at com.PanaAutomation.Keywords.GenericKeywords.takeScreenShot(GenericKeywords.java:1513)
at com.PanaAutomation.Keywords.GenericKeywords.reportFailure(GenericKeywords.java:1460)
at com.PanaAutomation.Keywords.GenericKeywords.openBrowser(GenericKeywords.java:158)
... 29 more
... Removed 26 stack frames]]>
    </failure>
  </testcase> <!-- testB -->
  <testcase name="testB" time="0.034" classname="com.PanaMCAutomation.MC_Material_Function.MCID1201_MaterialFunction_SpliceHold">
    <failure type="java.lang.reflect.InvocationTargetException">
      <![CDATA[java.lang.reflect.InvocationTargetException
at com.PanaAutomation.Driver.DriverScript.executeKeywords(DriverScript.java:79)
at com.PanaMCAutomation.MC_Material_Function.MCID1201_MaterialFunction_SpliceHold.testB(MCID1201_MaterialFunction_SpliceHold.java:25)
at com.PanaAutomation.Base.runMC.main(runMC.java:28)
Caused by: java.lang.NullPointerException
at com.PanaAutomation.Keywords.GenericKeywords.takeScreenShot(GenericKeywords.java:1513)
at com.PanaAutomation.Keywords.GenericKeywords.reportFailure(GenericKeywords.java:1460)
at com.PanaAutomation.Keywords.GenericKeywords.openBrowser(GenericKeywords.java:158)
... 29 more
... Removed 26 stack frames]]>
    </failure>
  </testcase> <!-- testB -->
  <testcase name="testB" time="0.431" classname="com.PanaMCAutomation.MC_Material_Function.MCID1202_MaterialFunction_SpliceScarp">
    <failure type="java.lang.reflect.InvocationTargetException">
      <![CDATA[java.lang.reflect.InvocationTargetException
at com.PanaAutomation.Driver.DriverScript.executeKeywords(DriverScript.java:79)
at com.PanaMCAutomation.MC_Material_Function.MCID1202_MaterialFunction_SpliceScarp.testB(MCID1202_MaterialFunction_SpliceScarp.java:25)
at com.PanaAutomation.Base.runMC.main(runMC.java:28)
Caused by: java.lang.NullPointerException
at com.PanaAutomation.Keywords.GenericKeywords.takeScreenShot(GenericKeywords.java:1513)
at com.PanaAutomation.Keywords.GenericKeywords.reportFailure(GenericKeywords.java:1460)
at com.PanaAutomation.Keywords.GenericKeywords.openBrowser(GenericKeywords.java:158)
... 29 more
... Removed 26 stack frames]]>
    </failure>
  </testcase> <!-- testB -->
  <testcase name="testB" time="0.436" classname="com.PanaMCAutomation.MC_Material_Function.MCID1203_MaterialFunction_SpliceRestrictToOnePart">
    <failure type="java.lang.reflect.InvocationTargetException">
      <![CDATA[java.lang.reflect.InvocationTargetException
at com.PanaAutomation.Driver.DriverScript.executeKeywords(DriverScript.java:79)
at com.PanaMCAutomation.MC_Material_Function.MCID1203_MaterialFunction_SpliceRestrictToOnePart.testB(MCID1203_MaterialFunction_SpliceRestrictToOnePart.java:25)
at com.PanaAutomation.Base.runMC.main(runMC.java:28)
Caused by: java.lang.NullPointerException
at com.PanaAutomation.Keywords.GenericKeywords.takeScreenShot(GenericKeywords.java:1513)
at com.PanaAutomation.Keywords.GenericKeywords.reportFailure(GenericKeywords.java:1460)
at com.PanaAutomation.Keywords.GenericKeywords.openBrowser(GenericKeywords.java:158)
... 29 more
... Removed 26 stack frames]]>
    </failure>
  </testcase> <!-- testB -->
  <testcase name="testB" time="0.026" classname="com.PanaMCAutomation.MC_Material_Function.MCID1434_MaterialFunction_ReceiveButton">
    <failure type="java.lang.reflect.InvocationTargetException">
      <![CDATA[java.lang.reflect.InvocationTargetException
at com.PanaAutomation.Driver.DriverScript.executeKeywords(DriverScript.java:79)
at com.PanaMCAutomation.MC_Material_Function.MCID1434_MaterialFunction_ReceiveButton.testB(MCID1434_MaterialFunction_ReceiveButton.java:25)
at com.PanaAutomation.Base.runMC.main(runMC.java:28)
Caused by: java.lang.NullPointerException
at com.PanaAutomation.Keywords.GenericKeywords.takeScreenShot(GenericKeywords.java:1513)
at com.PanaAutomation.Keywords.GenericKeywords.reportFailure(GenericKeywords.java:1460)
at com.PanaAutomation.Keywords.GenericKeywords.openBrowser(GenericKeywords.java:158)
... 29 more
... Removed 26 stack frames]]>
    </failure>
  </testcase> <!-- testB -->
  <testcase name="testB" time="0.264" classname="com.PanaMCAutomation.MC_Material_Function.MCID1517_MaterialFunction_ReceiveWindow">
    <failure type="java.lang.reflect.InvocationTargetException">
      <![CDATA[java.lang.reflect.InvocationTargetException
at com.PanaAutomation.Driver.DriverScript.executeKeywords(DriverScript.java:79)
at com.PanaMCAutomation.MC_Material_Function.MCID1517_MaterialFunction_ReceiveWindow.testB(MCID1517_MaterialFunction_ReceiveWindow.java:25)
at com.PanaAutomation.Base.runMC.main(runMC.java:28)
Caused by: java.lang.NullPointerException
at com.PanaAutomation.Keywords.GenericKeywords.takeScreenShot(GenericKeywords.java:1513)
at com.PanaAutomation.Keywords.GenericKeywords.reportFailure(GenericKeywords.java:1460)
at com.PanaAutomation.Keywords.GenericKeywords.openBrowser(GenericKeywords.java:158)
... 29 more
... Removed 26 stack frames]]>
    </failure>
  </testcase> <!-- testB -->
  <testcase name="testB" time="0.304" classname="com.PanaMCAutomation.MC_Material_Function.MCID1518_MaterialFunction_ReceiveScanEnter">
    <failure type="java.lang.reflect.InvocationTargetException">
      <![CDATA[java.lang.reflect.InvocationTargetException
at com.PanaAutomation.Driver.DriverScript.executeKeywords(DriverScript.java:79)
at com.PanaMCAutomation.MC_Material_Function.MCID1518_MaterialFunction_ReceiveScanEnter.testB(MCID1518_MaterialFunction_ReceiveScanEnter.java:25)
at com.PanaAutomation.Base.runMC.main(runMC.java:28)
Caused by: java.lang.NullPointerException
at com.PanaAutomation.Keywords.GenericKeywords.takeScreenShot(GenericKeywords.java:1513)
at com.PanaAutomation.Keywords.GenericKeywords.reportFailure(GenericKeywords.java:1460)
at com.PanaAutomation.Keywords.GenericKeywords.openBrowser(GenericKeywords.java:158)
... 29 more
... Removed 26 stack frames]]>
    </failure>
  </testcase> <!-- testB -->
  <testcase name="testB" time="0.281" classname="com.PanaMCAutomation.MC_Material_Function.MCID1519_MaterialFunction_ReceivePrintQueue">
    <failure type="java.lang.reflect.InvocationTargetException">
      <![CDATA[java.lang.reflect.InvocationTargetException
at com.PanaAutomation.Driver.DriverScript.executeKeywords(DriverScript.java:79)
at com.PanaMCAutomation.MC_Material_Function.MCID1519_MaterialFunction_ReceivePrintQueue.testB(MCID1519_MaterialFunction_ReceivePrintQueue.java:25)
at com.PanaAutomation.Base.runMC.main(runMC.java:28)
Caused by: java.lang.NullPointerException
at com.PanaAutomation.Keywords.GenericKeywords.takeScreenShot(GenericKeywords.java:1513)
at com.PanaAutomation.Keywords.GenericKeywords.reportFailure(GenericKeywords.java:1460)
at com.PanaAutomation.Keywords.GenericKeywords.openBrowser(GenericKeywords.java:158)
... 29 more
... Removed 26 stack frames]]>
    </failure>
  </testcase> <!-- testB -->
  <testcase name="testB" time="0.296" classname="com.PanaMCAutomation.MC_Material_Function.MCID1520_MaterialFunction_ReceiveClearCompletedRows">
    <failure type="java.lang.reflect.InvocationTargetException">
      <![CDATA[java.lang.reflect.InvocationTargetException
at com.PanaAutomation.Driver.DriverScript.executeKeywords(DriverScript.java:79)
at com.PanaMCAutomation.MC_Material_Function.MCID1520_MaterialFunction_ReceiveClearCompletedRows.testB(MCID1520_MaterialFunction_ReceiveClearCompletedRows.java:25)
at com.PanaAutomation.Base.runMC.main(runMC.java:28)
Caused by: java.lang.NullPointerException
at com.PanaAutomation.Keywords.GenericKeywords.takeScreenShot(GenericKeywords.java:1513)
at com.PanaAutomation.Keywords.GenericKeywords.reportFailure(GenericKeywords.java:1460)
at com.PanaAutomation.Keywords.GenericKeywords.openBrowser(GenericKeywords.java:158)
... 29 more
... Removed 26 stack frames]]>
    </failure>
  </testcase> <!-- testB -->
  <testcase name="testB" time="0.48" classname="com.PanaMCAutomation.MC_Material_Function.MCID1521_MaterialFunction_ReceivePauseAllPrinting">
    <failure type="java.lang.reflect.InvocationTargetException">
      <![CDATA[java.lang.reflect.InvocationTargetException
at com.PanaAutomation.Driver.DriverScript.executeKeywords(DriverScript.java:79)
at com.PanaMCAutomation.MC_Material_Function.MCID1521_MaterialFunction_ReceivePauseAllPrinting.testB(MCID1521_MaterialFunction_ReceivePauseAllPrinting.java:25)
at com.PanaAutomation.Base.runMC.main(runMC.java:28)
Caused by: java.lang.NullPointerException
at com.PanaAutomation.Keywords.GenericKeywords.takeScreenShot(GenericKeywords.java:1513)
at com.PanaAutomation.Keywords.GenericKeywords.reportFailure(GenericKeywords.java:1460)
at com.PanaAutomation.Keywords.GenericKeywords.openBrowser(GenericKeywords.java:158)
... 29 more
... Removed 26 stack frames]]>
    </failure>
  </testcase> <!-- testB -->
  <testcase name="testB" time="0.015" classname="com.PanaMCAutomation.MC_Material_Function.MCID1523_MaterialFunction_ReceiveRetryReprintAllPrinting">
    <failure type="java.lang.reflect.InvocationTargetException">
      <![CDATA[java.lang.reflect.InvocationTargetException
at com.PanaAutomation.Driver.DriverScript.executeKeywords(DriverScript.java:79)
at com.PanaMCAutomation.MC_Material_Function.MCID1523_MaterialFunction_ReceiveRetryReprintAllPrinting.testB(MCID1523_MaterialFunction_ReceiveRetryReprintAllPrinting.java:25)
at com.PanaAutomation.Base.runMC.main(runMC.java:28)
Caused by: java.lang.NullPointerException
at com.PanaAutomation.Keywords.GenericKeywords.takeScreenShot(GenericKeywords.java:1513)
at com.PanaAutomation.Keywords.GenericKeywords.reportFailure(GenericKeywords.java:1460)
at com.PanaAutomation.Keywords.GenericKeywords.openBrowser(GenericKeywords.java:158)
... 29 more
... Removed 26 stack frames]]>
    </failure>
  </testcase> <!-- testB -->
  <testcase name="testB" time="0.421" classname="com.PanaMCAutomation.MC_Material_Function.MCID1522_MaterialFunction_ReceiveDeleteAllPrinting">
    <failure type="java.lang.reflect.InvocationTargetException">
      <![CDATA[java.lang.reflect.InvocationTargetException
at com.PanaAutomation.Driver.DriverScript.executeKeywords(DriverScript.java:79)
at com.PanaMCAutomation.MC_Material_Function.MCID1522_MaterialFunction_ReceiveDeleteAllPrinting.testB(MCID1522_MaterialFunction_ReceiveDeleteAllPrinting.java:25)
at com.PanaAutomation.Base.runMC.main(runMC.java:28)
Caused by: java.lang.NullPointerException
at com.PanaAutomation.Keywords.GenericKeywords.takeScreenShot(GenericKeywords.java:1513)
at com.PanaAutomation.Keywords.GenericKeywords.reportFailure(GenericKeywords.java:1460)
at com.PanaAutomation.Keywords.GenericKeywords.openBrowser(GenericKeywords.java:158)
... 29 more
... Removed 26 stack frames]]>
    </failure>
  </testcase> <!-- testB -->
  <testcase name="testB" time="0.015" classname="com.PanaMCAutomation.MC_Material_Function.MCID1524_MaterialFunction_ReceiveSaveButton">
    <failure type="java.lang.reflect.InvocationTargetException">
      <![CDATA[java.lang.reflect.InvocationTargetException
at com.PanaAutomation.Driver.DriverScript.executeKeywords(DriverScript.java:79)
at com.PanaMCAutomation.MC_Material_Function.MCID1524_MaterialFunction_ReceiveSaveButton.testB(MCID1524_MaterialFunction_ReceiveSaveButton.java:25)
at com.PanaAutomation.Base.runMC.main(runMC.java:28)
Caused by: java.lang.NullPointerException
at com.PanaAutomation.Keywords.GenericKeywords.takeScreenShot(GenericKeywords.java:1513)
at com.PanaAutomation.Keywords.GenericKeywords.reportFailure(GenericKeywords.java:1460)
at com.PanaAutomation.Keywords.GenericKeywords.openBrowser(GenericKeywords.java:158)
... 29 more
... Removed 26 stack frames]]>
    </failure>
  </testcase> <!-- testB -->
  <testcase name="testB" time="0.015" classname="com.PanaMCAutomation.MC_Material_Function.MCID1444_MaterialFunction_AdjustButton">
    <failure type="java.lang.reflect.InvocationTargetException">
      <![CDATA[java.lang.reflect.InvocationTargetException
at com.PanaAutomation.Driver.DriverScript.executeKeywords(DriverScript.java:79)
at com.PanaMCAutomation.MC_Material_Function.MCID1444_MaterialFunction_AdjustButton.testB(MCID1444_MaterialFunction_AdjustButton.java:25)
at com.PanaAutomation.Base.runMC.main(runMC.java:28)
Caused by: java.lang.NullPointerException
at com.PanaAutomation.Keywords.GenericKeywords.takeScreenShot(GenericKeywords.java:1513)
at com.PanaAutomation.Keywords.GenericKeywords.reportFailure(GenericKeywords.java:1460)
at com.PanaAutomation.Keywords.GenericKeywords.openBrowser(GenericKeywords.java:158)
... 29 more
... Removed 26 stack frames]]>
    </failure>
  </testcase> <!-- testB -->
  <testcase name="testB" time="0.012" classname="com.PanaMCAutomation.MC_Material_Function.MCID1445_MaterialFunction_AdjustQuantity">
    <failure type="java.lang.reflect.InvocationTargetException">
      <![CDATA[java.lang.reflect.InvocationTargetException
at com.PanaAutomation.Driver.DriverScript.executeKeywords(DriverScript.java:79)
at com.PanaMCAutomation.MC_Material_Function.MCID1445_MaterialFunction_AdjustQuantity.testB(MCID1445_MaterialFunction_AdjustQuantity.java:25)
at com.PanaAutomation.Base.runMC.main(runMC.java:28)
Caused by: java.lang.NullPointerException
at com.PanaAutomation.Keywords.GenericKeywords.takeScreenShot(GenericKeywords.java:1513)
at com.PanaAutomation.Keywords.GenericKeywords.reportFailure(GenericKeywords.java:1460)
at com.PanaAutomation.Keywords.GenericKeywords.openBrowser(GenericKeywords.java:158)
... 29 more
... Removed 26 stack frames]]>
    </failure>
  </testcase> <!-- testB -->
  <testcase name="testB" time="0.016" classname="com.PanaMCAutomation.MC_Material_Function.MCID1446_MaterialFunction_AdjustUsePart">
    <failure type="java.lang.reflect.InvocationTargetException">
      <![CDATA[java.lang.reflect.InvocationTargetException
at com.PanaAutomation.Driver.DriverScript.executeKeywords(DriverScript.java:79)
at com.PanaMCAutomation.MC_Material_Function.MCID1446_MaterialFunction_AdjustUsePart.testB(MCID1446_MaterialFunction_AdjustUsePart.java:25)
at com.PanaAutomation.Base.runMC.main(runMC.java:28)
Caused by: java.lang.NullPointerException
at com.PanaAutomation.Keywords.GenericKeywords.takeScreenShot(GenericKeywords.java:1513)
at com.PanaAutomation.Keywords.GenericKeywords.reportFailure(GenericKeywords.java:1460)
at com.PanaAutomation.Keywords.GenericKeywords.openBrowser(GenericKeywords.java:158)
... 29 more
... Removed 26 stack frames]]>
    </failure>
  </testcase> <!-- testB -->
  <testcase name="testB" time="0.014" classname="com.PanaMCAutomation.MC_Material_Function.MCID1447_MaterialFunction_SplitNonMCPart">
    <failure type="java.lang.reflect.InvocationTargetException">
      <![CDATA[java.lang.reflect.InvocationTargetException
at com.PanaAutomation.Driver.DriverScript.executeKeywords(DriverScript.java:79)
at com.PanaMCAutomation.MC_Material_Function.MCID1447_MaterialFunction_SplitNonMCPart.testB(MCID1447_MaterialFunction_SplitNonMCPart.java:25)
at com.PanaAutomation.Base.runMC.main(runMC.java:28)
Caused by: java.lang.NullPointerException
at com.PanaAutomation.Keywords.GenericKeywords.takeScreenShot(GenericKeywords.java:1513)
at com.PanaAutomation.Keywords.GenericKeywords.reportFailure(GenericKeywords.java:1460)
at com.PanaAutomation.Keywords.GenericKeywords.openBrowser(GenericKeywords.java:158)
... 29 more
... Removed 26 stack frames]]>
    </failure>
  </testcase> <!-- testB -->
  <testcase name="testB" time="0.013" classname="com.PanaMCAutomation.MC_Material_Function.MCID1448_MaterialFunction_SplitMCPart">
    <failure type="java.lang.reflect.InvocationTargetException">
      <![CDATA[java.lang.reflect.InvocationTargetException
at com.PanaAutomation.Driver.DriverScript.executeKeywords(DriverScript.java:79)
at com.PanaMCAutomation.MC_Material_Function.MCID1448_MaterialFunction_SplitMCPart.testB(MCID1448_MaterialFunction_SplitMCPart.java:25)
at com.PanaAutomation.Base.runMC.main(runMC.java:28)
Caused by: java.lang.NullPointerException
at com.PanaAutomation.Keywords.GenericKeywords.takeScreenShot(GenericKeywords.java:1513)
at com.PanaAutomation.Keywords.GenericKeywords.reportFailure(GenericKeywords.java:1460)
at com.PanaAutomation.Keywords.GenericKeywords.openBrowser(GenericKeywords.java:158)
... 29 more
... Removed 26 stack frames]]>
    </failure>
  </testcase> <!-- testB -->
  <testcase name="testB" time="0.017" classname="com.PanaMCAutomation.MC_Material_Function.MCID1449_MaterialFunction_SplitActionPass">
    <failure type="java.lang.reflect.InvocationTargetException">
      <![CDATA[java.lang.reflect.InvocationTargetException
at com.PanaAutomation.Driver.DriverScript.executeKeywords(DriverScript.java:79)
at com.PanaMCAutomation.MC_Material_Function.MCID1449_MaterialFunction_SplitActionPass.testB(MCID1449_MaterialFunction_SplitActionPass.java:25)
at com.PanaAutomation.Base.runMC.main(runMC.java:28)
Caused by: java.lang.NullPointerException
at com.PanaAutomation.Keywords.GenericKeywords.takeScreenShot(GenericKeywords.java:1513)
at com.PanaAutomation.Keywords.GenericKeywords.reportFailure(GenericKeywords.java:1460)
at com.PanaAutomation.Keywords.GenericKeywords.openBrowser(GenericKeywords.java:158)
... 29 more
... Removed 26 stack frames]]>
    </failure>
  </testcase> <!-- testB -->
  <testcase name="testB" time="0.02" classname="com.PanaMCAutomation.MC_Material_Function.MCID1450_MaterialFunction_SplitActionFail">
    <failure type="java.lang.reflect.InvocationTargetException">
      <![CDATA[java.lang.reflect.InvocationTargetException
at com.PanaAutomation.Driver.DriverScript.executeKeywords(DriverScript.java:79)
at com.PanaMCAutomation.MC_Material_Function.MCID1450_MaterialFunction_SplitActionFail.testB(MCID1450_MaterialFunction_SplitActionFail.java:25)
at com.PanaAutomation.Base.runMC.main(runMC.java:28)
Caused by: java.lang.NullPointerException
at com.PanaAutomation.Keywords.GenericKeywords.takeScreenShot(GenericKeywords.java:1513)
at com.PanaAutomation.Keywords.GenericKeywords.reportFailure(GenericKeywords.java:1460)
at com.PanaAutomation.Keywords.GenericKeywords.openBrowser(GenericKeywords.java:158)
... 29 more
... Removed 26 stack frames]]>
    </failure>
  </testcase> <!-- testB -->
  <testcase name="testB" time="0.025" classname="com.PanaMCAutomation.MC_Material_Function.MCID1451_MaterialFunction_SpliceNonMCPart">
    <failure type="java.lang.reflect.InvocationTargetException">
      <![CDATA[java.lang.reflect.InvocationTargetException
at com.PanaAutomation.Driver.DriverScript.executeKeywords(DriverScript.java:79)
at com.PanaMCAutomation.MC_Material_Function.MCID1451_MaterialFunction_SpliceNonMCPart.testB(MCID1451_MaterialFunction_SpliceNonMCPart.java:25)
at com.PanaAutomation.Base.runMC.main(runMC.java:28)
Caused by: java.lang.NullPointerException
at com.PanaAutomation.Keywords.GenericKeywords.takeScreenShot(GenericKeywords.java:1513)
at com.PanaAutomation.Keywords.GenericKeywords.reportFailure(GenericKeywords.java:1460)
at com.PanaAutomation.Keywords.GenericKeywords.openBrowser(GenericKeywords.java:158)
... 29 more
... Removed 26 stack frames]]>
    </failure>
  </testcase> <!-- testB -->
  <testcase name="testB" time="0.022" classname="com.PanaMCAutomation.MC_Material_Function.MCID1452_MaterialFunction_SpliceMCPart">
    <failure type="java.lang.reflect.InvocationTargetException">
      <![CDATA[java.lang.reflect.InvocationTargetException
at com.PanaAutomation.Driver.DriverScript.executeKeywords(DriverScript.java:79)
at com.PanaMCAutomation.MC_Material_Function.MCID1452_MaterialFunction_SpliceMCPart.testB(MCID1452_MaterialFunction_SpliceMCPart.java:25)
at com.PanaAutomation.Base.runMC.main(runMC.java:28)
Caused by: java.lang.NullPointerException
at com.PanaAutomation.Keywords.GenericKeywords.takeScreenShot(GenericKeywords.java:1513)
at com.PanaAutomation.Keywords.GenericKeywords.reportFailure(GenericKeywords.java:1460)
at com.PanaAutomation.Keywords.GenericKeywords.openBrowser(GenericKeywords.java:158)
... 29 more
... Removed 26 stack frames]]>
    </failure>
  </testcase> <!-- testB -->
  <testcase name="testB" time="0.041" classname="com.PanaMCAutomation.MC_Material_Function.MCID1453_MaterialFunction_SpliceAction">
    <failure type="java.lang.reflect.InvocationTargetException">
      <![CDATA[java.lang.reflect.InvocationTargetException
at com.PanaAutomation.Driver.DriverScript.executeKeywords(DriverScript.java:79)
at com.PanaMCAutomation.MC_Material_Function.MCID1453_MaterialFunction_SpliceAction.testB(MCID1453_MaterialFunction_SpliceAction.java:25)
at com.PanaAutomation.Base.runMC.main(runMC.java:28)
Caused by: java.lang.NullPointerException
at com.PanaAutomation.Keywords.GenericKeywords.takeScreenShot(GenericKeywords.java:1513)
at com.PanaAutomation.Keywords.GenericKeywords.reportFailure(GenericKeywords.java:1460)
at com.PanaAutomation.Keywords.GenericKeywords.openBrowser(GenericKeywords.java:158)
... 29 more
... Removed 26 stack frames]]>
    </failure>
  </testcase> <!-- testB -->
  <testcase name="testB" time="0.02" classname="com.PanaMCAutomation.MC_Material_Function.MCID1454_MaterialFunction_SplicePartDifferentLocation">
    <failure type="java.lang.reflect.InvocationTargetException">
      <![CDATA[java.lang.reflect.InvocationTargetException
at com.PanaAutomation.Driver.DriverScript.executeKeywords(DriverScript.java:79)
at com.PanaMCAutomation.MC_Material_Function.MCID1454_MaterialFunction_SplicePartDifferentLocation.testB(MCID1454_MaterialFunction_SplicePartDifferentLocation.java:25)
at com.PanaAutomation.Base.runMC.main(runMC.java:28)
Caused by: java.lang.NullPointerException
at com.PanaAutomation.Keywords.GenericKeywords.takeScreenShot(GenericKeywords.java:1513)
at com.PanaAutomation.Keywords.GenericKeywords.reportFailure(GenericKeywords.java:1460)
at com.PanaAutomation.Keywords.GenericKeywords.openBrowser(GenericKeywords.java:158)
... 29 more
... Removed 26 stack frames]]>
    </failure>
  </testcase> <!-- testB -->
  <testcase name="testB" time="0.03" classname="com.PanaMCAutomation.MC_Material_Function.MCID1455_MaterialFunction_SplicePartDifferentPSD">
    <failure type="java.lang.reflect.InvocationTargetException">
      <![CDATA[java.lang.reflect.InvocationTargetException
at com.PanaAutomation.Driver.DriverScript.executeKeywords(DriverScript.java:79)
at com.PanaMCAutomation.MC_Material_Function.MCID1455_MaterialFunction_SplicePartDifferentPSD.testB(MCID1455_MaterialFunction_SplicePartDifferentPSD.java:25)
at com.PanaAutomation.Base.runMC.main(runMC.java:28)
Caused by: java.lang.NullPointerException
at com.PanaAutomation.Keywords.GenericKeywords.takeScreenShot(GenericKeywords.java:1513)
at com.PanaAutomation.Keywords.GenericKeywords.reportFailure(GenericKeywords.java:1460)
at com.PanaAutomation.Keywords.GenericKeywords.openBrowser(GenericKeywords.java:158)
... 29 more
... Removed 26 stack frames]]>
    </failure>
  </testcase> <!-- testB -->
  <testcase name="testB" time="0.017" classname="com.PanaMCAutomation.MC_Material_Function.MCID1456_MaterialFunction_SpliceDifferentPart">
    <failure type="java.lang.reflect.InvocationTargetException">
      <![CDATA[java.lang.reflect.InvocationTargetException
at com.PanaAutomation.Driver.DriverScript.executeKeywords(DriverScript.java:79)
at com.PanaMCAutomation.MC_Material_Function.MCID1456_MaterialFunction_SpliceDifferentPart.testB(MCID1456_MaterialFunction_SpliceDifferentPart.java:25)
at com.PanaAutomation.Base.runMC.main(runMC.java:28)
Caused by: java.lang.NullPointerException
at com.PanaAutomation.Keywords.GenericKeywords.takeScreenShot(GenericKeywords.java:1513)
at com.PanaAutomation.Keywords.GenericKeywords.reportFailure(GenericKeywords.java:1460)
at com.PanaAutomation.Keywords.GenericKeywords.openBrowser(GenericKeywords.java:158)
... 29 more
... Removed 26 stack frames]]>
    </failure>
  </testcase> <!-- testB -->
  <testcase name="testB" time="0.022" classname="com.PanaMCAutomation.MC_Material_Function.MCID1457_MaterialFunction_SpliceCheckMVPopup">
    <failure type="java.lang.reflect.InvocationTargetException">
      <![CDATA[java.lang.reflect.InvocationTargetException
at com.PanaAutomation.Driver.DriverScript.executeKeywords(DriverScript.java:79)
at com.PanaMCAutomation.MC_Material_Function.MCID1457_MaterialFunction_SpliceCheckMVPopup.testB(MCID1457_MaterialFunction_SpliceCheckMVPopup.java:25)
at com.PanaAutomation.Base.runMC.main(runMC.java:28)
Caused by: java.lang.NullPointerException
at com.PanaAutomation.Keywords.GenericKeywords.takeScreenShot(GenericKeywords.java:1513)
at com.PanaAutomation.Keywords.GenericKeywords.reportFailure(GenericKeywords.java:1460)
at com.PanaAutomation.Keywords.GenericKeywords.openBrowser(GenericKeywords.java:158)
... 29 more
... Removed 26 stack frames]]>
    </failure>
  </testcase> <!-- testB -->
  <testcase name="testB" time="0.014" classname="com.PanaMCAutomation.MC_Material_Function.MCID1458_MaterialFunction_SpliceCheckSplicedMaterial">
    <failure type="java.lang.reflect.InvocationTargetException">
      <![CDATA[java.lang.reflect.InvocationTargetException
at com.PanaAutomation.Driver.DriverScript.executeKeywords(DriverScript.java:79)
at com.PanaMCAutomation.MC_Material_Function.MCID1458_MaterialFunction_SpliceCheckSplicedMaterial.testB(MCID1458_MaterialFunction_SpliceCheckSplicedMaterial.java:25)
at com.PanaAutomation.Base.runMC.main(runMC.java:28)
Caused by: java.lang.NullPointerException
at com.PanaAutomation.Keywords.GenericKeywords.takeScreenShot(GenericKeywords.java:1513)
at com.PanaAutomation.Keywords.GenericKeywords.reportFailure(GenericKeywords.java:1460)
at com.PanaAutomation.Keywords.GenericKeywords.openBrowser(GenericKeywords.java:158)
... 29 more
... Removed 26 stack frames]]>
    </failure>
  </testcase> <!-- testB -->
  <testcase name="testB" time="0.016" classname="com.PanaMCAutomation.MC_Material_Function.MCID1459_MaterialFunction_SpliceConsumeAfterExhausted">
    <failure type="java.lang.reflect.InvocationTargetException">
      <![CDATA[java.lang.reflect.InvocationTargetException
at com.PanaAutomation.Driver.DriverScript.executeKeywords(DriverScript.java:79)
at com.PanaMCAutomation.MC_Material_Function.MCID1459_MaterialFunction_SpliceConsumeAfterExhausted.testB(MCID1459_MaterialFunction_SpliceConsumeAfterExhausted.java:25)
at com.PanaAutomation.Base.runMC.main(runMC.java:28)
Caused by: java.lang.NullPointerException
at com.PanaAutomation.Keywords.GenericKeywords.takeScreenShot(GenericKeywords.java:1513)
at com.PanaAutomation.Keywords.GenericKeywords.reportFailure(GenericKeywords.java:1460)
at com.PanaAutomation.Keywords.GenericKeywords.openBrowser(GenericKeywords.java:158)
... 29 more
... Removed 26 stack frames]]>
    </failure>
  </testcase> <!-- testB -->
  <testcase name="testB" time="0.018" classname="com.PanaMCAutomation.MC_Material_Function.MCID1460_MaterialFunction_UnSplicePopup">
    <failure type="java.lang.reflect.InvocationTargetException">
      <![CDATA[java.lang.reflect.InvocationTargetException
at com.PanaAutomation.Driver.DriverScript.executeKeywords(DriverScript.java:79)
at com.PanaMCAutomation.MC_Material_Function.MCID1460_MaterialFunction_UnSplicePopup.testB(MCID1460_MaterialFunction_UnSplicePopup.java:25)
at com.PanaAutomation.Base.runMC.main(runMC.java:28)
Caused by: java.lang.NullPointerException
at com.PanaAutomation.Keywords.GenericKeywords.takeScreenShot(GenericKeywords.java:1513)
at com.PanaAutomation.Keywords.GenericKeywords.reportFailure(GenericKeywords.java:1460)
at com.PanaAutomation.Keywords.GenericKeywords.openBrowser(GenericKeywords.java:158)
... 29 more
... Removed 26 stack frames]]>
    </failure>
  </testcase> <!-- testB -->
  <testcase name="testB" time="0.021" classname="com.PanaMCAutomation.MC_Material_Function.MCID1461_MaterialFunction_UnSpliceAction">
    <failure type="java.lang.reflect.InvocationTargetException">
      <![CDATA[java.lang.reflect.InvocationTargetException
at com.PanaAutomation.Driver.DriverScript.executeKeywords(DriverScript.java:79)
at com.PanaMCAutomation.MC_Material_Function.MCID1461_MaterialFunction_UnSpliceAction.testB(MCID1461_MaterialFunction_UnSpliceAction.java:25)
at com.PanaAutomation.Base.runMC.main(runMC.java:28)
Caused by: java.lang.NullPointerException
at com.PanaAutomation.Keywords.GenericKeywords.takeScreenShot(GenericKeywords.java:1513)
at com.PanaAutomation.Keywords.GenericKeywords.reportFailure(GenericKeywords.java:1460)
at com.PanaAutomation.Keywords.GenericKeywords.openBrowser(GenericKeywords.java:158)
... 29 more
... Removed 26 stack frames]]>
    </failure>
  </testcase> <!-- testB -->
  <testcase name="testB" time="0.018" classname="com.PanaMCAutomation.MC_Material_Function.MCID1462_MaterialFunction_UnSpliceCheckMVPopup">
    <failure type="java.lang.reflect.InvocationTargetException">
      <![CDATA[java.lang.reflect.InvocationTargetException
at com.PanaAutomation.Driver.DriverScript.executeKeywords(DriverScript.java:79)
at com.PanaMCAutomation.MC_Material_Function.MCID1462_MaterialFunction_UnSpliceCheckMVPopup.testB(MCID1462_MaterialFunction_UnSpliceCheckMVPopup.java:25)
at com.PanaAutomation.Base.runMC.main(runMC.java:28)
Caused by: java.lang.NullPointerException
at com.PanaAutomation.Keywords.GenericKeywords.takeScreenShot(GenericKeywords.java:1513)
at com.PanaAutomation.Keywords.GenericKeywords.reportFailure(GenericKeywords.java:1460)
at com.PanaAutomation.Keywords.GenericKeywords.openBrowser(GenericKeywords.java:158)
... 29 more
... Removed 26 stack frames]]>
    </failure>
  </testcase> <!-- testB -->
  <testcase name="testB" time="0.022" classname="com.PanaMCAutomation.MC_Material_Function.MCID1463_MaterialFunction_UnSpliceCheckSplicedMaterial">
    <failure type="java.lang.reflect.InvocationTargetException">
      <![CDATA[java.lang.reflect.InvocationTargetException
at com.PanaAutomation.Driver.DriverScript.executeKeywords(DriverScript.java:79)
at com.PanaMCAutomation.MC_Material_Function.MCID1463_MaterialFunction_UnSpliceCheckSplicedMaterial.testB(MCID1463_MaterialFunction_UnSpliceCheckSplicedMaterial.java:25)
at com.PanaAutomation.Base.runMC.main(runMC.java:28)
Caused by: java.lang.NullPointerException
at com.PanaAutomation.Keywords.GenericKeywords.takeScreenShot(GenericKeywords.java:1513)
at com.PanaAutomation.Keywords.GenericKeywords.reportFailure(GenericKeywords.java:1460)
at com.PanaAutomation.Keywords.GenericKeywords.openBrowser(GenericKeywords.java:158)
... 29 more
... Removed 26 stack frames]]>
    </failure>
  </testcase> <!-- testB -->
  <testcase name="testB" time="0.019" classname="com.PanaMCAutomation.MC_Material_Function.MCID1464_MaterialFunction_SpliceConsumeAfterExhausted">
    <failure type="java.lang.reflect.InvocationTargetException">
      <![CDATA[java.lang.reflect.InvocationTargetException
at com.PanaAutomation.Driver.DriverScript.executeKeywords(DriverScript.java:79)
at com.PanaMCAutomation.MC_Material_Function.MCID1464_MaterialFunction_SpliceConsumeAfterExhausted.testB(MCID1464_MaterialFunction_SpliceConsumeAfterExhausted.java:25)
at com.PanaAutomation.Base.runMC.main(runMC.java:28)
Caused by: java.lang.NullPointerException
at com.PanaAutomation.Keywords.GenericKeywords.takeScreenShot(GenericKeywords.java:1513)
at com.PanaAutomation.Keywords.GenericKeywords.reportFailure(GenericKeywords.java:1460)
at com.PanaAutomation.Keywords.GenericKeywords.openBrowser(GenericKeywords.java:158)
... 29 more
... Removed 26 stack frames]]>
    </failure>
  </testcase> <!-- testB -->
  <testcase name="testB" time="0.02" classname="com.PanaMCAutomation.MC_Material_Function.MCID1465_MaterialFunction_SpliceConsumeToZero">
    <failure type="java.lang.reflect.InvocationTargetException">
      <![CDATA[java.lang.reflect.InvocationTargetException
at com.PanaAutomation.Driver.DriverScript.executeKeywords(DriverScript.java:79)
at com.PanaMCAutomation.MC_Material_Function.MCID1465_MaterialFunction_SpliceConsumeToZero.testB(MCID1465_MaterialFunction_SpliceConsumeToZero.java:25)
at com.PanaAutomation.Base.runMC.main(runMC.java:28)
Caused by: java.lang.NullPointerException
at com.PanaAutomation.Keywords.GenericKeywords.takeScreenShot(GenericKeywords.java:1513)
at com.PanaAutomation.Keywords.GenericKeywords.reportFailure(GenericKeywords.java:1460)
at com.PanaAutomation.Keywords.GenericKeywords.openBrowser(GenericKeywords.java:158)
... 29 more
... Removed 26 stack frames]]>
    </failure>
  </testcase> <!-- testB -->
  <testcase name="testB" time="0.311" classname="com.PanaMCAutomation.MC_Material_Function.MCID1466_MaterialFunction_SpliceAutoZero">
    <failure type="java.lang.reflect.InvocationTargetException">
      <![CDATA[java.lang.reflect.InvocationTargetException
at com.PanaAutomation.Driver.DriverScript.executeKeywords(DriverScript.java:79)
at com.PanaMCAutomation.MC_Material_Function.MCID1466_MaterialFunction_SpliceAutoZero.testB(MCID1466_MaterialFunction_SpliceAutoZero.java:25)
at com.PanaAutomation.Base.runMC.main(runMC.java:28)
Caused by: java.lang.NullPointerException
at com.PanaAutomation.Keywords.GenericKeywords.takeScreenShot(GenericKeywords.java:1513)
at com.PanaAutomation.Keywords.GenericKeywords.reportFailure(GenericKeywords.java:1460)
at com.PanaAutomation.Keywords.GenericKeywords.openBrowser(GenericKeywords.java:158)
... 29 more
... Removed 26 stack frames]]>
    </failure>
  </testcase> <!-- testB -->
  <testcase name="testB" time="0.054" classname="com.PanaMCAutomation.MC_Material_Function.MCID1467_MaterialFunction_SpliceNewSplice">
    <failure type="java.lang.reflect.InvocationTargetException">
      <![CDATA[java.lang.reflect.InvocationTargetException
at com.PanaAutomation.Driver.DriverScript.executeKeywords(DriverScript.java:79)
at com.PanaMCAutomation.MC_Material_Function.MCID1467_MaterialFunction_SpliceNewSplice.testB(MCID1467_MaterialFunction_SpliceNewSplice.java:25)
at com.PanaAutomation.Base.runMC.main(runMC.java:28)
Caused by: java.lang.NullPointerException
at com.PanaAutomation.Keywords.GenericKeywords.takeScreenShot(GenericKeywords.java:1513)
at com.PanaAutomation.Keywords.GenericKeywords.reportFailure(GenericKeywords.java:1460)
at com.PanaAutomation.Keywords.GenericKeywords.openBrowser(GenericKeywords.java:158)
... 29 more
... Removed 26 stack frames]]>
    </failure>
  </testcase> <!-- testB -->
  <testcase name="testB" time="0.017" classname="com.PanaMCAutomation.MC_Material_Function.MCID1468_MaterialFunction_SpliceScarpHoldMaterial">
    <failure type="java.lang.reflect.InvocationTargetException">
      <![CDATA[java.lang.reflect.InvocationTargetException
at com.PanaAutomation.Driver.DriverScript.executeKeywords(DriverScript.java:79)
at com.PanaMCAutomation.MC_Material_Function.MCID1468_MaterialFunction_SpliceScarpHoldMaterial.testB(MCID1468_MaterialFunction_SpliceScarpHoldMaterial.java:25)
at com.PanaAutomation.Base.runMC.main(runMC.java:28)
Caused by: java.lang.NullPointerException
at com.PanaAutomation.Keywords.GenericKeywords.takeScreenShot(GenericKeywords.java:1513)
at com.PanaAutomation.Keywords.GenericKeywords.reportFailure(GenericKeywords.java:1460)
at com.PanaAutomation.Keywords.GenericKeywords.openBrowser(GenericKeywords.java:158)
... 29 more
... Removed 26 stack frames]]>
    </failure>
  </testcase> <!-- testB -->
  <testcase name="testB" time="0.018" classname="com.PanaMCAutomation.MC_Material_Function.MCID1469_MaterialFunction_SpliceMoveSplicedPart">
    <failure type="java.lang.reflect.InvocationTargetException">
      <![CDATA[java.lang.reflect.InvocationTargetException
at com.PanaAutomation.Driver.DriverScript.executeKeywords(DriverScript.java:79)
at com.PanaMCAutomation.MC_Material_Function.MCID1469_MaterialFunction_SpliceMoveSplicedPart.testB(MCID1469_MaterialFunction_SpliceMoveSplicedPart.java:25)
at com.PanaAutomation.Base.runMC.main(runMC.java:28)
Caused by: java.lang.NullPointerException
at com.PanaAutomation.Keywords.GenericKeywords.takeScreenShot(GenericKeywords.java:1513)
at com.PanaAutomation.Keywords.GenericKeywords.reportFailure(GenericKeywords.java:1460)
at com.PanaAutomation.Keywords.GenericKeywords.openBrowser(GenericKeywords.java:158)
... 29 more
... Removed 26 stack frames]]>
    </failure>
  </testcase> <!-- testB -->
  <testcase name="testB" time="0.018" classname="com.PanaMCAutomation.MC_Material_Function.MCID1470_MaterialFunction_SpliceHoldSplicedPart">
    <failure type="java.lang.reflect.InvocationTargetException">
      <![CDATA[java.lang.reflect.InvocationTargetException
at com.PanaAutomation.Driver.DriverScript.executeKeywords(DriverScript.java:79)
at com.PanaMCAutomation.MC_Material_Function.MCID1470_MaterialFunction_SpliceHoldSplicedPart.testB(MCID1470_MaterialFunction_SpliceHoldSplicedPart.java:25)
at com.PanaAutomation.Base.runMC.main(runMC.java:28)
Caused by: java.lang.NullPointerException
at com.PanaAutomation.Keywords.GenericKeywords.takeScreenShot(GenericKeywords.java:1513)
at com.PanaAutomation.Keywords.GenericKeywords.reportFailure(GenericKeywords.java:1460)
at com.PanaAutomation.Keywords.GenericKeywords.openBrowser(GenericKeywords.java:158)
... 29 more
... Removed 26 stack frames]]>
    </failure>
  </testcase> <!-- testB -->
  <testcase name="testB" time="0.015" classname="com.PanaMCAutomation.MC_Material_Function.MCID1471_MaterialFunction_SpliceScarpSplicedPart">
    <failure type="java.lang.reflect.InvocationTargetException">
      <![CDATA[java.lang.reflect.InvocationTargetException
at com.PanaAutomation.Driver.DriverScript.executeKeywords(DriverScript.java:79)
at com.PanaMCAutomation.MC_Material_Function.MCID1471_MaterialFunction_SpliceScarpSplicedPart.testB(MCID1471_MaterialFunction_SpliceScarpSplicedPart.java:25)
at com.PanaAutomation.Base.runMC.main(runMC.java:28)
Caused by: java.lang.NullPointerException
at com.PanaAutomation.Keywords.GenericKeywords.takeScreenShot(GenericKeywords.java:1513)
at com.PanaAutomation.Keywords.GenericKeywords.reportFailure(GenericKeywords.java:1460)
at com.PanaAutomation.Keywords.GenericKeywords.openBrowser(GenericKeywords.java:158)
... 29 more
... Removed 26 stack frames]]>
    </failure>
  </testcase> <!-- testB -->
  <testcase name="testB" time="0.021" classname="com.PanaMCAutomation.MC_Material_Function.MCID1472_MaterialFunction_SpliceSpliceToRestrict">
    <failure type="java.lang.reflect.InvocationTargetException">
      <![CDATA[java.lang.reflect.InvocationTargetException
at com.PanaAutomation.Driver.DriverScript.executeKeywords(DriverScript.java:79)
at com.PanaMCAutomation.MC_Material_Function.MCID1472_MaterialFunction_SpliceSpliceToRestrict.testB(MCID1472_MaterialFunction_SpliceSpliceToRestrict.java:25)
at com.PanaAutomation.Base.runMC.main(runMC.java:28)
Caused by: java.lang.NullPointerException
at com.PanaAutomation.Keywords.GenericKeywords.takeScreenShot(GenericKeywords.java:1513)
at com.PanaAutomation.Keywords.GenericKeywords.reportFailure(GenericKeywords.java:1460)
at com.PanaAutomation.Keywords.GenericKeywords.openBrowser(GenericKeywords.java:158)
... 29 more
... Removed 26 stack frames]]>
    </failure>
  </testcase> <!-- testB -->
  <testcase name="testB" time="0.015" classname="com.PanaMCAutomation.MC_Material_Function.MCID1473_MaterialFunction_SpliceMoveToRestrict">
    <failure type="java.lang.reflect.InvocationTargetException">
      <![CDATA[java.lang.reflect.InvocationTargetException
at com.PanaAutomation.Driver.DriverScript.executeKeywords(DriverScript.java:79)
at com.PanaMCAutomation.MC_Material_Function.MCID1473_MaterialFunction_SpliceMoveToRestrict.testB(MCID1473_MaterialFunction_SpliceMoveToRestrict.java:25)
at com.PanaAutomation.Base.runMC.main(runMC.java:28)
Caused by: java.lang.NullPointerException
at com.PanaAutomation.Keywords.GenericKeywords.takeScreenShot(GenericKeywords.java:1513)
at com.PanaAutomation.Keywords.GenericKeywords.reportFailure(GenericKeywords.java:1460)
at com.PanaAutomation.Keywords.GenericKeywords.openBrowser(GenericKeywords.java:158)
... 29 more
... Removed 26 stack frames]]>
    </failure>
  </testcase> <!-- testB -->
  <testcase name="testB" time="0.02" classname="com.PanaMCAutomation.MC_Material_Function.MCID1474_MaterialFunction_SpliceScarpToRestrict">
    <failure type="java.lang.reflect.InvocationTargetException">
      <![CDATA[java.lang.reflect.InvocationTargetException
at com.PanaAutomation.Driver.DriverScript.executeKeywords(DriverScript.java:79)
at com.PanaMCAutomation.MC_Material_Function.MCID1474_MaterialFunction_SpliceScarpToRestrict.testB(MCID1474_MaterialFunction_SpliceScarpToRestrict.java:25)
at com.PanaAutomation.Base.runMC.main(runMC.java:28)
Caused by: java.lang.NullPointerException
at com.PanaAutomation.Keywords.GenericKeywords.takeScreenShot(GenericKeywords.java:1513)
at com.PanaAutomation.Keywords.GenericKeywords.reportFailure(GenericKeywords.java:1460)
at com.PanaAutomation.Keywords.GenericKeywords.openBrowser(GenericKeywords.java:158)
... 29 more
... Removed 26 stack frames]]>
    </failure>
  </testcase> <!-- testB -->
</testsuite> <!-- Material Function Test -->
