<?xml version="1.0" encoding="UTF-8"?>
<!-- Generated by org.testng.reporters.JUnitXMLReporter -->
<testsuite hostname="C40FF43LAP" ignored="0" name="MC Carrier Type Test" tests="40" failures="40" timestamp="04 Dec 2021 15:31:23 GMT" time="22.686" errors="0">
  <testcase name="testB" time="0.028" classname="com.PanaMCAutomation.MC_Carrier_Type.Precondition1">
    <failure type="java.lang.reflect.InvocationTargetException">
      <![CDATA[java.lang.reflect.InvocationTargetException
at com.PanaAutomation.Driver.DriverScript.executeKeywords(DriverScript.java:79)
at com.PanaMCAutomation.MC_Carrier_Type.Precondition1.testB(Precondition1.java:24)
at com.PanaAutomation.Base.runMC.main(runMC.java:28)
Caused by: java.lang.NullPointerException
at com.PanaAutomation.Keywords.GenericKeywords.takeScreenShot(GenericKeywords.java:1513)
at com.PanaAutomation.Keywords.GenericKeywords.reportFailure(GenericKeywords.java:1460)
at com.PanaAutomation.Keywords.GenericKeywords.openBrowser(GenericKeywords.java:158)
... 29 more
... Removed 26 stack frames]]>
    </failure>
  </testcase> <!-- testB -->
  <testcase name="testB" time="0.014" classname="com.PanaMCAutomation.MC_Carrier_Type.MCID1_CarrierType_NewInfo1">
    <failure type="java.lang.reflect.InvocationTargetException">
      <![CDATA[java.lang.reflect.InvocationTargetException
at com.PanaAutomation.Driver.DriverScript.executeKeywords(DriverScript.java:79)
at com.PanaMCAutomation.MC_Carrier_Type.MCID1_CarrierType_NewInfo1.testB(MCID1_CarrierType_NewInfo1.java:24)
at com.PanaAutomation.Base.runMC.main(runMC.java:28)
Caused by: java.lang.NullPointerException
at com.PanaAutomation.Keywords.GenericKeywords.takeScreenShot(GenericKeywords.java:1513)
at com.PanaAutomation.Keywords.GenericKeywords.reportFailure(GenericKeywords.java:1460)
at com.PanaAutomation.Keywords.GenericKeywords.openBrowser(GenericKeywords.java:158)
... 29 more
... Removed 26 stack frames]]>
    </failure>
  </testcase> <!-- testB -->
  <testcase name="testB" time="0.015" classname="com.PanaMCAutomation.MC_Carrier_Type.MCID2_CarrierType_NewInfo2">
    <failure type="java.lang.reflect.InvocationTargetException">
      <![CDATA[java.lang.reflect.InvocationTargetException
at com.PanaAutomation.Driver.DriverScript.executeKeywords(DriverScript.java:79)
at com.PanaMCAutomation.MC_Carrier_Type.MCID2_CarrierType_NewInfo2.testB(MCID2_CarrierType_NewInfo2.java:24)
at com.PanaAutomation.Base.runMC.main(runMC.java:28)
Caused by: java.lang.NullPointerException
at com.PanaAutomation.Keywords.GenericKeywords.takeScreenShot(GenericKeywords.java:1513)
at com.PanaAutomation.Keywords.GenericKeywords.reportFailure(GenericKeywords.java:1460)
at com.PanaAutomation.Keywords.GenericKeywords.openBrowser(GenericKeywords.java:158)
... 29 more
... Removed 26 stack frames]]>
    </failure>
  </testcase> <!-- testB -->
  <testcase name="testB" time="0.013" classname="com.PanaMCAutomation.MC_Carrier_Type.MCID3_CarrierType_NewInfo3">
    <failure type="java.lang.reflect.InvocationTargetException">
      <![CDATA[java.lang.reflect.InvocationTargetException
at com.PanaAutomation.Driver.DriverScript.executeKeywords(DriverScript.java:79)
at com.PanaMCAutomation.MC_Carrier_Type.MCID3_CarrierType_NewInfo3.testB(MCID3_CarrierType_NewInfo3.java:24)
at com.PanaAutomation.Base.runMC.main(runMC.java:28)
Caused by: java.lang.NullPointerException
at com.PanaAutomation.Keywords.GenericKeywords.takeScreenShot(GenericKeywords.java:1513)
at com.PanaAutomation.Keywords.GenericKeywords.reportFailure(GenericKeywords.java:1460)
at com.PanaAutomation.Keywords.GenericKeywords.openBrowser(GenericKeywords.java:158)
... 29 more
... Removed 26 stack frames]]>
    </failure>
  </testcase> <!-- testB -->
  <testcase name="testB" time="0.035" classname="com.PanaMCAutomation.MC_Carrier_Type.MCID4_CarrierType_NewInfo4">
    <failure type="java.lang.reflect.InvocationTargetException">
      <![CDATA[java.lang.reflect.InvocationTargetException
at com.PanaAutomation.Driver.DriverScript.executeKeywords(DriverScript.java:79)
at com.PanaMCAutomation.MC_Carrier_Type.MCID4_CarrierType_NewInfo4.testB(MCID4_CarrierType_NewInfo4.java:24)
at com.PanaAutomation.Base.runMC.main(runMC.java:28)
Caused by: java.lang.NullPointerException
at com.PanaAutomation.Keywords.GenericKeywords.takeScreenShot(GenericKeywords.java:1513)
at com.PanaAutomation.Keywords.GenericKeywords.reportFailure(GenericKeywords.java:1460)
at com.PanaAutomation.Keywords.GenericKeywords.openBrowser(GenericKeywords.java:158)
... 29 more
... Removed 26 stack frames]]>
    </failure>
  </testcase> <!-- testB -->
  <testcase name="testB" time="0.015" classname="com.PanaMCAutomation.MC_Carrier_Type.MCID5_CarrierType_NewInfo5">
    <failure type="java.lang.reflect.InvocationTargetException">
      <![CDATA[java.lang.reflect.InvocationTargetException
at com.PanaAutomation.Driver.DriverScript.executeKeywords(DriverScript.java:79)
at com.PanaMCAutomation.MC_Carrier_Type.MCID5_CarrierType_NewInfo5.testB(MCID5_CarrierType_NewInfo5.java:24)
at com.PanaAutomation.Base.runMC.main(runMC.java:28)
Caused by: java.lang.NullPointerException
at com.PanaAutomation.Keywords.GenericKeywords.takeScreenShot(GenericKeywords.java:1513)
at com.PanaAutomation.Keywords.GenericKeywords.reportFailure(GenericKeywords.java:1460)
at com.PanaAutomation.Keywords.GenericKeywords.openBrowser(GenericKeywords.java:158)
... 29 more
... Removed 26 stack frames]]>
    </failure>
  </testcase> <!-- testB -->
  <testcase name="testB" time="0.352" classname="com.PanaMCAutomation.MC_Carrier_Type.MCID6_CarrierType_NewInfo6">
    <failure type="java.lang.reflect.InvocationTargetException">
      <![CDATA[java.lang.reflect.InvocationTargetException
at com.PanaAutomation.Driver.DriverScript.executeKeywords(DriverScript.java:79)
at com.PanaMCAutomation.MC_Carrier_Type.MCID6_CarrierType_NewInfo6.testB(MCID6_CarrierType_NewInfo6.java:24)
at com.PanaAutomation.Base.runMC.main(runMC.java:28)
Caused by: java.lang.NullPointerException
at com.PanaAutomation.Keywords.GenericKeywords.takeScreenShot(GenericKeywords.java:1513)
at com.PanaAutomation.Keywords.GenericKeywords.reportFailure(GenericKeywords.java:1460)
at com.PanaAutomation.Keywords.GenericKeywords.openBrowser(GenericKeywords.java:158)
... 29 more
... Removed 26 stack frames]]>
    </failure>
  </testcase> <!-- testB -->
  <testcase name="testB" time="0.02" classname="com.PanaMCAutomation.MC_Carrier_Type.MCID7_CarrierType_NewRestrict1">
    <failure type="java.lang.reflect.InvocationTargetException">
      <![CDATA[java.lang.reflect.InvocationTargetException
at com.PanaAutomation.Driver.DriverScript.executeKeywords(DriverScript.java:79)
at com.PanaMCAutomation.MC_Carrier_Type.MCID7_CarrierType_NewRestrict1.testB(MCID7_CarrierType_NewRestrict1.java:24)
at com.PanaAutomation.Base.runMC.main(runMC.java:28)
Caused by: java.lang.NullPointerException
at com.PanaAutomation.Keywords.GenericKeywords.takeScreenShot(GenericKeywords.java:1513)
at com.PanaAutomation.Keywords.GenericKeywords.reportFailure(GenericKeywords.java:1460)
at com.PanaAutomation.Keywords.GenericKeywords.openBrowser(GenericKeywords.java:158)
... 29 more
... Removed 26 stack frames]]>
    </failure>
  </testcase> <!-- testB -->
  <testcase name="testB" time="0.019" classname="com.PanaMCAutomation.MC_Carrier_Type.MCID8_CarrierType_NewRestrict2">
    <failure type="java.lang.reflect.InvocationTargetException">
      <![CDATA[java.lang.reflect.InvocationTargetException
at com.PanaAutomation.Driver.DriverScript.executeKeywords(DriverScript.java:79)
at com.PanaMCAutomation.MC_Carrier_Type.MCID8_CarrierType_NewRestrict2.testB(MCID8_CarrierType_NewRestrict2.java:24)
at com.PanaAutomation.Base.runMC.main(runMC.java:28)
Caused by: java.lang.NullPointerException
at com.PanaAutomation.Keywords.GenericKeywords.takeScreenShot(GenericKeywords.java:1513)
at com.PanaAutomation.Keywords.GenericKeywords.reportFailure(GenericKeywords.java:1460)
at com.PanaAutomation.Keywords.GenericKeywords.openBrowser(GenericKeywords.java:158)
... 29 more
... Removed 26 stack frames]]>
    </failure>
  </testcase> <!-- testB -->
  <testcase name="testB" time="0.018" classname="com.PanaMCAutomation.MC_Carrier_Type.MCID9_CarrierType_NewRestrict3">
    <failure type="java.lang.reflect.InvocationTargetException">
      <![CDATA[java.lang.reflect.InvocationTargetException
at com.PanaAutomation.Driver.DriverScript.executeKeywords(DriverScript.java:79)
at com.PanaMCAutomation.MC_Carrier_Type.MCID9_CarrierType_NewRestrict3.testB(MCID9_CarrierType_NewRestrict3.java:24)
at com.PanaAutomation.Base.runMC.main(runMC.java:28)
Caused by: java.lang.NullPointerException
at com.PanaAutomation.Keywords.GenericKeywords.takeScreenShot(GenericKeywords.java:1513)
at com.PanaAutomation.Keywords.GenericKeywords.reportFailure(GenericKeywords.java:1460)
at com.PanaAutomation.Keywords.GenericKeywords.openBrowser(GenericKeywords.java:158)
... 29 more
... Removed 26 stack frames]]>
    </failure>
  </testcase> <!-- testB -->
  <testcase name="testB" time="0.022" classname="com.PanaMCAutomation.MC_Carrier_Type.MCID10_CarrierType_NewRestrict4">
    <failure type="java.lang.reflect.InvocationTargetException">
      <![CDATA[java.lang.reflect.InvocationTargetException
at com.PanaAutomation.Driver.DriverScript.executeKeywords(DriverScript.java:79)
at com.PanaMCAutomation.MC_Carrier_Type.MCID10_CarrierType_NewRestrict4.testB(MCID10_CarrierType_NewRestrict4.java:24)
at com.PanaAutomation.Base.runMC.main(runMC.java:28)
Caused by: java.lang.NullPointerException
at com.PanaAutomation.Keywords.GenericKeywords.takeScreenShot(GenericKeywords.java:1513)
at com.PanaAutomation.Keywords.GenericKeywords.reportFailure(GenericKeywords.java:1460)
at com.PanaAutomation.Keywords.GenericKeywords.openBrowser(GenericKeywords.java:158)
... 29 more
... Removed 26 stack frames]]>
    </failure>
  </testcase> <!-- testB -->
  <testcase name="testB" time="0.035" classname="com.PanaMCAutomation.MC_Carrier_Type.MCID11_CarrierType_NewRestrict5">
    <failure type="java.lang.reflect.InvocationTargetException">
      <![CDATA[java.lang.reflect.InvocationTargetException
at com.PanaAutomation.Driver.DriverScript.executeKeywords(DriverScript.java:79)
at com.PanaMCAutomation.MC_Carrier_Type.MCID11_CarrierType_NewRestrict5.testB(MCID11_CarrierType_NewRestrict5.java:24)
at com.PanaAutomation.Base.runMC.main(runMC.java:28)
Caused by: java.lang.NullPointerException
at com.PanaAutomation.Keywords.GenericKeywords.takeScreenShot(GenericKeywords.java:1513)
at com.PanaAutomation.Keywords.GenericKeywords.reportFailure(GenericKeywords.java:1460)
at com.PanaAutomation.Keywords.GenericKeywords.openBrowser(GenericKeywords.java:158)
... 29 more
... Removed 26 stack frames]]>
    </failure>
  </testcase> <!-- testB -->
  <testcase name="testB" time="0.038" classname="com.PanaMCAutomation.MC_Carrier_Type.MCID12_CarrierType_NewRestrict6">
    <failure type="java.lang.reflect.InvocationTargetException">
      <![CDATA[java.lang.reflect.InvocationTargetException
at com.PanaAutomation.Driver.DriverScript.executeKeywords(DriverScript.java:79)
at com.PanaMCAutomation.MC_Carrier_Type.MCID12_CarrierType_NewRestrict6.testB(MCID12_CarrierType_NewRestrict6.java:24)
at com.PanaAutomation.Base.runMC.main(runMC.java:28)
Caused by: java.lang.NullPointerException
at com.PanaAutomation.Keywords.GenericKeywords.takeScreenShot(GenericKeywords.java:1513)
at com.PanaAutomation.Keywords.GenericKeywords.reportFailure(GenericKeywords.java:1460)
at com.PanaAutomation.Keywords.GenericKeywords.openBrowser(GenericKeywords.java:158)
... 29 more
... Removed 26 stack frames]]>
    </failure>
  </testcase> <!-- testB -->
  <testcase name="testB" time="0.017" classname="com.PanaMCAutomation.MC_Carrier_Type.MCID13_CarrierType_NewRestrict7">
    <failure type="java.lang.reflect.InvocationTargetException">
      <![CDATA[java.lang.reflect.InvocationTargetException
at com.PanaAutomation.Driver.DriverScript.executeKeywords(DriverScript.java:79)
at com.PanaMCAutomation.MC_Carrier_Type.MCID13_CarrierType_NewRestrict7.testB(MCID13_CarrierType_NewRestrict7.java:24)
at com.PanaAutomation.Base.runMC.main(runMC.java:28)
Caused by: java.lang.NullPointerException
at com.PanaAutomation.Keywords.GenericKeywords.takeScreenShot(GenericKeywords.java:1513)
at com.PanaAutomation.Keywords.GenericKeywords.reportFailure(GenericKeywords.java:1460)
at com.PanaAutomation.Keywords.GenericKeywords.openBrowser(GenericKeywords.java:158)
... 29 more
... Removed 26 stack frames]]>
    </failure>
  </testcase> <!-- testB -->
  <testcase name="testB" time="0.027" classname="com.PanaMCAutomation.MC_Carrier_Type.MCID14_CarrierType_SublocationNew">
    <failure type="java.lang.reflect.InvocationTargetException">
      <![CDATA[java.lang.reflect.InvocationTargetException
at com.PanaAutomation.Driver.DriverScript.executeKeywords(DriverScript.java:79)
at com.PanaMCAutomation.MC_Carrier_Type.MCID14_CarrierType_SublocationNew.testB(MCID14_CarrierType_SublocationNew.java:24)
at com.PanaAutomation.Base.runMC.main(runMC.java:28)
Caused by: java.lang.NullPointerException
at com.PanaAutomation.Keywords.GenericKeywords.takeScreenShot(GenericKeywords.java:1513)
at com.PanaAutomation.Keywords.GenericKeywords.reportFailure(GenericKeywords.java:1460)
at com.PanaAutomation.Keywords.GenericKeywords.openBrowser(GenericKeywords.java:158)
... 29 more
... Removed 26 stack frames]]>
    </failure>
  </testcase> <!-- testB -->
  <testcase name="testB" time="0.019" classname="com.PanaMCAutomation.MC_Carrier_Type.MCID16_CarrierType_SublocationEditConfig">
    <failure type="java.lang.reflect.InvocationTargetException">
      <![CDATA[java.lang.reflect.InvocationTargetException
at com.PanaAutomation.Driver.DriverScript.executeKeywords(DriverScript.java:79)
at com.PanaMCAutomation.MC_Carrier_Type.MCID16_CarrierType_SublocationEditConfig.testB(MCID16_CarrierType_SublocationEditConfig.java:24)
at com.PanaAutomation.Base.runMC.main(runMC.java:28)
Caused by: java.lang.NullPointerException
at com.PanaAutomation.Keywords.GenericKeywords.takeScreenShot(GenericKeywords.java:1513)
at com.PanaAutomation.Keywords.GenericKeywords.reportFailure(GenericKeywords.java:1460)
at com.PanaAutomation.Keywords.GenericKeywords.openBrowser(GenericKeywords.java:158)
... 29 more
... Removed 26 stack frames]]>
    </failure>
  </testcase> <!-- testB -->
  <testcase name="testB" time="0.02" classname="com.PanaMCAutomation.MC_Carrier_Type.MCID15_CarrierType_SublocationClear">
    <failure type="java.lang.reflect.InvocationTargetException">
      <![CDATA[java.lang.reflect.InvocationTargetException
at com.PanaAutomation.Driver.DriverScript.executeKeywords(DriverScript.java:79)
at com.PanaMCAutomation.MC_Carrier_Type.MCID15_CarrierType_SublocationClear.testB(MCID15_CarrierType_SublocationClear.java:24)
at com.PanaAutomation.Base.runMC.main(runMC.java:28)
Caused by: java.lang.NullPointerException
at com.PanaAutomation.Keywords.GenericKeywords.takeScreenShot(GenericKeywords.java:1513)
at com.PanaAutomation.Keywords.GenericKeywords.reportFailure(GenericKeywords.java:1460)
at com.PanaAutomation.Keywords.GenericKeywords.openBrowser(GenericKeywords.java:158)
... 29 more
... Removed 26 stack frames]]>
    </failure>
  </testcase> <!-- testB -->
  <testcase name="testB" time="0.02" classname="com.PanaMCAutomation.MC_Carrier_Type.MCID17_CarrierType_SublocationEditValue">
    <failure type="java.lang.reflect.InvocationTargetException">
      <![CDATA[java.lang.reflect.InvocationTargetException
at com.PanaAutomation.Driver.DriverScript.executeKeywords(DriverScript.java:79)
at com.PanaMCAutomation.MC_Carrier_Type.MCID17_CarrierType_SublocationEditValue.testB(MCID17_CarrierType_SublocationEditValue.java:24)
at com.PanaAutomation.Base.runMC.main(runMC.java:28)
Caused by: java.lang.NullPointerException
at com.PanaAutomation.Keywords.GenericKeywords.takeScreenShot(GenericKeywords.java:1513)
at com.PanaAutomation.Keywords.GenericKeywords.reportFailure(GenericKeywords.java:1460)
at com.PanaAutomation.Keywords.GenericKeywords.openBrowser(GenericKeywords.java:158)
... 29 more
... Removed 26 stack frames]]>
    </failure>
  </testcase> <!-- testB -->
  <testcase name="testB" time="0.019" classname="com.PanaMCAutomation.MC_Carrier_Type.MCID18_CarrierType_SublocationMissingText">
    <failure type="java.lang.reflect.InvocationTargetException">
      <![CDATA[java.lang.reflect.InvocationTargetException
at com.PanaAutomation.Driver.DriverScript.executeKeywords(DriverScript.java:79)
at com.PanaMCAutomation.MC_Carrier_Type.MCID18_CarrierType_SublocationMissingText.testB(MCID18_CarrierType_SublocationMissingText.java:24)
at com.PanaAutomation.Base.runMC.main(runMC.java:28)
Caused by: java.lang.NullPointerException
at com.PanaAutomation.Keywords.GenericKeywords.takeScreenShot(GenericKeywords.java:1513)
at com.PanaAutomation.Keywords.GenericKeywords.reportFailure(GenericKeywords.java:1460)
at com.PanaAutomation.Keywords.GenericKeywords.openBrowser(GenericKeywords.java:158)
... 29 more
... Removed 26 stack frames]]>
    </failure>
  </testcase> <!-- testB -->
  <testcase name="testB" time="0.018" classname="com.PanaMCAutomation.MC_Carrier_Type.MCID19_CarrierType_SublocationMissingDigit">
    <failure type="java.lang.reflect.InvocationTargetException">
      <![CDATA[java.lang.reflect.InvocationTargetException
at com.PanaAutomation.Driver.DriverScript.executeKeywords(DriverScript.java:79)
at com.PanaMCAutomation.MC_Carrier_Type.MCID19_CarrierType_SublocationMissingDigit.testB(MCID19_CarrierType_SublocationMissingDigit.java:24)
at com.PanaAutomation.Base.runMC.main(runMC.java:28)
Caused by: java.lang.NullPointerException
at com.PanaAutomation.Keywords.GenericKeywords.takeScreenShot(GenericKeywords.java:1513)
at com.PanaAutomation.Keywords.GenericKeywords.reportFailure(GenericKeywords.java:1460)
at com.PanaAutomation.Keywords.GenericKeywords.openBrowser(GenericKeywords.java:158)
... 29 more
... Removed 26 stack frames]]>
    </failure>
  </testcase> <!-- testB -->
  <testcase name="testB" time="0.028" classname="com.PanaMCAutomation.MC_Carrier_Type.MCID20_CarrierType_SublocationMissingCount">
    <failure type="java.lang.reflect.InvocationTargetException">
      <![CDATA[java.lang.reflect.InvocationTargetException
at com.PanaAutomation.Driver.DriverScript.executeKeywords(DriverScript.java:79)
at com.PanaMCAutomation.MC_Carrier_Type.MCID20_CarrierType_SublocationMissingCount.testB(MCID20_CarrierType_SublocationMissingCount.java:24)
at com.PanaAutomation.Base.runMC.main(runMC.java:28)
Caused by: java.lang.NullPointerException
at com.PanaAutomation.Keywords.GenericKeywords.takeScreenShot(GenericKeywords.java:1513)
at com.PanaAutomation.Keywords.GenericKeywords.reportFailure(GenericKeywords.java:1460)
at com.PanaAutomation.Keywords.GenericKeywords.openBrowser(GenericKeywords.java:158)
... 29 more
... Removed 26 stack frames]]>
    </failure>
  </testcase> <!-- testB -->
  <testcase name="testB" time="0.017" classname="com.PanaMCAutomation.MC_Carrier_Type.MCID21_CarrierType_SublocationMissingSeperator">
    <failure type="java.lang.reflect.InvocationTargetException">
      <![CDATA[java.lang.reflect.InvocationTargetException
at com.PanaAutomation.Driver.DriverScript.executeKeywords(DriverScript.java:79)
at com.PanaMCAutomation.MC_Carrier_Type.MCID21_CarrierType_SublocationMissingSeperator.testB(MCID21_CarrierType_SublocationMissingSeperator.java:24)
at com.PanaAutomation.Base.runMC.main(runMC.java:28)
Caused by: java.lang.NullPointerException
at com.PanaAutomation.Keywords.GenericKeywords.takeScreenShot(GenericKeywords.java:1513)
at com.PanaAutomation.Keywords.GenericKeywords.reportFailure(GenericKeywords.java:1460)
at com.PanaAutomation.Keywords.GenericKeywords.openBrowser(GenericKeywords.java:158)
... 29 more
... Removed 26 stack frames]]>
    </failure>
  </testcase> <!-- testB -->
  <testcase name="testB" time="0.019" classname="com.PanaMCAutomation.MC_Carrier_Type.MCID22_CarrierType_NewAttributeAdd">
    <failure type="java.lang.reflect.InvocationTargetException">
      <![CDATA[java.lang.reflect.InvocationTargetException
at com.PanaAutomation.Driver.DriverScript.executeKeywords(DriverScript.java:79)
at com.PanaMCAutomation.MC_Carrier_Type.MCID22_CarrierType_NewAttributeAdd.testB(MCID22_CarrierType_NewAttributeAdd.java:24)
at com.PanaAutomation.Base.runMC.main(runMC.java:28)
Caused by: java.lang.NullPointerException
at com.PanaAutomation.Keywords.GenericKeywords.takeScreenShot(GenericKeywords.java:1513)
at com.PanaAutomation.Keywords.GenericKeywords.reportFailure(GenericKeywords.java:1460)
at com.PanaAutomation.Keywords.GenericKeywords.openBrowser(GenericKeywords.java:158)
... 29 more
... Removed 26 stack frames]]>
    </failure>
  </testcase> <!-- testB -->
  <testcase name="testB" time="0.018" classname="com.PanaMCAutomation.MC_Carrier_Type.MCID23_CarrierType_NewAttributeDelete">
    <failure type="java.lang.reflect.InvocationTargetException">
      <![CDATA[java.lang.reflect.InvocationTargetException
at com.PanaAutomation.Driver.DriverScript.executeKeywords(DriverScript.java:79)
at com.PanaMCAutomation.MC_Carrier_Type.MCID23_CarrierType_NewAttributeDelete.testB(MCID23_CarrierType_NewAttributeDelete.java:24)
at com.PanaAutomation.Base.runMC.main(runMC.java:28)
Caused by: java.lang.NullPointerException
at com.PanaAutomation.Keywords.GenericKeywords.takeScreenShot(GenericKeywords.java:1513)
at com.PanaAutomation.Keywords.GenericKeywords.reportFailure(GenericKeywords.java:1460)
at com.PanaAutomation.Keywords.GenericKeywords.openBrowser(GenericKeywords.java:158)
... 29 more
... Removed 26 stack frames]]>
    </failure>
  </testcase> <!-- testB -->
  <testcase name="testB" time="0.022" classname="com.PanaMCAutomation.MC_Carrier_Type.MCID24_CarrierType_NewAttributeEdit">
    <failure type="java.lang.reflect.InvocationTargetException">
      <![CDATA[java.lang.reflect.InvocationTargetException
at com.PanaAutomation.Driver.DriverScript.executeKeywords(DriverScript.java:79)
at com.PanaMCAutomation.MC_Carrier_Type.MCID24_CarrierType_NewAttributeEdit.testB(MCID24_CarrierType_NewAttributeEdit.java:24)
at com.PanaAutomation.Base.runMC.main(runMC.java:28)
Caused by: java.lang.NullPointerException
at com.PanaAutomation.Keywords.GenericKeywords.takeScreenShot(GenericKeywords.java:1513)
at com.PanaAutomation.Keywords.GenericKeywords.reportFailure(GenericKeywords.java:1460)
at com.PanaAutomation.Keywords.GenericKeywords.openBrowser(GenericKeywords.java:158)
... 29 more
... Removed 26 stack frames]]>
    </failure>
  </testcase> <!-- testB -->
  <testcase name="testB" time="0.017" classname="com.PanaMCAutomation.MC_Carrier_Type.MCID25_CarrierType_Delete">
    <failure type="java.lang.reflect.InvocationTargetException">
      <![CDATA[java.lang.reflect.InvocationTargetException
at com.PanaAutomation.Driver.DriverScript.executeKeywords(DriverScript.java:79)
at com.PanaMCAutomation.MC_Carrier_Type.MCID25_CarrierType_Delete.testB(MCID25_CarrierType_Delete.java:24)
at com.PanaAutomation.Base.runMC.main(runMC.java:28)
Caused by: java.lang.NullPointerException
at com.PanaAutomation.Keywords.GenericKeywords.takeScreenShot(GenericKeywords.java:1513)
at com.PanaAutomation.Keywords.GenericKeywords.reportFailure(GenericKeywords.java:1460)
at com.PanaAutomation.Keywords.GenericKeywords.openBrowser(GenericKeywords.java:158)
... 29 more
... Removed 26 stack frames]]>
    </failure>
  </testcase> <!-- testB -->
  <testcase name="testB" time="0.023" classname="com.PanaMCAutomation.MC_Carrier_Type.MCID26_CarrierType_Cancel">
    <failure type="java.lang.reflect.InvocationTargetException">
      <![CDATA[java.lang.reflect.InvocationTargetException
at com.PanaAutomation.Driver.DriverScript.executeKeywords(DriverScript.java:79)
at com.PanaMCAutomation.MC_Carrier_Type.MCID26_CarrierType_Cancel.testB(MCID26_CarrierType_Cancel.java:24)
at com.PanaAutomation.Base.runMC.main(runMC.java:28)
Caused by: java.lang.NullPointerException
at com.PanaAutomation.Keywords.GenericKeywords.takeScreenShot(GenericKeywords.java:1513)
at com.PanaAutomation.Keywords.GenericKeywords.reportFailure(GenericKeywords.java:1460)
at com.PanaAutomation.Keywords.GenericKeywords.openBrowser(GenericKeywords.java:158)
... 29 more
... Removed 26 stack frames]]>
    </failure>
  </testcase> <!-- testB -->
  <testcase name="testB" time="0.025" classname="com.PanaMCAutomation.MC_Carrier_Type.MCID27_CarrierType_Edit">
    <failure type="java.lang.reflect.InvocationTargetException">
      <![CDATA[java.lang.reflect.InvocationTargetException
at com.PanaAutomation.Driver.DriverScript.executeKeywords(DriverScript.java:79)
at com.PanaMCAutomation.MC_Carrier_Type.MCID27_CarrierType_Edit.testB(MCID27_CarrierType_Edit.java:24)
at com.PanaAutomation.Base.runMC.main(runMC.java:28)
Caused by: java.lang.NullPointerException
at com.PanaAutomation.Keywords.GenericKeywords.takeScreenShot(GenericKeywords.java:1513)
at com.PanaAutomation.Keywords.GenericKeywords.reportFailure(GenericKeywords.java:1460)
at com.PanaAutomation.Keywords.GenericKeywords.openBrowser(GenericKeywords.java:158)
... 29 more
... Removed 26 stack frames]]>
    </failure>
  </testcase> <!-- testB -->
  <testcase name="testB" time="0.019" classname="com.PanaMCAutomation.MC_Carrier_Type.MCID28_CarrierType_Filter">
    <failure type="java.lang.reflect.InvocationTargetException">
      <![CDATA[java.lang.reflect.InvocationTargetException
at com.PanaAutomation.Driver.DriverScript.executeKeywords(DriverScript.java:79)
at com.PanaMCAutomation.MC_Carrier_Type.MCID28_CarrierType_Filter.testB(MCID28_CarrierType_Filter.java:24)
at com.PanaAutomation.Base.runMC.main(runMC.java:28)
Caused by: java.lang.NullPointerException
at com.PanaAutomation.Keywords.GenericKeywords.takeScreenShot(GenericKeywords.java:1513)
at com.PanaAutomation.Keywords.GenericKeywords.reportFailure(GenericKeywords.java:1460)
at com.PanaAutomation.Keywords.GenericKeywords.openBrowser(GenericKeywords.java:158)
... 29 more
... Removed 26 stack frames]]>
    </failure>
  </testcase> <!-- testB -->
  <testcase name="testB" time="0.019" classname="com.PanaMCAutomation.MC_Carrier_Type.MCID29_CarrierType_MissingBarcode">
    <failure type="java.lang.reflect.InvocationTargetException">
      <![CDATA[java.lang.reflect.InvocationTargetException
at com.PanaAutomation.Driver.DriverScript.executeKeywords(DriverScript.java:79)
at com.PanaMCAutomation.MC_Carrier_Type.MCID29_CarrierType_MissingBarcode.testB(MCID29_CarrierType_MissingBarcode.java:24)
at com.PanaAutomation.Base.runMC.main(runMC.java:28)
Caused by: java.lang.NullPointerException
at com.PanaAutomation.Keywords.GenericKeywords.takeScreenShot(GenericKeywords.java:1513)
at com.PanaAutomation.Keywords.GenericKeywords.reportFailure(GenericKeywords.java:1460)
at com.PanaAutomation.Keywords.GenericKeywords.openBrowser(GenericKeywords.java:158)
... 29 more
... Removed 26 stack frames]]>
    </failure>
  </testcase> <!-- testB -->
  <testcase name="testB" time="0.019" classname="com.PanaMCAutomation.MC_Carrier_Type.MCID30_CarrierType_MissingSeed">
    <failure type="java.lang.reflect.InvocationTargetException">
      <![CDATA[java.lang.reflect.InvocationTargetException
at com.PanaAutomation.Driver.DriverScript.executeKeywords(DriverScript.java:79)
at com.PanaMCAutomation.MC_Carrier_Type.MCID30_CarrierType_MissingSeed.testB(MCID30_CarrierType_MissingSeed.java:24)
at com.PanaAutomation.Base.runMC.main(runMC.java:28)
Caused by: java.lang.NullPointerException
at com.PanaAutomation.Keywords.GenericKeywords.takeScreenShot(GenericKeywords.java:1513)
at com.PanaAutomation.Keywords.GenericKeywords.reportFailure(GenericKeywords.java:1460)
at com.PanaAutomation.Keywords.GenericKeywords.openBrowser(GenericKeywords.java:158)
... 29 more
... Removed 26 stack frames]]>
    </failure>
  </testcase> <!-- testB -->
  <testcase name="testB" time="0.031" classname="com.PanaMCAutomation.MC_Carrier_Type.MCID31_CarrierType_MissingLabel">
    <failure type="java.lang.reflect.InvocationTargetException">
      <![CDATA[java.lang.reflect.InvocationTargetException
at com.PanaAutomation.Driver.DriverScript.executeKeywords(DriverScript.java:79)
at com.PanaMCAutomation.MC_Carrier_Type.MCID31_CarrierType_MissingLabel.testB(MCID31_CarrierType_MissingLabel.java:24)
at com.PanaAutomation.Base.runMC.main(runMC.java:28)
Caused by: java.lang.NullPointerException
at com.PanaAutomation.Keywords.GenericKeywords.takeScreenShot(GenericKeywords.java:1513)
at com.PanaAutomation.Keywords.GenericKeywords.reportFailure(GenericKeywords.java:1460)
at com.PanaAutomation.Keywords.GenericKeywords.openBrowser(GenericKeywords.java:158)
... 29 more
... Removed 26 stack frames]]>
    </failure>
  </testcase> <!-- testB -->
  <testcase name="testB" time="0.019" classname="com.PanaMCAutomation.MC_Carrier_Type.MCID32_CarrierType_MissingLocation">
    <failure type="java.lang.reflect.InvocationTargetException">
      <![CDATA[java.lang.reflect.InvocationTargetException
at com.PanaAutomation.Driver.DriverScript.executeKeywords(DriverScript.java:79)
at com.PanaMCAutomation.MC_Carrier_Type.MCID32_CarrierType_MissingLocation.testB(MCID32_CarrierType_MissingLocation.java:24)
at com.PanaAutomation.Base.runMC.main(runMC.java:28)
Caused by: java.lang.NullPointerException
at com.PanaAutomation.Keywords.GenericKeywords.takeScreenShot(GenericKeywords.java:1513)
at com.PanaAutomation.Keywords.GenericKeywords.reportFailure(GenericKeywords.java:1460)
at com.PanaAutomation.Keywords.GenericKeywords.openBrowser(GenericKeywords.java:158)
... 29 more
... Removed 26 stack frames]]>
    </failure>
  </testcase> <!-- testB -->
  <testcase name="testB" time="0.019" classname="com.PanaMCAutomation.MC_Carrier_Type.MCID33_CarrierType_MissingName">
    <failure type="java.lang.reflect.InvocationTargetException">
      <![CDATA[java.lang.reflect.InvocationTargetException
at com.PanaAutomation.Driver.DriverScript.executeKeywords(DriverScript.java:79)
at com.PanaMCAutomation.MC_Carrier_Type.MCID33_CarrierType_MissingName.testB(MCID33_CarrierType_MissingName.java:24)
at com.PanaAutomation.Base.runMC.main(runMC.java:28)
Caused by: java.lang.NullPointerException
at com.PanaAutomation.Keywords.GenericKeywords.takeScreenShot(GenericKeywords.java:1513)
at com.PanaAutomation.Keywords.GenericKeywords.reportFailure(GenericKeywords.java:1460)
at com.PanaAutomation.Keywords.GenericKeywords.openBrowser(GenericKeywords.java:158)
... 29 more
... Removed 26 stack frames]]>
    </failure>
  </testcase> <!-- testB -->
  <testcase name="testB" time="0.032" classname="com.PanaMCAutomation.MC_Carrier_Type.MCID34_CarrierType_MissingCapacity">
    <failure type="java.lang.reflect.InvocationTargetException">
      <![CDATA[java.lang.reflect.InvocationTargetException
at com.PanaAutomation.Driver.DriverScript.executeKeywords(DriverScript.java:79)
at com.PanaMCAutomation.MC_Carrier_Type.MCID34_CarrierType_MissingCapacity.testB(MCID34_CarrierType_MissingCapacity.java:24)
at com.PanaAutomation.Base.runMC.main(runMC.java:28)
Caused by: java.lang.NullPointerException
at com.PanaAutomation.Keywords.GenericKeywords.takeScreenShot(GenericKeywords.java:1513)
at com.PanaAutomation.Keywords.GenericKeywords.reportFailure(GenericKeywords.java:1460)
at com.PanaAutomation.Keywords.GenericKeywords.openBrowser(GenericKeywords.java:158)
... 29 more
... Removed 26 stack frames]]>
    </failure>
  </testcase> <!-- testB -->
  <testcase name="testB" time="0.344" classname="com.PanaMCAutomation.MC_Carrier_Type.MCID35_CarrierType_MissingDes">
    <failure type="java.lang.reflect.InvocationTargetException">
      <![CDATA[java.lang.reflect.InvocationTargetException
at com.PanaAutomation.Driver.DriverScript.executeKeywords(DriverScript.java:79)
at com.PanaMCAutomation.MC_Carrier_Type.MCID35_CarrierType_MissingDes.testB(MCID35_CarrierType_MissingDes.java:24)
at com.PanaAutomation.Base.runMC.main(runMC.java:28)
Caused by: java.lang.NullPointerException
at com.PanaAutomation.Keywords.GenericKeywords.takeScreenShot(GenericKeywords.java:1513)
at com.PanaAutomation.Keywords.GenericKeywords.reportFailure(GenericKeywords.java:1460)
at com.PanaAutomation.Keywords.GenericKeywords.openBrowser(GenericKeywords.java:158)
... 29 more
... Removed 26 stack frames]]>
    </failure>
  </testcase> <!-- testB -->
  <testcase name="testB" time="0.298" classname="com.PanaMCAutomation.MC_Carrier_Type.MCID36_CarrierType_WhereUsed">
    <failure type="java.lang.reflect.InvocationTargetException">
      <![CDATA[java.lang.reflect.InvocationTargetException
at com.PanaAutomation.Driver.DriverScript.executeKeywords(DriverScript.java:79)
at com.PanaMCAutomation.MC_Carrier_Type.MCID36_CarrierType_WhereUsed.testB(MCID36_CarrierType_WhereUsed.java:24)
at com.PanaAutomation.Base.runMC.main(runMC.java:28)
Caused by: java.lang.NullPointerException
at com.PanaAutomation.Keywords.GenericKeywords.takeScreenShot(GenericKeywords.java:1513)
at com.PanaAutomation.Keywords.GenericKeywords.reportFailure(GenericKeywords.java:1460)
at com.PanaAutomation.Keywords.GenericKeywords.openBrowser(GenericKeywords.java:158)
... 29 more
... Removed 26 stack frames]]>
    </failure>
  </testcase> <!-- testB -->
  <testcase name="testB" time="0.025" classname="com.PanaMCAutomation.MC_Carrier_Type.MCID37_CarrierType_AddLable">
    <failure type="java.lang.reflect.InvocationTargetException">
      <![CDATA[java.lang.reflect.InvocationTargetException
at com.PanaAutomation.Driver.DriverScript.executeKeywords(DriverScript.java:79)
at com.PanaMCAutomation.MC_Carrier_Type.MCID37_CarrierType_AddLable.testB(MCID37_CarrierType_AddLable.java:24)
at com.PanaAutomation.Base.runMC.main(runMC.java:28)
Caused by: java.lang.NullPointerException
at com.PanaAutomation.Keywords.GenericKeywords.takeScreenShot(GenericKeywords.java:1513)
at com.PanaAutomation.Keywords.GenericKeywords.reportFailure(GenericKeywords.java:1460)
at com.PanaAutomation.Keywords.GenericKeywords.openBrowser(GenericKeywords.java:158)
... 29 more
... Removed 26 stack frames]]>
    </failure>
  </testcase> <!-- testB -->
  <testcase name="testB" time="0.021" classname="com.PanaMCAutomation.MC_Carrier_Type.MCID38_CarrierType_AddSeed">
    <failure type="java.lang.reflect.InvocationTargetException">
      <![CDATA[java.lang.reflect.InvocationTargetException
at com.PanaAutomation.Driver.DriverScript.executeKeywords(DriverScript.java:79)
at com.PanaMCAutomation.MC_Carrier_Type.MCID38_CarrierType_AddSeed.testB(MCID38_CarrierType_AddSeed.java:24)
at com.PanaAutomation.Base.runMC.main(runMC.java:28)
Caused by: java.lang.NullPointerException
at com.PanaAutomation.Keywords.GenericKeywords.takeScreenShot(GenericKeywords.java:1513)
at com.PanaAutomation.Keywords.GenericKeywords.reportFailure(GenericKeywords.java:1460)
at com.PanaAutomation.Keywords.GenericKeywords.openBrowser(GenericKeywords.java:158)
... 29 more
... Removed 26 stack frames]]>
    </failure>
  </testcase> <!-- testB -->
  <testcase name="testB" time="0.031" classname="com.PanaMCAutomation.MC_Carrier_Type.MCID39_CarrierType_AddBarcode">
    <failure type="java.lang.reflect.InvocationTargetException">
      <![CDATA[java.lang.reflect.InvocationTargetException
at com.PanaAutomation.Driver.DriverScript.executeKeywords(DriverScript.java:79)
at com.PanaMCAutomation.MC_Carrier_Type.MCID39_CarrierType_AddBarcode.testB(MCID39_CarrierType_AddBarcode.java:24)
at com.PanaAutomation.Base.runMC.main(runMC.java:28)
Caused by: java.lang.NullPointerException
at com.PanaAutomation.Keywords.GenericKeywords.takeScreenShot(GenericKeywords.java:1513)
at com.PanaAutomation.Keywords.GenericKeywords.reportFailure(GenericKeywords.java:1460)
at com.PanaAutomation.Keywords.GenericKeywords.openBrowser(GenericKeywords.java:158)
... 29 more
... Removed 26 stack frames]]>
    </failure>
  </testcase> <!-- testB -->
</testsuite> <!-- MC Carrier Type Test -->
