<?xml version="1.0" encoding="UTF-8"?>
<!-- Generated by org.testng.reporters.JUnitXMLReporter -->
<testsuite hostname="PRDCV271-W7" ignored="0" name="TSM Type Test" tests="2" failures="0" timestamp="17 May 2019 11:56:08 GMT" time="39.39" errors="0">
  <testcase name="testB" time="18.123" classname="com.PanaMCAutomation.MC_PartTemplate2.ID1507_1163__Part_Dashboard_Part_Template"/>
  <testcase name="testB" time="20.965" classname="com.PanaMCAutomation.MC_PartTemplate2.ID1508_1179__20180619020135_Part_Dashboard_Part_Template"/>
</testsuite> <!-- TSM Type Test -->
