<?xml version="1.0" encoding="UTF-8"?>
<!-- Generated by org.testng.reporters.JUnitXMLReporter -->
<testsuite hostname="C40FF43LAP" ignored="0" name="InventoryDashboard Test" tests="38" failures="38" timestamp="04 Dec 2021 15:32:03 GMT" time="19.583" errors="0">
  <testcase name="testB" time="0.017" classname="com.PanaMCAutomation.MC_Inventory_Dashboard.ValidateColumnsNonMC">
    <failure type="java.lang.reflect.InvocationTargetException">
      <![CDATA[java.lang.reflect.InvocationTargetException
at com.PanaAutomation.Driver.DriverScript.executeKeywords(DriverScript.java:79)
at com.PanaMCAutomation.MC_Inventory_Dashboard.ValidateColumnsNonMC.testB(ValidateColumnsNonMC.java:23)
at com.PanaAutomation.Base.runMC.main(runMC.java:28)
Caused by: java.lang.NullPointerException
at com.PanaAutomation.Keywords.GenericKeywords.takeScreenShot(GenericKeywords.java:1513)
at com.PanaAutomation.Keywords.GenericKeywords.reportFailure(GenericKeywords.java:1460)
at com.PanaAutomation.Keywords.GenericKeywords.openBrowser(GenericKeywords.java:158)
... 29 more
... Removed 26 stack frames]]>
    </failure>
  </testcase> <!-- testB -->
  <testcase name="testB" time="0.895" classname="com.PanaMCAutomation.MC_Inventory_Dashboard.ValidateColumnsNonMC">
    <failure type="java.lang.reflect.InvocationTargetException">
      <![CDATA[java.lang.reflect.InvocationTargetException
at com.PanaAutomation.Driver.DriverScript.executeKeywords(DriverScript.java:79)
at com.PanaMCAutomation.MC_Inventory_Dashboard.ValidateColumnsNonMC.testB(ValidateColumnsNonMC.java:23)
at com.PanaAutomation.Base.runMC.main(runMC.java:28)
Caused by: java.lang.NullPointerException
at com.PanaAutomation.Keywords.GenericKeywords.takeScreenShot(GenericKeywords.java:1513)
at com.PanaAutomation.Keywords.GenericKeywords.reportFailure(GenericKeywords.java:1460)
at com.PanaAutomation.Keywords.GenericKeywords.openBrowser(GenericKeywords.java:158)
... 29 more
... Removed 26 stack frames]]>
    </failure>
  </testcase> <!-- testB -->
  <testcase name="testB" time="0.652" classname="com.PanaMCAutomation.MC_Inventory_Dashboard.ValidateColumnsMC">
    <failure type="java.lang.reflect.InvocationTargetException">
      <![CDATA[java.lang.reflect.InvocationTargetException
at com.PanaAutomation.Driver.DriverScript.executeKeywords(DriverScript.java:79)
at com.PanaMCAutomation.MC_Inventory_Dashboard.ValidateColumnsMC.testB(ValidateColumnsMC.java:23)
at com.PanaAutomation.Base.runMC.main(runMC.java:28)
Caused by: java.lang.NullPointerException
at com.PanaAutomation.Keywords.GenericKeywords.takeScreenShot(GenericKeywords.java:1513)
at com.PanaAutomation.Keywords.GenericKeywords.reportFailure(GenericKeywords.java:1460)
at com.PanaAutomation.Keywords.GenericKeywords.openBrowser(GenericKeywords.java:158)
... 29 more
... Removed 26 stack frames]]>
    </failure>
  </testcase> <!-- testB -->
  <testcase name="testB" time="0.408" classname="com.PanaMCAutomation.MC_Inventory_Dashboard.ValidateColumnsMCChecknox">
    <failure type="java.lang.reflect.InvocationTargetException">
      <![CDATA[java.lang.reflect.InvocationTargetException
at com.PanaAutomation.Driver.DriverScript.executeKeywords(DriverScript.java:79)
at com.PanaMCAutomation.MC_Inventory_Dashboard.ValidateColumnsMCChecknox.testB(ValidateColumnsMCChecknox.java:23)
at com.PanaAutomation.Base.runMC.main(runMC.java:28)
Caused by: java.lang.NullPointerException
at com.PanaAutomation.Keywords.GenericKeywords.takeScreenShot(GenericKeywords.java:1513)
at com.PanaAutomation.Keywords.GenericKeywords.reportFailure(GenericKeywords.java:1460)
at com.PanaAutomation.Keywords.GenericKeywords.openBrowser(GenericKeywords.java:158)
... 29 more
... Removed 26 stack frames]]>
    </failure>
  </testcase> <!-- testB -->
  <testcase name="testB" time="0.293" classname="com.PanaMCAutomation.MC_Inventory_Dashboard.ValidateColumnsNonMCCheckbox">
    <failure type="java.lang.reflect.InvocationTargetException">
      <![CDATA[java.lang.reflect.InvocationTargetException
at com.PanaAutomation.Driver.DriverScript.executeKeywords(DriverScript.java:79)
at com.PanaMCAutomation.MC_Inventory_Dashboard.ValidateColumnsNonMCCheckbox.testB(ValidateColumnsNonMCCheckbox.java:23)
at com.PanaAutomation.Base.runMC.main(runMC.java:28)
Caused by: java.lang.NullPointerException
at com.PanaAutomation.Keywords.GenericKeywords.takeScreenShot(GenericKeywords.java:1513)
at com.PanaAutomation.Keywords.GenericKeywords.reportFailure(GenericKeywords.java:1460)
at com.PanaAutomation.Keywords.GenericKeywords.openBrowser(GenericKeywords.java:158)
... 29 more
... Removed 26 stack frames]]>
    </failure>
  </testcase> <!-- testB -->
  <testcase name="testB" time="0.032" classname="com.PanaMCAutomation.MC_Inventory_Dashboard.ValidateMC_Non_MCToggle">
    <failure type="java.lang.reflect.InvocationTargetException">
      <![CDATA[java.lang.reflect.InvocationTargetException
at com.PanaAutomation.Driver.DriverScript.executeKeywords(DriverScript.java:79)
at com.PanaMCAutomation.MC_Inventory_Dashboard.ValidateMC_Non_MCToggle.testB(ValidateMC_Non_MCToggle.java:23)
at com.PanaAutomation.Base.runMC.main(runMC.java:28)
Caused by: java.lang.NullPointerException
at com.PanaAutomation.Keywords.GenericKeywords.takeScreenShot(GenericKeywords.java:1513)
at com.PanaAutomation.Keywords.GenericKeywords.reportFailure(GenericKeywords.java:1460)
at com.PanaAutomation.Keywords.GenericKeywords.openBrowser(GenericKeywords.java:158)
... 29 more
... Removed 26 stack frames]]>
    </failure>
  </testcase> <!-- testB -->
  <testcase name="testB" time="0.02" classname="com.PanaMCAutomation.MC_Inventory_Dashboard.ValidateMC_Non_MCToggle">
    <failure type="java.lang.reflect.InvocationTargetException">
      <![CDATA[java.lang.reflect.InvocationTargetException
at com.PanaAutomation.Driver.DriverScript.executeKeywords(DriverScript.java:79)
at com.PanaMCAutomation.MC_Inventory_Dashboard.ValidateMC_Non_MCToggle.testB(ValidateMC_Non_MCToggle.java:23)
at com.PanaAutomation.Base.runMC.main(runMC.java:28)
Caused by: java.lang.NullPointerException
at com.PanaAutomation.Keywords.GenericKeywords.takeScreenShot(GenericKeywords.java:1513)
at com.PanaAutomation.Keywords.GenericKeywords.reportFailure(GenericKeywords.java:1460)
at com.PanaAutomation.Keywords.GenericKeywords.openBrowser(GenericKeywords.java:158)
... 29 more
... Removed 26 stack frames]]>
    </failure>
  </testcase> <!-- testB -->
  <testcase name="testB" time="0.016" classname="com.PanaMCAutomation.MC_Inventory_Dashboard.ValidateBothRadioButton">
    <failure type="java.lang.reflect.InvocationTargetException">
      <![CDATA[java.lang.reflect.InvocationTargetException
at com.PanaAutomation.Driver.DriverScript.executeKeywords(DriverScript.java:79)
at com.PanaMCAutomation.MC_Inventory_Dashboard.ValidateBothRadioButton.testB(ValidateBothRadioButton.java:23)
at com.PanaAutomation.Base.runMC.main(runMC.java:28)
Caused by: java.lang.NullPointerException
at com.PanaAutomation.Keywords.GenericKeywords.takeScreenShot(GenericKeywords.java:1513)
at com.PanaAutomation.Keywords.GenericKeywords.reportFailure(GenericKeywords.java:1460)
at com.PanaAutomation.Keywords.GenericKeywords.openBrowser(GenericKeywords.java:158)
... 29 more
... Removed 26 stack frames]]>
    </failure>
  </testcase> <!-- testB -->
  <testcase name="testB" time="0.021" classname="com.PanaMCAutomation.MC_Inventory_Dashboard.ValidateBothRadioButton">
    <failure type="java.lang.reflect.InvocationTargetException">
      <![CDATA[java.lang.reflect.InvocationTargetException
at com.PanaAutomation.Driver.DriverScript.executeKeywords(DriverScript.java:79)
at com.PanaMCAutomation.MC_Inventory_Dashboard.ValidateBothRadioButton.testB(ValidateBothRadioButton.java:23)
at com.PanaAutomation.Base.runMC.main(runMC.java:28)
Caused by: java.lang.NullPointerException
at com.PanaAutomation.Keywords.GenericKeywords.takeScreenShot(GenericKeywords.java:1513)
at com.PanaAutomation.Keywords.GenericKeywords.reportFailure(GenericKeywords.java:1460)
at com.PanaAutomation.Keywords.GenericKeywords.openBrowser(GenericKeywords.java:158)
... 29 more
... Removed 26 stack frames]]>
    </failure>
  </testcase> <!-- testB -->
  <testcase name="testB" time="0.015" classname="com.PanaMCAutomation.MC_Inventory_Dashboard.ValidateMCItems">
    <failure type="java.lang.reflect.InvocationTargetException">
      <![CDATA[java.lang.reflect.InvocationTargetException
at com.PanaAutomation.Driver.DriverScript.executeKeywords(DriverScript.java:79)
at com.PanaMCAutomation.MC_Inventory_Dashboard.ValidateMCItems.testB(ValidateMCItems.java:23)
at com.PanaAutomation.Base.runMC.main(runMC.java:28)
Caused by: java.lang.NullPointerException
at com.PanaAutomation.Keywords.GenericKeywords.takeScreenShot(GenericKeywords.java:1513)
at com.PanaAutomation.Keywords.GenericKeywords.reportFailure(GenericKeywords.java:1460)
at com.PanaAutomation.Keywords.GenericKeywords.openBrowser(GenericKeywords.java:158)
... 29 more
... Removed 26 stack frames]]>
    </failure>
  </testcase> <!-- testB -->
  <testcase name="testB" time="0.033" classname="com.PanaMCAutomation.MC_Inventory_Dashboard.ValidateNONMCItems">
    <failure type="java.lang.reflect.InvocationTargetException">
      <![CDATA[java.lang.reflect.InvocationTargetException
at com.PanaAutomation.Driver.DriverScript.executeKeywords(DriverScript.java:79)
at com.PanaMCAutomation.MC_Inventory_Dashboard.ValidateNONMCItems.testB(ValidateNONMCItems.java:23)
at com.PanaAutomation.Base.runMC.main(runMC.java:28)
Caused by: java.lang.NullPointerException
at com.PanaAutomation.Keywords.GenericKeywords.takeScreenShot(GenericKeywords.java:1513)
at com.PanaAutomation.Keywords.GenericKeywords.reportFailure(GenericKeywords.java:1460)
at com.PanaAutomation.Keywords.GenericKeywords.openBrowser(GenericKeywords.java:158)
... 29 more
... Removed 26 stack frames]]>
    </failure>
  </testcase> <!-- testB -->
  <testcase name="testB" time="0.015" classname="com.PanaMCAutomation.MC_Inventory_Dashboard.ValidateNONMCItems">
    <failure type="java.lang.reflect.InvocationTargetException">
      <![CDATA[java.lang.reflect.InvocationTargetException
at com.PanaAutomation.Driver.DriverScript.executeKeywords(DriverScript.java:79)
at com.PanaMCAutomation.MC_Inventory_Dashboard.ValidateNONMCItems.testB(ValidateNONMCItems.java:23)
at com.PanaAutomation.Base.runMC.main(runMC.java:28)
Caused by: java.lang.NullPointerException
at com.PanaAutomation.Keywords.GenericKeywords.takeScreenShot(GenericKeywords.java:1513)
at com.PanaAutomation.Keywords.GenericKeywords.reportFailure(GenericKeywords.java:1460)
at com.PanaAutomation.Keywords.GenericKeywords.openBrowser(GenericKeywords.java:158)
... 29 more
... Removed 26 stack frames]]>
    </failure>
  </testcase> <!-- testB -->
  <testcase name="testB" time="0.029" classname="com.PanaMCAutomation.MC_Inventory_Dashboard.ValidateBoth_MC_NonMCItems">
    <failure type="java.lang.reflect.InvocationTargetException">
      <![CDATA[java.lang.reflect.InvocationTargetException
at com.PanaAutomation.Driver.DriverScript.executeKeywords(DriverScript.java:79)
at com.PanaMCAutomation.MC_Inventory_Dashboard.ValidateBoth_MC_NonMCItems.testB(ValidateBoth_MC_NonMCItems.java:23)
at com.PanaAutomation.Base.runMC.main(runMC.java:28)
Caused by: java.lang.NullPointerException
at com.PanaAutomation.Keywords.GenericKeywords.takeScreenShot(GenericKeywords.java:1513)
at com.PanaAutomation.Keywords.GenericKeywords.reportFailure(GenericKeywords.java:1460)
at com.PanaAutomation.Keywords.GenericKeywords.openBrowser(GenericKeywords.java:158)
... 29 more
... Removed 26 stack frames]]>
    </failure>
  </testcase> <!-- testB -->
  <testcase name="testB" time="0.017" classname="com.PanaMCAutomation.MC_Inventory_Dashboard.ValidateAddALLtoCart">
    <failure type="java.lang.reflect.InvocationTargetException">
      <![CDATA[java.lang.reflect.InvocationTargetException
at com.PanaAutomation.Driver.DriverScript.executeKeywords(DriverScript.java:79)
at com.PanaMCAutomation.MC_Inventory_Dashboard.ValidateAddALLtoCart.testB(ValidateAddALLtoCart.java:23)
at com.PanaAutomation.Base.runMC.main(runMC.java:28)
Caused by: java.lang.NullPointerException
at com.PanaAutomation.Keywords.GenericKeywords.takeScreenShot(GenericKeywords.java:1513)
at com.PanaAutomation.Keywords.GenericKeywords.reportFailure(GenericKeywords.java:1460)
at com.PanaAutomation.Keywords.GenericKeywords.openBrowser(GenericKeywords.java:158)
... 29 more
... Removed 26 stack frames]]>
    </failure>
  </testcase> <!-- testB -->
  <testcase name="testB" time="0.02" classname="com.PanaMCAutomation.MC_Inventory_Dashboard.ValidateCartItems">
    <failure type="java.lang.reflect.InvocationTargetException">
      <![CDATA[java.lang.reflect.InvocationTargetException
at com.PanaAutomation.Driver.DriverScript.executeKeywords(DriverScript.java:79)
at com.PanaMCAutomation.MC_Inventory_Dashboard.ValidateCartItems.testB(ValidateCartItems.java:23)
at com.PanaAutomation.Base.runMC.main(runMC.java:28)
Caused by: java.lang.NullPointerException
at com.PanaAutomation.Keywords.GenericKeywords.takeScreenShot(GenericKeywords.java:1513)
at com.PanaAutomation.Keywords.GenericKeywords.reportFailure(GenericKeywords.java:1460)
at com.PanaAutomation.Keywords.GenericKeywords.openBrowser(GenericKeywords.java:158)
... 29 more
... Removed 26 stack frames]]>
    </failure>
  </testcase> <!-- testB -->
  <testcase name="testB" time="0.015" classname="com.PanaMCAutomation.MC_Inventory_Dashboard.ValidateCartItems">
    <failure type="java.lang.reflect.InvocationTargetException">
      <![CDATA[java.lang.reflect.InvocationTargetException
at com.PanaAutomation.Driver.DriverScript.executeKeywords(DriverScript.java:79)
at com.PanaMCAutomation.MC_Inventory_Dashboard.ValidateCartItems.testB(ValidateCartItems.java:23)
at com.PanaAutomation.Base.runMC.main(runMC.java:28)
Caused by: java.lang.NullPointerException
at com.PanaAutomation.Keywords.GenericKeywords.takeScreenShot(GenericKeywords.java:1513)
at com.PanaAutomation.Keywords.GenericKeywords.reportFailure(GenericKeywords.java:1460)
at com.PanaAutomation.Keywords.GenericKeywords.openBrowser(GenericKeywords.java:158)
... 29 more
... Removed 26 stack frames]]>
    </failure>
  </testcase> <!-- testB -->
  <testcase name="testB" time="0.02" classname="com.PanaMCAutomation.MC_Inventory_Dashboard.Validate_MC_AddALLtoCart">
    <failure type="java.lang.reflect.InvocationTargetException">
      <![CDATA[java.lang.reflect.InvocationTargetException
at com.PanaAutomation.Driver.DriverScript.executeKeywords(DriverScript.java:79)
at com.PanaMCAutomation.MC_Inventory_Dashboard.Validate_MC_AddALLtoCart.testB(Validate_MC_AddALLtoCart.java:23)
at com.PanaAutomation.Base.runMC.main(runMC.java:28)
Caused by: java.lang.NullPointerException
at com.PanaAutomation.Keywords.GenericKeywords.takeScreenShot(GenericKeywords.java:1513)
at com.PanaAutomation.Keywords.GenericKeywords.reportFailure(GenericKeywords.java:1460)
at com.PanaAutomation.Keywords.GenericKeywords.openBrowser(GenericKeywords.java:158)
... 29 more
... Removed 26 stack frames]]>
    </failure>
  </testcase> <!-- testB -->
  <testcase name="testB" time="0.018" classname="com.PanaMCAutomation.MC_Inventory_Dashboard.Validate_NonMC_AddALLtoCart">
    <failure type="java.lang.reflect.InvocationTargetException">
      <![CDATA[java.lang.reflect.InvocationTargetException
at com.PanaAutomation.Driver.DriverScript.executeKeywords(DriverScript.java:79)
at com.PanaMCAutomation.MC_Inventory_Dashboard.Validate_NonMC_AddALLtoCart.testB(Validate_NonMC_AddALLtoCart.java:23)
at com.PanaAutomation.Base.runMC.main(runMC.java:28)
Caused by: java.lang.NullPointerException
at com.PanaAutomation.Keywords.GenericKeywords.takeScreenShot(GenericKeywords.java:1513)
at com.PanaAutomation.Keywords.GenericKeywords.reportFailure(GenericKeywords.java:1460)
at com.PanaAutomation.Keywords.GenericKeywords.openBrowser(GenericKeywords.java:158)
... 29 more
... Removed 26 stack frames]]>
    </failure>
  </testcase> <!-- testB -->
  <testcase name="testB" time="0.018" classname="com.PanaMCAutomation.MC_Inventory_Dashboard.Validate_MC_NonMC_AddALLtoCart">
    <failure type="java.lang.reflect.InvocationTargetException">
      <![CDATA[java.lang.reflect.InvocationTargetException
at com.PanaAutomation.Driver.DriverScript.executeKeywords(DriverScript.java:79)
at com.PanaMCAutomation.MC_Inventory_Dashboard.Validate_MC_NonMC_AddALLtoCart.testB(Validate_MC_NonMC_AddALLtoCart.java:23)
at com.PanaAutomation.Base.runMC.main(runMC.java:28)
Caused by: java.lang.NullPointerException
at com.PanaAutomation.Keywords.GenericKeywords.takeScreenShot(GenericKeywords.java:1513)
at com.PanaAutomation.Keywords.GenericKeywords.reportFailure(GenericKeywords.java:1460)
at com.PanaAutomation.Keywords.GenericKeywords.openBrowser(GenericKeywords.java:158)
... 29 more
... Removed 26 stack frames]]>
    </failure>
  </testcase> <!-- testB -->
  <testcase name="testB" time="0.014" classname="com.PanaMCAutomation.MC_Inventory_Dashboard.ValidatePart_Type_Column">
    <failure type="java.lang.reflect.InvocationTargetException">
      <![CDATA[java.lang.reflect.InvocationTargetException
at com.PanaAutomation.Driver.DriverScript.executeKeywords(DriverScript.java:79)
at com.PanaMCAutomation.MC_Inventory_Dashboard.ValidatePart_Type_Column.testB(ValidatePart_Type_Column.java:23)
at com.PanaAutomation.Base.runMC.main(runMC.java:28)
Caused by: java.lang.NullPointerException
at com.PanaAutomation.Keywords.GenericKeywords.takeScreenShot(GenericKeywords.java:1513)
at com.PanaAutomation.Keywords.GenericKeywords.reportFailure(GenericKeywords.java:1460)
at com.PanaAutomation.Keywords.GenericKeywords.openBrowser(GenericKeywords.java:158)
... 29 more
... Removed 26 stack frames]]>
    </failure>
  </testcase> <!-- testB -->
  <testcase name="testB" time="0.013" classname="com.PanaMCAutomation.MC_Inventory_Dashboard.ValidatePart_Type_ColumnSelected">
    <failure type="java.lang.reflect.InvocationTargetException">
      <![CDATA[java.lang.reflect.InvocationTargetException
at com.PanaAutomation.Driver.DriverScript.executeKeywords(DriverScript.java:79)
at com.PanaMCAutomation.MC_Inventory_Dashboard.ValidatePart_Type_ColumnSelected.testB(ValidatePart_Type_ColumnSelected.java:23)
at com.PanaAutomation.Base.runMC.main(runMC.java:28)
Caused by: java.lang.NullPointerException
at com.PanaAutomation.Keywords.GenericKeywords.takeScreenShot(GenericKeywords.java:1513)
at com.PanaAutomation.Keywords.GenericKeywords.reportFailure(GenericKeywords.java:1460)
at com.PanaAutomation.Keywords.GenericKeywords.openBrowser(GenericKeywords.java:158)
... 29 more
... Removed 26 stack frames]]>
    </failure>
  </testcase> <!-- testB -->
  <testcase name="testB" time="0.02" classname="com.PanaMCAutomation.MC_Inventory_Dashboard.ValidateMultiSelect_ColumnSelected">
    <failure type="java.lang.reflect.InvocationTargetException">
      <![CDATA[java.lang.reflect.InvocationTargetException
at com.PanaAutomation.Driver.DriverScript.executeKeywords(DriverScript.java:79)
at com.PanaMCAutomation.MC_Inventory_Dashboard.ValidateMultiSelect_ColumnSelected.testB(ValidateMultiSelect_ColumnSelected.java:23)
at com.PanaAutomation.Base.runMC.main(runMC.java:28)
Caused by: java.lang.NullPointerException
at com.PanaAutomation.Keywords.GenericKeywords.takeScreenShot(GenericKeywords.java:1513)
at com.PanaAutomation.Keywords.GenericKeywords.reportFailure(GenericKeywords.java:1460)
at com.PanaAutomation.Keywords.GenericKeywords.openBrowser(GenericKeywords.java:158)
... 29 more
... Removed 26 stack frames]]>
    </failure>
  </testcase> <!-- testB -->
  <testcase name="testB" time="0.016" classname="com.PanaMCAutomation.MC_Inventory_Dashboard.VerifyReceiveMaterial">
    <failure type="java.lang.reflect.InvocationTargetException">
      <![CDATA[java.lang.reflect.InvocationTargetException
at com.PanaAutomation.Driver.DriverScript.executeKeywords(DriverScript.java:79)
at com.PanaMCAutomation.MC_Inventory_Dashboard.VerifyReceiveMaterial.testB(VerifyReceiveMaterial.java:23)
at com.PanaAutomation.Base.runMC.main(runMC.java:28)
Caused by: java.lang.NullPointerException
at com.PanaAutomation.Keywords.GenericKeywords.takeScreenShot(GenericKeywords.java:1513)
at com.PanaAutomation.Keywords.GenericKeywords.reportFailure(GenericKeywords.java:1460)
at com.PanaAutomation.Keywords.GenericKeywords.openBrowser(GenericKeywords.java:158)
... 29 more
... Removed 26 stack frames]]>
    </failure>
  </testcase> <!-- testB -->
  <testcase name="testB" time="0.016" classname="com.PanaMCAutomation.MC_Inventory_Dashboard.VerifyReceiveMaterial">
    <failure type="java.lang.reflect.InvocationTargetException">
      <![CDATA[java.lang.reflect.InvocationTargetException
at com.PanaAutomation.Driver.DriverScript.executeKeywords(DriverScript.java:79)
at com.PanaMCAutomation.MC_Inventory_Dashboard.VerifyReceiveMaterial.testB(VerifyReceiveMaterial.java:23)
at com.PanaAutomation.Base.runMC.main(runMC.java:28)
Caused by: java.lang.NullPointerException
at com.PanaAutomation.Keywords.GenericKeywords.takeScreenShot(GenericKeywords.java:1513)
at com.PanaAutomation.Keywords.GenericKeywords.reportFailure(GenericKeywords.java:1460)
at com.PanaAutomation.Keywords.GenericKeywords.openBrowser(GenericKeywords.java:158)
... 29 more
... Removed 26 stack frames]]>
    </failure>
  </testcase> <!-- testB -->
  <testcase name="testB" time="0.016" classname="com.PanaMCAutomation.MC_Inventory_Dashboard.VerifyShowQty_Toggle_TotalQty">
    <failure type="java.lang.reflect.InvocationTargetException">
      <![CDATA[java.lang.reflect.InvocationTargetException
at com.PanaAutomation.Driver.DriverScript.executeKeywords(DriverScript.java:79)
at com.PanaMCAutomation.MC_Inventory_Dashboard.VerifyShowQty_Toggle_TotalQty.testB(VerifyShowQty_Toggle_TotalQty.java:23)
at com.PanaAutomation.Base.runMC.main(runMC.java:28)
Caused by: java.lang.NullPointerException
at com.PanaAutomation.Keywords.GenericKeywords.takeScreenShot(GenericKeywords.java:1513)
at com.PanaAutomation.Keywords.GenericKeywords.reportFailure(GenericKeywords.java:1460)
at com.PanaAutomation.Keywords.GenericKeywords.openBrowser(GenericKeywords.java:158)
... 29 more
... Removed 26 stack frames]]>
    </failure>
  </testcase> <!-- testB -->
  <testcase name="testB" time="0.015" classname="com.PanaMCAutomation.MC_Inventory_Dashboard.VerifyShowQty_Toggle_TotalQty">
    <failure type="java.lang.reflect.InvocationTargetException">
      <![CDATA[java.lang.reflect.InvocationTargetException
at com.PanaAutomation.Driver.DriverScript.executeKeywords(DriverScript.java:79)
at com.PanaMCAutomation.MC_Inventory_Dashboard.VerifyShowQty_Toggle_TotalQty.testB(VerifyShowQty_Toggle_TotalQty.java:23)
at com.PanaAutomation.Base.runMC.main(runMC.java:28)
Caused by: java.lang.NullPointerException
at com.PanaAutomation.Keywords.GenericKeywords.takeScreenShot(GenericKeywords.java:1513)
at com.PanaAutomation.Keywords.GenericKeywords.reportFailure(GenericKeywords.java:1460)
at com.PanaAutomation.Keywords.GenericKeywords.openBrowser(GenericKeywords.java:158)
... 29 more
... Removed 26 stack frames]]>
    </failure>
  </testcase> <!-- testB -->
  <testcase name="testB" time="0.033" classname="com.PanaMCAutomation.MC_Inventory_Dashboard.VerifyTotal_Qty">
    <failure type="java.lang.reflect.InvocationTargetException">
      <![CDATA[java.lang.reflect.InvocationTargetException
at com.PanaAutomation.Driver.DriverScript.executeKeywords(DriverScript.java:79)
at com.PanaMCAutomation.MC_Inventory_Dashboard.VerifyTotal_Qty.testB(VerifyTotal_Qty.java:23)
at com.PanaAutomation.Base.runMC.main(runMC.java:28)
Caused by: java.lang.NullPointerException
at com.PanaAutomation.Keywords.GenericKeywords.takeScreenShot(GenericKeywords.java:1513)
at com.PanaAutomation.Keywords.GenericKeywords.reportFailure(GenericKeywords.java:1460)
at com.PanaAutomation.Keywords.GenericKeywords.openBrowser(GenericKeywords.java:158)
... 29 more
... Removed 26 stack frames]]>
    </failure>
  </testcase> <!-- testB -->
  <testcase name="testB" time="0.016" classname="com.PanaMCAutomation.MC_Inventory_Dashboard.VerifyTotal_Qty">
    <failure type="java.lang.reflect.InvocationTargetException">
      <![CDATA[java.lang.reflect.InvocationTargetException
at com.PanaAutomation.Driver.DriverScript.executeKeywords(DriverScript.java:79)
at com.PanaMCAutomation.MC_Inventory_Dashboard.VerifyTotal_Qty.testB(VerifyTotal_Qty.java:23)
at com.PanaAutomation.Base.runMC.main(runMC.java:28)
Caused by: java.lang.NullPointerException
at com.PanaAutomation.Keywords.GenericKeywords.takeScreenShot(GenericKeywords.java:1513)
at com.PanaAutomation.Keywords.GenericKeywords.reportFailure(GenericKeywords.java:1460)
at com.PanaAutomation.Keywords.GenericKeywords.openBrowser(GenericKeywords.java:158)
... 29 more
... Removed 26 stack frames]]>
    </failure>
  </testcase> <!-- testB -->
  <testcase name="testB" time="0.018" classname="com.PanaMCAutomation.MC_Inventory_Dashboard.VerifyTotalGrp_Qty">
    <failure type="java.lang.reflect.InvocationTargetException">
      <![CDATA[java.lang.reflect.InvocationTargetException
at com.PanaAutomation.Driver.DriverScript.executeKeywords(DriverScript.java:79)
at com.PanaMCAutomation.MC_Inventory_Dashboard.VerifyTotalGrp_Qty.testB(VerifyTotalGrp_Qty.java:23)
at com.PanaAutomation.Base.runMC.main(runMC.java:28)
Caused by: java.lang.NullPointerException
at com.PanaAutomation.Keywords.GenericKeywords.takeScreenShot(GenericKeywords.java:1513)
at com.PanaAutomation.Keywords.GenericKeywords.reportFailure(GenericKeywords.java:1460)
at com.PanaAutomation.Keywords.GenericKeywords.openBrowser(GenericKeywords.java:158)
... 29 more
... Removed 26 stack frames]]>
    </failure>
  </testcase> <!-- testB -->
  <testcase name="testB" time="0.023" classname="com.PanaMCAutomation.MC_Inventory_Dashboard.VerifyTotalGrpFiltered_Qty">
    <failure type="java.lang.reflect.InvocationTargetException">
      <![CDATA[java.lang.reflect.InvocationTargetException
at com.PanaAutomation.Driver.DriverScript.executeKeywords(DriverScript.java:79)
at com.PanaMCAutomation.MC_Inventory_Dashboard.VerifyTotalGrpFiltered_Qty.testB(VerifyTotalGrpFiltered_Qty.java:23)
at com.PanaAutomation.Base.runMC.main(runMC.java:28)
Caused by: java.lang.NullPointerException
at com.PanaAutomation.Keywords.GenericKeywords.takeScreenShot(GenericKeywords.java:1513)
at com.PanaAutomation.Keywords.GenericKeywords.reportFailure(GenericKeywords.java:1460)
at com.PanaAutomation.Keywords.GenericKeywords.openBrowser(GenericKeywords.java:158)
... 29 more
... Removed 26 stack frames]]>
    </failure>
  </testcase> <!-- testB -->
  <testcase name="testB" time="0.044" classname="com.PanaMCAutomation.MC_Inventory_Dashboard.ValidateMultiRow_Select">
    <failure type="java.lang.reflect.InvocationTargetException">
      <![CDATA[java.lang.reflect.InvocationTargetException
at com.PanaAutomation.Driver.DriverScript.executeKeywords(DriverScript.java:79)
at com.PanaMCAutomation.MC_Inventory_Dashboard.ValidateMultiRow_Select.testB(ValidateMultiRow_Select.java:23)
at com.PanaAutomation.Base.runMC.main(runMC.java:28)
Caused by: java.lang.NullPointerException
at com.PanaAutomation.Keywords.GenericKeywords.takeScreenShot(GenericKeywords.java:1513)
at com.PanaAutomation.Keywords.GenericKeywords.reportFailure(GenericKeywords.java:1460)
at com.PanaAutomation.Keywords.GenericKeywords.openBrowser(GenericKeywords.java:158)
... 29 more
... Removed 26 stack frames]]>
    </failure>
  </testcase> <!-- testB -->
  <testcase name="testB" time="0.031" classname="com.PanaMCAutomation.MC_Inventory_Dashboard.ValidateCart_IconQTY">
    <failure type="java.lang.reflect.InvocationTargetException">
      <![CDATA[java.lang.reflect.InvocationTargetException
at com.PanaAutomation.Driver.DriverScript.executeKeywords(DriverScript.java:79)
at com.PanaMCAutomation.MC_Inventory_Dashboard.ValidateCart_IconQTY.testB(ValidateCart_IconQTY.java:23)
at com.PanaAutomation.Base.runMC.main(runMC.java:28)
Caused by: java.lang.NullPointerException
at com.PanaAutomation.Keywords.GenericKeywords.takeScreenShot(GenericKeywords.java:1513)
at com.PanaAutomation.Keywords.GenericKeywords.reportFailure(GenericKeywords.java:1460)
at com.PanaAutomation.Keywords.GenericKeywords.openBrowser(GenericKeywords.java:158)
... 29 more
... Removed 26 stack frames]]>
    </failure>
  </testcase> <!-- testB -->
  <testcase name="testB" time="0.02" classname="com.PanaMCAutomation.MC_Inventory_Dashboard.ValidateCart_Items">
    <failure type="java.lang.reflect.InvocationTargetException">
      <![CDATA[java.lang.reflect.InvocationTargetException
at com.PanaAutomation.Driver.DriverScript.executeKeywords(DriverScript.java:79)
at com.PanaMCAutomation.MC_Inventory_Dashboard.ValidateCart_Items.testB(ValidateCart_Items.java:30)
at com.PanaAutomation.Base.runMC.main(runMC.java:28)
Caused by: java.lang.NullPointerException
at com.PanaAutomation.Keywords.GenericKeywords.takeScreenShot(GenericKeywords.java:1513)
at com.PanaAutomation.Keywords.GenericKeywords.reportFailure(GenericKeywords.java:1460)
at com.PanaAutomation.Keywords.GenericKeywords.openBrowser(GenericKeywords.java:158)
... 29 more
... Removed 26 stack frames]]>
    </failure>
  </testcase> <!-- testB -->
  <testcase name="testB" time="0.016" classname="com.PanaMCAutomation.MC_Inventory_Dashboard.ValidateMaterialScan">
    <failure type="java.lang.reflect.InvocationTargetException">
      <![CDATA[java.lang.reflect.InvocationTargetException
at com.PanaAutomation.Driver.DriverScript.executeKeywords(DriverScript.java:79)
at com.PanaMCAutomation.MC_Inventory_Dashboard.ValidateMaterialScan.testB(ValidateMaterialScan.java:23)
at com.PanaAutomation.Base.runMC.main(runMC.java:28)
Caused by: java.lang.NullPointerException
at com.PanaAutomation.Keywords.GenericKeywords.takeScreenShot(GenericKeywords.java:1513)
at com.PanaAutomation.Keywords.GenericKeywords.reportFailure(GenericKeywords.java:1460)
at com.PanaAutomation.Keywords.GenericKeywords.openBrowser(GenericKeywords.java:158)
... 29 more
... Removed 26 stack frames]]>
    </failure>
  </testcase> <!-- testB -->
  <testcase name="testB" time="0.017" classname="com.PanaMCAutomation.MC_Inventory_Dashboard.ValidateMaterialScan">
    <failure type="java.lang.reflect.InvocationTargetException">
      <![CDATA[java.lang.reflect.InvocationTargetException
at com.PanaAutomation.Driver.DriverScript.executeKeywords(DriverScript.java:79)
at com.PanaMCAutomation.MC_Inventory_Dashboard.ValidateMaterialScan.testB(ValidateMaterialScan.java:23)
at com.PanaAutomation.Base.runMC.main(runMC.java:28)
Caused by: java.lang.NullPointerException
at com.PanaAutomation.Keywords.GenericKeywords.takeScreenShot(GenericKeywords.java:1513)
at com.PanaAutomation.Keywords.GenericKeywords.reportFailure(GenericKeywords.java:1460)
at com.PanaAutomation.Keywords.GenericKeywords.openBrowser(GenericKeywords.java:158)
... 29 more
... Removed 26 stack frames]]>
    </failure>
  </testcase> <!-- testB -->
  <testcase name="testB" time="0.033" classname="com.PanaMCAutomation.MC_Inventory_Dashboard.ValidatePartScan">
    <failure type="java.lang.reflect.InvocationTargetException">
      <![CDATA[java.lang.reflect.InvocationTargetException
at com.PanaAutomation.Driver.DriverScript.executeKeywords(DriverScript.java:79)
at com.PanaMCAutomation.MC_Inventory_Dashboard.ValidatePartScan.testB(ValidatePartScan.java:23)
at com.PanaAutomation.Base.runMC.main(runMC.java:28)
Caused by: java.lang.NullPointerException
at com.PanaAutomation.Keywords.GenericKeywords.takeScreenShot(GenericKeywords.java:1513)
at com.PanaAutomation.Keywords.GenericKeywords.reportFailure(GenericKeywords.java:1460)
at com.PanaAutomation.Keywords.GenericKeywords.openBrowser(GenericKeywords.java:158)
... 29 more
... Removed 26 stack frames]]>
    </failure>
  </testcase> <!-- testB -->
  <testcase name="testB" time="0.319" classname="com.PanaMCAutomation.MC_Inventory_Dashboard.ValidatePartScan">
    <failure type="java.lang.reflect.InvocationTargetException">
      <![CDATA[java.lang.reflect.InvocationTargetException
at com.PanaAutomation.Driver.DriverScript.executeKeywords(DriverScript.java:79)
at com.PanaMCAutomation.MC_Inventory_Dashboard.ValidatePartScan.testB(ValidatePartScan.java:23)
at com.PanaAutomation.Base.runMC.main(runMC.java:28)
Caused by: java.lang.NullPointerException
at com.PanaAutomation.Keywords.GenericKeywords.takeScreenShot(GenericKeywords.java:1513)
at com.PanaAutomation.Keywords.GenericKeywords.reportFailure(GenericKeywords.java:1460)
at com.PanaAutomation.Keywords.GenericKeywords.openBrowser(GenericKeywords.java:158)
... 29 more
... Removed 26 stack frames]]>
    </failure>
  </testcase> <!-- testB -->
  <testcase name="testB" time="0.354" classname="com.PanaMCAutomation.MC_Inventory_Dashboard.ValidateMultiRow_Select_MoveToCart">
    <failure type="java.lang.reflect.InvocationTargetException">
      <![CDATA[java.lang.reflect.InvocationTargetException
at com.PanaAutomation.Driver.DriverScript.executeKeywords(DriverScript.java:79)
at com.PanaMCAutomation.MC_Inventory_Dashboard.ValidateMultiRow_Select_MoveToCart.testB(ValidateMultiRow_Select_MoveToCart.java:23)
at com.PanaAutomation.Base.runMC.main(runMC.java:28)
Caused by: java.lang.NullPointerException
at com.PanaAutomation.Keywords.GenericKeywords.takeScreenShot(GenericKeywords.java:1513)
at com.PanaAutomation.Keywords.GenericKeywords.reportFailure(GenericKeywords.java:1460)
at com.PanaAutomation.Keywords.GenericKeywords.openBrowser(GenericKeywords.java:158)
... 29 more
... Removed 26 stack frames]]>
    </failure>
  </testcase> <!-- testB -->
</testsuite> <!-- InventoryDashboard Test -->
