<?xml version="1.0" encoding="UTF-8"?>
<!-- Generated by org.testng.reporters.JUnitXMLReporter -->
<testsuite hostname="PRDCV271-W7" ignored="0" name="System Config Test" tests="53" failures="9" timestamp="20 Jun 2019 15:29:50 GMT" time="3579.915" errors="0">
  <testcase name="testB" time="20.581" classname="com.PanaMCAutomation.MC_System_Config.MCID1736_SystemConfig_ApplicationSettings_ApplicationFields"/>
  <testcase name="testB" time="16.343" classname="com.PanaMCAutomation.MC_System_Config.MCID1737_SystemConfig_ApplicationSettings_UserInterfaceFields"/>
  <testcase name="testB" time="21.201" classname="com.PanaMCAutomation.MC_System_Config.MCID1738_SystemConfig_ApplicationSettings_ErrorMessage"/>
  <testcase name="testB" time="17.072" classname="com.PanaMCAutomation.MC_System_Config.MCID1739_SystemConfig_ApplicationSettings_RecordPerPage"/>
  <testcase name="testB" time="17.123" classname="com.PanaMCAutomation.MC_System_Config.MCID1739_SystemConfig_ApplicationSettings_RecordPerPage"/>
  <testcase name="testB" time="16.133" classname="com.PanaMCAutomation.MC_System_Config.MCID1739_SystemConfig_ApplicationSettings_RecordPerPage"/>
  <testcase name="testB" time="16.56" classname="com.PanaMCAutomation.MC_System_Config.MCID1739_SystemConfig_ApplicationSettings_RecordPerPage"/>
  <testcase name="testB" time="34.699" classname="com.PanaMCAutomation.MC_System_Config.MCID1740_SystemConfig_ApplicationSettings_DefaultScrapLocation">
    <failure type="java.lang.reflect.InvocationTargetException">
      <![CDATA[java.lang.reflect.InvocationTargetException
at com.PanaAutomation.Driver.DriverScript.executeKeywords(DriverScript.java:77)
at com.PanaMCAutomation.MC_System_Config.MCID1740_SystemConfig_ApplicationSettings_DefaultScrapLocation.testB(MCID1740_SystemConfig_ApplicationSettings_DefaultScrapLocation.java:24)
at com.PanaAutomation.Base.runMC.main(runMC.java:28)
at org.eclipse.jdt.internal.jarinjarloader.JarRsrcLoader.main(JarRsrcLoader.java:61)
Caused by: java.lang.AssertionError: The following asserts failed:
Text is NOT as expect. Expect: Automated Optical Inspection in Quality Actual: 
at com.PanaAutomation.Keywords.GenericKeywords.reportFailure(GenericKeywords.java:1444)
at com.PanaAutomation.Keywords.GenericKeywords.verifyTextContain(GenericKeywords.java:1857)
... 34 more
... Removed 31 stack frames]]>
    </failure>
  </testcase> <!-- testB -->
  <testcase name="testB" time="55.176" classname="com.PanaMCAutomation.MC_System_Config.MCID1741_SystemConfig_ApplicationSettings_ReasonCodeGroup"/>
  <testcase name="testB" time="20.871" classname="com.PanaMCAutomation.MC_System_Config.MCID1742_SystemConfig_ApplicationSettings_LoggedInTimeOut"/>
  <testcase name="testB" time="20.167" classname="com.PanaMCAutomation.MC_System_Config.MCID1743_SystemConfig_ApplicationSettings_MinimumPasswordLength">
    <failure type="java.lang.reflect.InvocationTargetException">
      <![CDATA[java.lang.reflect.InvocationTargetException
at com.PanaAutomation.Driver.DriverScript.executeKeywords(DriverScript.java:77)
at com.PanaMCAutomation.MC_System_Config.MCID1743_SystemConfig_ApplicationSettings_MinimumPasswordLength.testB(MCID1743_SystemConfig_ApplicationSettings_MinimumPasswordLength.java:24)
at com.PanaAutomation.Base.runMC.main(runMC.java:28)
at org.eclipse.jdt.internal.jarinjarloader.JarRsrcLoader.main(JarRsrcLoader.java:61)
Caused by: java.lang.AssertionError: The following asserts failed:
PopUp Message is not corrected !!!
at com.PanaAutomation.Keywords.GenericKeywords.reportFailure(GenericKeywords.java:1444)
at com.PanaAutomation.Keywords.AppKeywords.failingStatusVerify(AppKeywords.java:5286)
... 35 more
... Removed 32 stack frames]]>
    </failure>
  </testcase> <!-- testB -->
  <testcase name="testB" time="21.768" classname="com.PanaMCAutomation.MC_System_Config.MCID1744_SystemConfig_ApplicationSettings_AutoRefreshPrintQueue"/>
  <testcase name="testB" time="13.957" classname="com.PanaMCAutomation.MC_System_Config.MCID1745_UserConfig_ScreenComponents"/>
  <testcase name="testB" time="15.685" classname="com.PanaMCAutomation.MC_System_Config.MCID1746_UserConfig_NewButton"/>
  <testcase name="testB" time="14.383" classname="com.PanaMCAutomation.MC_System_Config.MCID1747_UserConfig_UserProfile_Checkbox"/>
  <testcase name="testB" time="15.065" classname="com.PanaMCAutomation.MC_System_Config.MCID1748_UserConfig_UserProfile_MandatoryFieldsCheck"/>
  <testcase name="testB" time="0.001" classname="com.PanaMCAutomation.MC_System_Config.MCID1749_UserConfig_UserProfile_Save">
    <skipped/>
  </testcase> <!-- testB -->
  <testcase name="testB" time="17.667" classname="com.PanaMCAutomation.MC_System_Config.MCID1750_UserConfig_UserProfile_Cancel"/>
  <testcase name="testB" time="16.874" classname="com.PanaMCAutomation.MC_System_Config.MCID1751_UserConfig_UserProfile_TabSwitching"/>
  <testcase name="testB" time="16.207" classname="com.PanaMCAutomation.MC_System_Config.MCID1752_UserConfig_AssignGroup_SelectDropdown"/>
  <testcase name="testB" time="16.688" classname="com.PanaMCAutomation.MC_System_Config.MCID1753_UserConfig_AssignGroup_SelectDropdownGroupSelection"/>
  <testcase name="testB" time="17.931" classname="com.PanaMCAutomation.MC_System_Config.MCID1754_UserConfig_AssignGroup_Add"/>
  <testcase name="testB" time="19.126" classname="com.PanaMCAutomation.MC_System_Config.MCID1755_UserConfig_AssignGroup_GroupNameTable"/>
  <testcase name="testB" time="101.665" classname="com.PanaMCAutomation.MC_System_Config.MCID1756_UserConfig_AssignGroup_Delete"/>
  <testcase name="testB" time="15.242" classname="com.PanaMCAutomation.MC_System_Config.MCID1757_UserConfig_AssignGroup_LoginIDTable"/>
  <testcase name="testB" time="54.639" classname="com.PanaMCAutomation.MC_System_Config.MCID1758_UserConfig_AssignGroup_LoginIDSearch">
    <failure type="java.lang.reflect.InvocationTargetException">
      <![CDATA[java.lang.reflect.InvocationTargetException
at com.PanaAutomation.Driver.DriverScript.executeKeywords(DriverScript.java:77)
at com.PanaMCAutomation.MC_System_Config.MCID1758_UserConfig_AssignGroup_LoginIDSearch.testB(MCID1758_UserConfig_AssignGroup_LoginIDSearch.java:24)
at com.PanaAutomation.Base.runMC.main(runMC.java:28)
at org.eclipse.jdt.internal.jarinjarloader.JarRsrcLoader.main(JarRsrcLoader.java:61)
Caused by: java.lang.AssertionError: The following asserts failed:
Element is NOT present PanaMC.MCUserConfigLoginIDListIDNo1_xpath
at com.PanaAutomation.Keywords.GenericKeywords.reportFailure(GenericKeywords.java:1444)
at com.PanaAutomation.Keywords.GenericKeywords.validateElementIsPresent(GenericKeywords.java:1798)
... 34 more
... Removed 31 stack frames]]>
    </failure>
  </testcase> <!-- testB -->
  <testcase name="testB" time="16.451" classname="com.PanaMCAutomation.MC_System_Config.MCID1759_UserConfig_AssignGroup_LoginIDRowsFilter"/>
  <testcase name="testB" time="14.226" classname="com.PanaMCAutomation.MC_System_Config.MCID1760_UserConfig_UserGroup_HelpContent"/>
  <testcase name="testB" time="16.073" classname="com.PanaMCAutomation.MC_System_Config.MCID1761_UserConfig_UserGroup_ScreenComponents"/>
  <testcase name="testB" time="15.688" classname="com.PanaMCAutomation.MC_System_Config.MCID1762_UserConfig_UserGroup_New"/>
  <testcase name="testB" time="16.548" classname="com.PanaMCAutomation.MC_System_Config.MCID1763_UserConfig_UserGroup_SearchBox"/>
  <testcase name="testB" time="15.836" classname="com.PanaMCAutomation.MC_System_Config.MCID1764_UserConfig_UserGroup_MandatoryFieldsCheck"/>
  <testcase name="testB" time="18.843" classname="com.PanaMCAutomation.MC_System_Config.MCID1765_UserConfig_UserGroup_Save"/>
  <testcase name="testB" time="15.976" classname="com.PanaMCAutomation.MC_System_Config.MCID1766_UserConfig_UserGroup_Cancel">
    <failure type="java.lang.reflect.InvocationTargetException">
      <![CDATA[java.lang.reflect.InvocationTargetException
at com.PanaAutomation.Driver.DriverScript.executeKeywords(DriverScript.java:77)
at com.PanaMCAutomation.MC_System_Config.MCID1766_UserConfig_UserGroup_Cancel.testB(MCID1766_UserConfig_UserGroup_Cancel.java:24)
at com.PanaAutomation.Base.runMC.main(runMC.java:28)
at org.eclipse.jdt.internal.jarinjarloader.JarRsrcLoader.main(JarRsrcLoader.java:61)
Caused by: java.lang.AssertionError: The following asserts failed:
Text is NOT as expect. Expect:  Actual: Test
at com.PanaAutomation.Keywords.GenericKeywords.reportFailure(GenericKeywords.java:1444)
at com.PanaAutomation.Keywords.GenericKeywords.verifyStringValueEquals(GenericKeywords.java:1964)
... 34 more
... Removed 31 stack frames]]>
    </failure>
  </testcase> <!-- testB -->
  <testcase name="testB" time="18.026" classname="com.PanaMCAutomation.MC_System_Config.MCID1767_UserConfig_UserGroup_TabSwitching"/>
  <testcase name="testB" time="15.686" classname="com.PanaMCAutomation.MC_System_Config.MCID1768_UserConfig_UserGroup_SelectDropdown"/>
  <testcase name="testB" time="16.759" classname="com.PanaMCAutomation.MC_System_Config.MCID1769_UserConfig_UserGroup_SelectDropdownGroupSelection"/>
  <testcase name="testB" time="17.845" classname="com.PanaMCAutomation.MC_System_Config.MCID1770_UserConfig_UserGroup_Add"/>
  <testcase name="testB" time="17.536" classname="com.PanaMCAutomation.MC_System_Config.MCID1771_UserConfig_UserGroup_GroupNameTable"/>
  <testcase name="testB" time="39.146" classname="com.PanaMCAutomation.MC_System_Config.MCID1772_UserConfig_UserGroup_Delete"/>
  <testcase name="testB" time="17.187" classname="com.PanaMCAutomation.MC_System_Config.MCID1773_UserGroup_AssignGroup_LoginIDTable"/>
  <testcase name="testB" time="16.705" classname="com.PanaMCAutomation.MC_System_Config.MCID1774_UserGroup_AssignGroup_LoginIDSearch"/>
  <testcase name="testB" time="16.812" classname="com.PanaMCAutomation.MC_System_Config.MCID1775_UserGroup_AssignGroup_LoginIDRowsFilter"/>
  <testcase name="testB" time="15.112" classname="com.PanaMCAutomation.MC_System_Config.MCID1510_SystemConfig_ImportData_ImportPartViaExcel1">
    <failure type="java.lang.reflect.InvocationTargetException">
      <![CDATA[java.lang.reflect.InvocationTargetException
at com.PanaAutomation.Driver.DriverScript.executeKeywords(DriverScript.java:77)
at com.PanaMCAutomation.MC_System_Config.MCID1510_SystemConfig_ImportData_ImportPartViaExcel1.testB(MCID1510_SystemConfig_ImportData_ImportPartViaExcel1.java:24)
at com.PanaAutomation.Base.runMC.main(runMC.java:28)
at org.eclipse.jdt.internal.jarinjarloader.JarRsrcLoader.main(JarRsrcLoader.java:61)
Caused by: java.lang.AssertionError: The following asserts failed:
Unable to Click //*[@id="btnSave"]
at com.PanaAutomation.Keywords.GenericKeywords.reportFailure(GenericKeywords.java:1444)
at com.PanaAutomation.Keywords.GenericKeywords.click(GenericKeywords.java:194)
... 34 more
... Removed 31 stack frames]]>
    </failure>
  </testcase> <!-- testB -->
  <testcase name="testB" time="19.197" classname="com.PanaMCAutomation.MC_System_Config.MCID1511_SystemConfig_ImportData_ImportPartViaExcel2"/>
  <testcase name="testB" time="15.838" classname="com.PanaMCAutomation.MC_System_Config.MCID1512_SystemConfig_ImportData_ImportPartViaExcel3"/>
  <testcase name="testB" time="17.3" classname="com.PanaMCAutomation.MC_System_Config.MCID1513_SystemConfig_ImportData_ImportPartViaExcel4">
    <failure type="java.lang.reflect.InvocationTargetException">
      <![CDATA[java.lang.reflect.InvocationTargetException
at com.PanaAutomation.Driver.DriverScript.executeKeywords(DriverScript.java:77)
at com.PanaMCAutomation.MC_System_Config.MCID1513_SystemConfig_ImportData_ImportPartViaExcel4.testB(MCID1513_SystemConfig_ImportData_ImportPartViaExcel4.java:24)
at com.PanaAutomation.Base.runMC.main(runMC.java:28)
at org.eclipse.jdt.internal.jarinjarloader.JarRsrcLoader.main(JarRsrcLoader.java:61)
Caused by: java.lang.AssertionError: The following asserts failed:
Unable to Click //*[@id="btnUpload"]
at com.PanaAutomation.Keywords.GenericKeywords.reportFailure(GenericKeywords.java:1444)
at com.PanaAutomation.Keywords.GenericKeywords.click(GenericKeywords.java:194)
... 34 more
... Removed 31 stack frames]]>
    </failure>
  </testcase> <!-- testB -->
  <testcase name="testB" time="16.268" classname="com.PanaMCAutomation.MC_System_Config.MCID1514_SystemConfig_ImportData_ImportPartViaExcel5">
    <failure type="java.lang.reflect.InvocationTargetException">
      <![CDATA[java.lang.reflect.InvocationTargetException
at com.PanaAutomation.Driver.DriverScript.executeKeywords(DriverScript.java:77)
at com.PanaMCAutomation.MC_System_Config.MCID1514_SystemConfig_ImportData_ImportPartViaExcel5.testB(MCID1514_SystemConfig_ImportData_ImportPartViaExcel5.java:24)
at com.PanaAutomation.Base.runMC.main(runMC.java:28)
at org.eclipse.jdt.internal.jarinjarloader.JarRsrcLoader.main(JarRsrcLoader.java:61)
Caused by: java.lang.AssertionError: The following asserts failed:
Unable to Click //*[@id="btnUpload"]
at com.PanaAutomation.Keywords.GenericKeywords.reportFailure(GenericKeywords.java:1444)
at com.PanaAutomation.Keywords.GenericKeywords.click(GenericKeywords.java:194)
... 34 more
... Removed 31 stack frames]]>
    </failure>
  </testcase> <!-- testB -->
  <testcase name="testB" time="15.867" classname="com.PanaMCAutomation.MC_System_Config.MCID1187_SystemConfig_ImportData_PartImportCategoryAndTemplate"/>
  <testcase name="testB" time="16.238" classname="com.PanaMCAutomation.MC_System_Config.MCID1188_SystemConfig_ImportData_PartImportExistingImportFromExcel"/>
  <testcase name="testB" time="16.074" classname="com.PanaMCAutomation.MC_System_Config.MCID1189_SystemConfig_ImportData_PartImportCheckPartDashboard"/>
  <testcase name="testB" time="17.233" classname="com.PanaMCAutomation.MC_System_Config.MCID1190_SystemConfig_ImportData_PartImportInvalidFile">
    <failure type="java.lang.reflect.InvocationTargetException">
      <![CDATA[java.lang.reflect.InvocationTargetException
at com.PanaAutomation.Driver.DriverScript.executeKeywords(DriverScript.java:77)
at com.PanaMCAutomation.MC_System_Config.MCID1190_SystemConfig_ImportData_PartImportInvalidFile.testB(MCID1190_SystemConfig_ImportData_PartImportInvalidFile.java:24)
at com.PanaAutomation.Base.runMC.main(runMC.java:28)
at org.eclipse.jdt.internal.jarinjarloader.JarRsrcLoader.main(JarRsrcLoader.java:61)
Caused by: java.lang.AssertionError: The following asserts failed:
Unable to Click //*[@id="btnUpload"]
at com.PanaAutomation.Keywords.GenericKeywords.reportFailure(GenericKeywords.java:1444)
at com.PanaAutomation.Keywords.GenericKeywords.click(GenericKeywords.java:194)
... 34 more
... Removed 31 stack frames]]>
    </failure>
  </testcase> <!-- testB -->
  <testcase name="testB" time="16.913" classname="com.PanaMCAutomation.MC_System_Config.MCID1190_SystemConfig_ImportData_PartImportInvalidFile">
    <failure type="java.lang.reflect.InvocationTargetException">
      <![CDATA[java.lang.reflect.InvocationTargetException
at com.PanaAutomation.Driver.DriverScript.executeKeywords(DriverScript.java:77)
at com.PanaMCAutomation.MC_System_Config.MCID1190_SystemConfig_ImportData_PartImportInvalidFile.testB(MCID1190_SystemConfig_ImportData_PartImportInvalidFile.java:24)
at com.PanaAutomation.Base.runMC.main(runMC.java:28)
at org.eclipse.jdt.internal.jarinjarloader.JarRsrcLoader.main(JarRsrcLoader.java:61)
Caused by: java.lang.AssertionError: The following asserts failed:
Unable to Click //*[@id="btnUpload"]
at com.PanaAutomation.Keywords.GenericKeywords.reportFailure(GenericKeywords.java:1444)
at com.PanaAutomation.Keywords.GenericKeywords.click(GenericKeywords.java:194)
... 34 more
... Removed 31 stack frames]]>
    </failure>
  </testcase> <!-- testB -->
</testsuite> <!-- System Config Test -->
