<?xml version="1.0" encoding="UTF-8"?>
<!-- Generated by org.testng.reporters.JUnitXMLReporter -->
<testsuite hostname="C40FF43LAP" ignored="0" name="Test" tests="8" failures="8" timestamp="04 Dec 2021 15:33:33 GMT" time="1.493" errors="0">
  <testcase name="testB" time="0.011" classname="com.PanaMCAutomation.MC_Material_Function2.MCID1116_MaterialFunction_AutoZeroScanMaterialID">
    <failure type="java.lang.reflect.InvocationTargetException">
      <![CDATA[java.lang.reflect.InvocationTargetException
at com.PanaAutomation.Driver.DriverScript.executeKeywords(DriverScript.java:79)
at com.PanaMCAutomation.MC_Material_Function2.MCID1116_MaterialFunction_AutoZeroScanMaterialID.testB(MCID1116_MaterialFunction_AutoZeroScanMaterialID.java:25)
at com.PanaAutomation.Base.runMC.main(runMC.java:28)
Caused by: java.lang.NullPointerException
at com.PanaAutomation.Keywords.GenericKeywords.takeScreenShot(GenericKeywords.java:1513)
at com.PanaAutomation.Keywords.GenericKeywords.reportFailure(GenericKeywords.java:1460)
at com.PanaAutomation.Keywords.GenericKeywords.openBrowser(GenericKeywords.java:158)
... 29 more
... Removed 26 stack frames]]>
    </failure>
  </testcase> <!-- testB -->
  <testcase name="testB" time="0.01" classname="com.PanaMCAutomation.MC_Material_Function2.MCID1446_MaterialFunction_AdjustUsePart">
    <failure type="java.lang.reflect.InvocationTargetException">
      <![CDATA[java.lang.reflect.InvocationTargetException
at com.PanaAutomation.Driver.DriverScript.executeKeywords(DriverScript.java:79)
at com.PanaMCAutomation.MC_Material_Function2.MCID1446_MaterialFunction_AdjustUsePart.testB(MCID1446_MaterialFunction_AdjustUsePart.java:25)
at com.PanaAutomation.Base.runMC.main(runMC.java:28)
Caused by: java.lang.NullPointerException
at com.PanaAutomation.Keywords.GenericKeywords.takeScreenShot(GenericKeywords.java:1513)
at com.PanaAutomation.Keywords.GenericKeywords.reportFailure(GenericKeywords.java:1460)
at com.PanaAutomation.Keywords.GenericKeywords.openBrowser(GenericKeywords.java:158)
... 29 more
... Removed 26 stack frames]]>
    </failure>
  </testcase> <!-- testB -->
  <testcase name="testB" time="0.009" classname="com.PanaMCAutomation.MC_Material_Function2.Precondition1">
    <failure type="java.lang.reflect.InvocationTargetException">
      <![CDATA[java.lang.reflect.InvocationTargetException
at com.PanaAutomation.Driver.DriverScript.executeKeywords(DriverScript.java:79)
at com.PanaMCAutomation.MC_Material_Function2.Precondition1.testB(Precondition1.java:24)
at com.PanaAutomation.Base.runMC.main(runMC.java:28)
Caused by: java.lang.NullPointerException
at com.PanaAutomation.Keywords.GenericKeywords.takeScreenShot(GenericKeywords.java:1513)
at com.PanaAutomation.Keywords.GenericKeywords.reportFailure(GenericKeywords.java:1460)
at com.PanaAutomation.Keywords.GenericKeywords.openBrowser(GenericKeywords.java:158)
... 29 more
... Removed 26 stack frames]]>
    </failure>
  </testcase> <!-- testB -->
  <testcase name="testB" time="0.009" classname="com.PanaMCAutomation.MC_Material_Function2.Precondition1">
    <failure type="java.lang.reflect.InvocationTargetException">
      <![CDATA[java.lang.reflect.InvocationTargetException
at com.PanaAutomation.Driver.DriverScript.executeKeywords(DriverScript.java:79)
at com.PanaMCAutomation.MC_Material_Function2.Precondition1.testB(Precondition1.java:24)
at com.PanaAutomation.Base.runMC.main(runMC.java:28)
Caused by: java.lang.NullPointerException
at com.PanaAutomation.Keywords.GenericKeywords.takeScreenShot(GenericKeywords.java:1513)
at com.PanaAutomation.Keywords.GenericKeywords.reportFailure(GenericKeywords.java:1460)
at com.PanaAutomation.Keywords.GenericKeywords.openBrowser(GenericKeywords.java:158)
... 29 more
... Removed 26 stack frames]]>
    </failure>
  </testcase> <!-- testB -->
  <testcase name="testB" time="0.009" classname="com.PanaMCAutomation.MC_Material_Function2.Precondition1">
    <failure type="java.lang.reflect.InvocationTargetException">
      <![CDATA[java.lang.reflect.InvocationTargetException
at com.PanaAutomation.Driver.DriverScript.executeKeywords(DriverScript.java:79)
at com.PanaMCAutomation.MC_Material_Function2.Precondition1.testB(Precondition1.java:24)
at com.PanaAutomation.Base.runMC.main(runMC.java:28)
Caused by: java.lang.NullPointerException
at com.PanaAutomation.Keywords.GenericKeywords.takeScreenShot(GenericKeywords.java:1513)
at com.PanaAutomation.Keywords.GenericKeywords.reportFailure(GenericKeywords.java:1460)
at com.PanaAutomation.Keywords.GenericKeywords.openBrowser(GenericKeywords.java:158)
... 29 more
... Removed 26 stack frames]]>
    </failure>
  </testcase> <!-- testB -->
  <testcase name="testB" time="0.008" classname="com.PanaMCAutomation.MC_Material_Function2.MCID1457_MaterialFunction_SpliceCheckMVPopup">
    <failure type="java.lang.reflect.InvocationTargetException">
      <![CDATA[java.lang.reflect.InvocationTargetException
at com.PanaAutomation.Driver.DriverScript.executeKeywords(DriverScript.java:79)
at com.PanaMCAutomation.MC_Material_Function2.MCID1457_MaterialFunction_SpliceCheckMVPopup.testB(MCID1457_MaterialFunction_SpliceCheckMVPopup.java:25)
at com.PanaAutomation.Base.runMC.main(runMC.java:28)
Caused by: java.lang.NullPointerException
at com.PanaAutomation.Keywords.GenericKeywords.takeScreenShot(GenericKeywords.java:1513)
at com.PanaAutomation.Keywords.GenericKeywords.reportFailure(GenericKeywords.java:1460)
at com.PanaAutomation.Keywords.GenericKeywords.openBrowser(GenericKeywords.java:158)
... 29 more
... Removed 26 stack frames]]>
    </failure>
  </testcase> <!-- testB -->
  <testcase name="testB" time="0.009" classname="com.PanaMCAutomation.MC_Material_Function2.MCID1462_MaterialFunction_UnSpliceCheckMVPopup">
    <failure type="java.lang.reflect.InvocationTargetException">
      <![CDATA[java.lang.reflect.InvocationTargetException
at com.PanaAutomation.Driver.DriverScript.executeKeywords(DriverScript.java:79)
at com.PanaMCAutomation.MC_Material_Function2.MCID1462_MaterialFunction_UnSpliceCheckMVPopup.testB(MCID1462_MaterialFunction_UnSpliceCheckMVPopup.java:25)
at com.PanaAutomation.Base.runMC.main(runMC.java:28)
Caused by: java.lang.NullPointerException
at com.PanaAutomation.Keywords.GenericKeywords.takeScreenShot(GenericKeywords.java:1513)
at com.PanaAutomation.Keywords.GenericKeywords.reportFailure(GenericKeywords.java:1460)
at com.PanaAutomation.Keywords.GenericKeywords.openBrowser(GenericKeywords.java:158)
... 29 more
... Removed 26 stack frames]]>
    </failure>
  </testcase> <!-- testB -->
  <testcase name="testB" time="0.01" classname="com.PanaMCAutomation.MC_Material_Function2.MCID1468_MaterialFunction_SpliceScarpHoldMaterial">
    <failure type="java.lang.reflect.InvocationTargetException">
      <![CDATA[java.lang.reflect.InvocationTargetException
at com.PanaAutomation.Driver.DriverScript.executeKeywords(DriverScript.java:79)
at com.PanaMCAutomation.MC_Material_Function2.MCID1468_MaterialFunction_SpliceScarpHoldMaterial.testB(MCID1468_MaterialFunction_SpliceScarpHoldMaterial.java:25)
at com.PanaAutomation.Base.runMC.main(runMC.java:28)
Caused by: java.lang.NullPointerException
at com.PanaAutomation.Keywords.GenericKeywords.takeScreenShot(GenericKeywords.java:1513)
at com.PanaAutomation.Keywords.GenericKeywords.reportFailure(GenericKeywords.java:1460)
at com.PanaAutomation.Keywords.GenericKeywords.openBrowser(GenericKeywords.java:158)
... 29 more
... Removed 26 stack frames]]>
    </failure>
  </testcase> <!-- testB -->
</testsuite> <!-- Test -->
