<?xml version="1.0" encoding="UTF-8"?>
<!-- Generated by org.testng.reporters.JUnitXMLReporter -->
<testsuite hostname="C40FF43LAP" ignored="0" name="MC BVT Test" tests="21" failures="21" timestamp="04 Dec 2021 15:28:17 GMT" time="15.774" errors="0">
  <testcase name="testB" time="0.259" classname="com.PanaMCAutomation.MC_BVT.MC_ALogin">
    <failure type="java.lang.reflect.InvocationTargetException">
      <![CDATA[java.lang.reflect.InvocationTargetException
at com.PanaAutomation.Driver.DriverScript.executeKeywords(DriverScript.java:79)
at com.PanaMCAutomation.MC_BVT.MC_ALogin.testB(MC_ALogin.java:25)
at com.PanaAutomation.Base.runMC.main(runMC.java:28)
Caused by: java.lang.NullPointerException
at com.PanaAutomation.Keywords.GenericKeywords.takeScreenShot(GenericKeywords.java:1513)
at com.PanaAutomation.Keywords.GenericKeywords.reportFailure(GenericKeywords.java:1460)
at com.PanaAutomation.Keywords.GenericKeywords.openBrowser(GenericKeywords.java:158)
... 29 more
... Removed 26 stack frames]]>
    </failure>
  </testcase> <!-- testB -->
  <testcase name="testB" time="0.113" classname="com.PanaMCAutomation.MC_BVT.MC_VerifyReceiveMaterial">
    <failure type="java.lang.reflect.InvocationTargetException">
      <![CDATA[java.lang.reflect.InvocationTargetException
at com.PanaAutomation.Driver.DriverScript.executeKeywords(DriverScript.java:79)
at com.PanaMCAutomation.MC_BVT.MC_VerifyReceiveMaterial.testB(MC_VerifyReceiveMaterial.java:25)
at com.PanaAutomation.Base.runMC.main(runMC.java:28)
Caused by: java.lang.NullPointerException
at com.PanaAutomation.Keywords.GenericKeywords.takeScreenShot(GenericKeywords.java:1513)
at com.PanaAutomation.Keywords.GenericKeywords.reportFailure(GenericKeywords.java:1460)
at com.PanaAutomation.Keywords.GenericKeywords.openBrowser(GenericKeywords.java:158)
... 29 more
... Removed 26 stack frames]]>
    </failure>
  </testcase> <!-- testB -->
  <testcase name="testB" time="0.011" classname="com.PanaMCAutomation.MC_BVT.MC_AdjustQty">
    <failure type="java.lang.reflect.InvocationTargetException">
      <![CDATA[java.lang.reflect.InvocationTargetException
at com.PanaAutomation.Driver.DriverScript.executeKeywords(DriverScript.java:79)
at com.PanaMCAutomation.MC_BVT.MC_AdjustQty.testB(MC_AdjustQty.java:24)
at com.PanaAutomation.Base.runMC.main(runMC.java:28)
Caused by: java.lang.NullPointerException
at com.PanaAutomation.Keywords.GenericKeywords.takeScreenShot(GenericKeywords.java:1513)
at com.PanaAutomation.Keywords.GenericKeywords.reportFailure(GenericKeywords.java:1460)
at com.PanaAutomation.Keywords.GenericKeywords.openBrowser(GenericKeywords.java:158)
... 29 more
... Removed 26 stack frames]]>
    </failure>
  </testcase> <!-- testB -->
  <testcase name="testB" time="0.157" classname="com.PanaMCAutomation.MC_BVT.MC_VerifyRcCancelButon">
    <failure type="java.lang.reflect.InvocationTargetException">
      <![CDATA[java.lang.reflect.InvocationTargetException
at com.PanaAutomation.Driver.DriverScript.executeKeywords(DriverScript.java:79)
at com.PanaMCAutomation.MC_BVT.MC_VerifyRcCancelButon.testB(MC_VerifyRcCancelButon.java:27)
at com.PanaAutomation.Base.runMC.main(runMC.java:28)
Caused by: java.lang.NullPointerException
at com.PanaAutomation.Keywords.GenericKeywords.takeScreenShot(GenericKeywords.java:1513)
at com.PanaAutomation.Keywords.GenericKeywords.reportFailure(GenericKeywords.java:1460)
at com.PanaAutomation.Keywords.GenericKeywords.openBrowser(GenericKeywords.java:158)
... 29 more
... Removed 26 stack frames]]>
    </failure>
  </testcase> <!-- testB -->
  <testcase name="testB" time="0.203" classname="com.PanaMCAutomation.MC_BVT.MC_LoginFail">
    <failure type="java.lang.reflect.InvocationTargetException">
      <![CDATA[java.lang.reflect.InvocationTargetException
at com.PanaAutomation.Driver.DriverScript.executeKeywords(DriverScript.java:79)
at com.PanaMCAutomation.MC_BVT.MC_LoginFail.testB(MC_LoginFail.java:27)
at com.PanaAutomation.Base.runMC.main(runMC.java:28)
Caused by: java.lang.NullPointerException
at com.PanaAutomation.Keywords.GenericKeywords.takeScreenShot(GenericKeywords.java:1513)
at com.PanaAutomation.Keywords.GenericKeywords.reportFailure(GenericKeywords.java:1460)
at com.PanaAutomation.Keywords.GenericKeywords.openBrowser(GenericKeywords.java:158)
... 29 more
... Removed 26 stack frames]]>
    </failure>
  </testcase> <!-- testB -->
  <testcase name="testB" time="0.106" classname="com.PanaMCAutomation.MC_BVT.MC_logout">
    <failure type="java.lang.reflect.InvocationTargetException">
      <![CDATA[java.lang.reflect.InvocationTargetException
at com.PanaAutomation.Driver.DriverScript.executeKeywords(DriverScript.java:79)
at com.PanaMCAutomation.MC_BVT.MC_logout.testB(MC_logout.java:26)
at com.PanaAutomation.Base.runMC.main(runMC.java:28)
Caused by: java.lang.NullPointerException
at com.PanaAutomation.Keywords.GenericKeywords.takeScreenShot(GenericKeywords.java:1513)
at com.PanaAutomation.Keywords.GenericKeywords.reportFailure(GenericKeywords.java:1460)
at com.PanaAutomation.Keywords.GenericKeywords.openBrowser(GenericKeywords.java:158)
... 29 more
... Removed 26 stack frames]]>
    </failure>
  </testcase> <!-- testB -->
  <testcase name="testB" time="0.012" classname="com.PanaMCAutomation.MC_BVT.MC_PartTemplate">
    <failure type="java.lang.reflect.InvocationTargetException">
      <![CDATA[java.lang.reflect.InvocationTargetException
at com.PanaAutomation.Driver.DriverScript.executeKeywords(DriverScript.java:79)
at com.PanaMCAutomation.MC_BVT.MC_PartTemplate.testB(MC_PartTemplate.java:25)
at com.PanaAutomation.Base.runMC.main(runMC.java:28)
Caused by: java.lang.NullPointerException
at com.PanaAutomation.Keywords.GenericKeywords.takeScreenShot(GenericKeywords.java:1513)
at com.PanaAutomation.Keywords.GenericKeywords.reportFailure(GenericKeywords.java:1460)
at com.PanaAutomation.Keywords.GenericKeywords.openBrowser(GenericKeywords.java:158)
... 29 more
... Removed 26 stack frames]]>
    </failure>
  </testcase> <!-- testB -->
  <testcase name="testB" time="0.21" classname="com.PanaMCAutomation.MC_BVT.MC_PartMaster">
    <failure type="java.lang.reflect.InvocationTargetException">
      <![CDATA[java.lang.reflect.InvocationTargetException
at com.PanaAutomation.Driver.DriverScript.executeKeywords(DriverScript.java:79)
at com.PanaMCAutomation.MC_BVT.MC_PartMaster.testB(MC_PartMaster.java:26)
at com.PanaAutomation.Base.runMC.main(runMC.java:28)
Caused by: java.lang.NullPointerException
at com.PanaAutomation.Keywords.GenericKeywords.takeScreenShot(GenericKeywords.java:1513)
at com.PanaAutomation.Keywords.GenericKeywords.reportFailure(GenericKeywords.java:1460)
at com.PanaAutomation.Keywords.GenericKeywords.openBrowser(GenericKeywords.java:158)
... 29 more
... Removed 26 stack frames]]>
    </failure>
  </testcase> <!-- testB -->
  <testcase name="testB" time="0.017" classname="com.PanaMCAutomation.MC_BVT.MC_Split">
    <failure type="java.lang.reflect.InvocationTargetException">
      <![CDATA[java.lang.reflect.InvocationTargetException
at com.PanaAutomation.Driver.DriverScript.executeKeywords(DriverScript.java:79)
at com.PanaMCAutomation.MC_BVT.MC_Split.testB(MC_Split.java:25)
at com.PanaAutomation.Base.runMC.main(runMC.java:28)
Caused by: java.lang.NullPointerException
at com.PanaAutomation.Keywords.GenericKeywords.takeScreenShot(GenericKeywords.java:1513)
at com.PanaAutomation.Keywords.GenericKeywords.reportFailure(GenericKeywords.java:1460)
at com.PanaAutomation.Keywords.GenericKeywords.openBrowser(GenericKeywords.java:158)
... 29 more
... Removed 26 stack frames]]>
    </failure>
  </testcase> <!-- testB -->
  <testcase name="testB" time="0.073" classname="com.PanaMCAutomation.MC_BVT.MC_SpliceMaterial">
    <failure type="java.lang.reflect.InvocationTargetException">
      <![CDATA[java.lang.reflect.InvocationTargetException
at com.PanaAutomation.Driver.DriverScript.executeKeywords(DriverScript.java:79)
at com.PanaMCAutomation.MC_BVT.MC_SpliceMaterial.testB(MC_SpliceMaterial.java:27)
at com.PanaAutomation.Base.runMC.main(runMC.java:28)
Caused by: java.lang.NullPointerException
at com.PanaAutomation.Keywords.GenericKeywords.takeScreenShot(GenericKeywords.java:1513)
at com.PanaAutomation.Keywords.GenericKeywords.reportFailure(GenericKeywords.java:1460)
at com.PanaAutomation.Keywords.GenericKeywords.openBrowser(GenericKeywords.java:158)
... 29 more
... Removed 26 stack frames]]>
    </failure>
  </testcase> <!-- testB -->
  <testcase name="testB" time="0.118" classname="com.PanaMCAutomation.MC_BVT.MC_AutoZero">
    <failure type="java.lang.reflect.InvocationTargetException">
      <![CDATA[java.lang.reflect.InvocationTargetException
at com.PanaAutomation.Driver.DriverScript.executeKeywords(DriverScript.java:79)
at com.PanaMCAutomation.MC_BVT.MC_AutoZero.testB(MC_AutoZero.java:25)
at com.PanaAutomation.Base.runMC.main(runMC.java:28)
Caused by: java.lang.NullPointerException
at com.PanaAutomation.Keywords.GenericKeywords.takeScreenShot(GenericKeywords.java:1513)
at com.PanaAutomation.Keywords.GenericKeywords.reportFailure(GenericKeywords.java:1460)
at com.PanaAutomation.Keywords.GenericKeywords.openBrowser(GenericKeywords.java:158)
... 29 more
... Removed 26 stack frames]]>
    </failure>
  </testcase> <!-- testB -->
  <testcase name="testB" time="0.116" classname="com.PanaMCAutomation.MC_BVT.MC_HoldMaterial">
    <failure type="java.lang.reflect.InvocationTargetException">
      <![CDATA[java.lang.reflect.InvocationTargetException
at com.PanaAutomation.Driver.DriverScript.executeKeywords(DriverScript.java:79)
at com.PanaMCAutomation.MC_BVT.MC_HoldMaterial.testB(MC_HoldMaterial.java:24)
at com.PanaAutomation.Base.runMC.main(runMC.java:28)
Caused by: java.lang.NullPointerException
at com.PanaAutomation.Keywords.GenericKeywords.takeScreenShot(GenericKeywords.java:1513)
at com.PanaAutomation.Keywords.GenericKeywords.reportFailure(GenericKeywords.java:1460)
at com.PanaAutomation.Keywords.GenericKeywords.openBrowser(GenericKeywords.java:158)
... 29 more
... Removed 26 stack frames]]>
    </failure>
  </testcase> <!-- testB -->
  <testcase name="testB" time="0.123" classname="com.PanaMCAutomation.MC_BVT.MC_UnHoldMaterial">
    <failure type="java.lang.reflect.InvocationTargetException">
      <![CDATA[java.lang.reflect.InvocationTargetException
at com.PanaAutomation.Driver.DriverScript.executeKeywords(DriverScript.java:79)
at com.PanaMCAutomation.MC_BVT.MC_UnHoldMaterial.testB(MC_UnHoldMaterial.java:24)
at com.PanaAutomation.Base.runMC.main(runMC.java:28)
Caused by: java.lang.NullPointerException
at com.PanaAutomation.Keywords.GenericKeywords.takeScreenShot(GenericKeywords.java:1513)
at com.PanaAutomation.Keywords.GenericKeywords.reportFailure(GenericKeywords.java:1460)
at com.PanaAutomation.Keywords.GenericKeywords.openBrowser(GenericKeywords.java:158)
... 29 more
... Removed 26 stack frames]]>
    </failure>
  </testcase> <!-- testB -->
  <testcase name="testB" time="0.115" classname="com.PanaMCAutomation.MC_BVT.MC_NewPart">
    <failure type="java.lang.reflect.InvocationTargetException">
      <![CDATA[java.lang.reflect.InvocationTargetException
at com.PanaAutomation.Driver.DriverScript.executeKeywords(DriverScript.java:79)
at com.PanaMCAutomation.MC_BVT.MC_NewPart.testB(MC_NewPart.java:26)
at com.PanaAutomation.Base.runMC.main(runMC.java:28)
Caused by: java.lang.NullPointerException
at com.PanaAutomation.Keywords.GenericKeywords.takeScreenShot(GenericKeywords.java:1513)
at com.PanaAutomation.Keywords.GenericKeywords.reportFailure(GenericKeywords.java:1460)
at com.PanaAutomation.Keywords.GenericKeywords.openBrowser(GenericKeywords.java:158)
... 29 more
... Removed 26 stack frames]]>
    </failure>
  </testcase> <!-- testB -->
  <testcase name="testB" time="0.109" classname="com.PanaMCAutomation.MC_BVT.MC_TSMNewType">
    <failure type="java.lang.reflect.InvocationTargetException">
      <![CDATA[java.lang.reflect.InvocationTargetException
at com.PanaAutomation.Driver.DriverScript.executeKeywords(DriverScript.java:79)
at com.PanaMCAutomation.MC_BVT.MC_TSMNewType.testB(MC_TSMNewType.java:26)
at com.PanaAutomation.Base.runMC.main(runMC.java:28)
Caused by: java.lang.NullPointerException
at com.PanaAutomation.Keywords.GenericKeywords.takeScreenShot(GenericKeywords.java:1513)
at com.PanaAutomation.Keywords.GenericKeywords.reportFailure(GenericKeywords.java:1460)
at com.PanaAutomation.Keywords.GenericKeywords.openBrowser(GenericKeywords.java:158)
... 29 more
... Removed 26 stack frames]]>
    </failure>
  </testcase> <!-- testB -->
  <testcase name="testB" time="0.049" classname="com.PanaMCAutomation.MC_BVT.MC_LocationNew">
    <failure type="java.lang.reflect.InvocationTargetException">
      <![CDATA[java.lang.reflect.InvocationTargetException
at com.PanaAutomation.Driver.DriverScript.executeKeywords(DriverScript.java:79)
at com.PanaMCAutomation.MC_BVT.MC_LocationNew.testB(MC_LocationNew.java:26)
at com.PanaAutomation.Base.runMC.main(runMC.java:28)
Caused by: java.lang.NullPointerException
at com.PanaAutomation.Keywords.GenericKeywords.takeScreenShot(GenericKeywords.java:1513)
at com.PanaAutomation.Keywords.GenericKeywords.reportFailure(GenericKeywords.java:1460)
at com.PanaAutomation.Keywords.GenericKeywords.openBrowser(GenericKeywords.java:158)
... 29 more
... Removed 26 stack frames]]>
    </failure>
  </testcase> <!-- testB -->
  <testcase name="testB" time="0.136" classname="com.PanaMCAutomation.MC_BVT.MC_NewTemplatePart">
    <failure type="java.lang.reflect.InvocationTargetException">
      <![CDATA[java.lang.reflect.InvocationTargetException
at com.PanaAutomation.Driver.DriverScript.executeKeywords(DriverScript.java:79)
at com.PanaMCAutomation.MC_BVT.MC_NewTemplatePart.testB(MC_NewTemplatePart.java:26)
at com.PanaAutomation.Base.runMC.main(runMC.java:28)
Caused by: java.lang.NullPointerException
at com.PanaAutomation.Keywords.GenericKeywords.takeScreenShot(GenericKeywords.java:1513)
at com.PanaAutomation.Keywords.GenericKeywords.reportFailure(GenericKeywords.java:1460)
at com.PanaAutomation.Keywords.GenericKeywords.openBrowser(GenericKeywords.java:158)
... 29 more
... Removed 26 stack frames]]>
    </failure>
  </testcase> <!-- testB -->
  <testcase name="testB" time="0.13" classname="com.PanaMCAutomation.MC_BVT.MC_NewPartWithTemplate">
    <failure type="java.lang.reflect.InvocationTargetException">
      <![CDATA[java.lang.reflect.InvocationTargetException
at com.PanaAutomation.Driver.DriverScript.executeKeywords(DriverScript.java:79)
at com.PanaMCAutomation.MC_BVT.MC_NewPartWithTemplate.testB(MC_NewPartWithTemplate.java:26)
at com.PanaAutomation.Base.runMC.main(runMC.java:28)
Caused by: java.lang.NullPointerException
at com.PanaAutomation.Keywords.GenericKeywords.takeScreenShot(GenericKeywords.java:1513)
at com.PanaAutomation.Keywords.GenericKeywords.reportFailure(GenericKeywords.java:1460)
at com.PanaAutomation.Keywords.GenericKeywords.openBrowser(GenericKeywords.java:158)
... 29 more
... Removed 26 stack frames]]>
    </failure>
  </testcase> <!-- testB -->
  <testcase name="testB" time="0.115" classname="com.PanaMCAutomation.MC_BVT.MC_ReceiveMaterialPrint">
    <failure type="java.lang.reflect.InvocationTargetException">
      <![CDATA[java.lang.reflect.InvocationTargetException
at com.PanaAutomation.Driver.DriverScript.executeKeywords(DriverScript.java:79)
at com.PanaMCAutomation.MC_BVT.MC_ReceiveMaterialPrint.testB(MC_ReceiveMaterialPrint.java:24)
at com.PanaAutomation.Base.runMC.main(runMC.java:28)
Caused by: java.lang.NullPointerException
at com.PanaAutomation.Keywords.GenericKeywords.takeScreenShot(GenericKeywords.java:1513)
at com.PanaAutomation.Keywords.GenericKeywords.reportFailure(GenericKeywords.java:1460)
at com.PanaAutomation.Keywords.GenericKeywords.openBrowser(GenericKeywords.java:158)
... 29 more
... Removed 26 stack frames]]>
    </failure>
  </testcase> <!-- testB -->
  <testcase name="testB" time="0.251" classname="com.PanaMCAutomation.MC_BVT.MC_ScrapMaterial">
    <failure type="java.lang.reflect.InvocationTargetException">
      <![CDATA[java.lang.reflect.InvocationTargetException
at com.PanaAutomation.Driver.DriverScript.executeKeywords(DriverScript.java:79)
at com.PanaMCAutomation.MC_BVT.MC_ScrapMaterial.testB(MC_ScrapMaterial.java:24)
at com.PanaAutomation.Base.runMC.main(runMC.java:28)
Caused by: java.lang.NullPointerException
at com.PanaAutomation.Keywords.GenericKeywords.takeScreenShot(GenericKeywords.java:1513)
at com.PanaAutomation.Keywords.GenericKeywords.reportFailure(GenericKeywords.java:1460)
at com.PanaAutomation.Keywords.GenericKeywords.openBrowser(GenericKeywords.java:158)
... 29 more
... Removed 26 stack frames]]>
    </failure>
  </testcase> <!-- testB -->
  <testcase name="testB" time="0.038" classname="com.PanaMCAutomation.MC_BVT.MC_UnScrapMaterial">
    <failure type="java.lang.reflect.InvocationTargetException">
      <![CDATA[java.lang.reflect.InvocationTargetException
at com.PanaAutomation.Driver.DriverScript.executeKeywords(DriverScript.java:79)
at com.PanaMCAutomation.MC_BVT.MC_UnScrapMaterial.testB(MC_UnScrapMaterial.java:24)
at com.PanaAutomation.Base.runMC.main(runMC.java:28)
Caused by: java.lang.NullPointerException
at com.PanaAutomation.Keywords.GenericKeywords.takeScreenShot(GenericKeywords.java:1513)
at com.PanaAutomation.Keywords.GenericKeywords.reportFailure(GenericKeywords.java:1460)
at com.PanaAutomation.Keywords.GenericKeywords.openBrowser(GenericKeywords.java:158)
... 29 more
... Removed 26 stack frames]]>
    </failure>
  </testcase> <!-- testB -->
</testsuite> <!-- MC BVT Test -->
