<?xml version="1.0" encoding="UTF-8"?>
<!-- Generated by org.testng.reporters.JUnitXMLReporter -->
<testsuite hostname="C40FF43LAP" ignored="0" name="TSM Type Test" tests="10" failures="10" timestamp="04 Dec 2021 15:27:11 GMT" time="9.519" errors="0">
  <testcase name="testB" time="0.277" classname="com.PanaMCAutomation.MC_Box_Configuration.MCID1_BoxingConfiguration_New">
    <failure type="java.lang.reflect.InvocationTargetException">
      <![CDATA[java.lang.reflect.InvocationTargetException
at com.PanaAutomation.Driver.DriverScript.executeKeywords(DriverScript.java:79)
at com.PanaMCAutomation.MC_Box_Configuration.MCID1_BoxingConfiguration_New.testB(MCID1_BoxingConfiguration_New.java:25)
at com.PanaAutomation.Base.runMC.main(runMC.java:28)
Caused by: java.lang.NullPointerException
at com.PanaAutomation.Keywords.GenericKeywords.takeScreenShot(GenericKeywords.java:1513)
at com.PanaAutomation.Keywords.GenericKeywords.reportFailure(GenericKeywords.java:1460)
at com.PanaAutomation.Keywords.GenericKeywords.openBrowser(GenericKeywords.java:158)
... 30 more
... Removed 27 stack frames]]>
    </failure>
  </testcase> <!-- testB -->
  <testcase name="testB" time="0.554" classname="com.PanaMCAutomation.MC_Box_Configuration.MCID2_BoxingConfiguration_Availabilty">
    <failure type="java.lang.reflect.InvocationTargetException">
      <![CDATA[java.lang.reflect.InvocationTargetException
at com.PanaAutomation.Driver.DriverScript.executeKeywords(DriverScript.java:79)
at com.PanaMCAutomation.MC_Box_Configuration.MCID2_BoxingConfiguration_Availabilty.testB(MCID2_BoxingConfiguration_Availabilty.java:25)
at com.PanaAutomation.Base.runMC.main(runMC.java:28)
Caused by: java.lang.NullPointerException
at com.PanaAutomation.Keywords.GenericKeywords.takeScreenShot(GenericKeywords.java:1513)
at com.PanaAutomation.Keywords.GenericKeywords.reportFailure(GenericKeywords.java:1460)
at com.PanaAutomation.Keywords.GenericKeywords.openBrowser(GenericKeywords.java:158)
... 30 more
... Removed 27 stack frames]]>
    </failure>
  </testcase> <!-- testB -->
  <testcase name="testB" time="0.078" classname="com.PanaMCAutomation.MC_Box_Configuration.MCID3_BoxingConfiguration_Search">
    <failure type="java.lang.reflect.InvocationTargetException">
      <![CDATA[java.lang.reflect.InvocationTargetException
at com.PanaAutomation.Driver.DriverScript.executeKeywords(DriverScript.java:79)
at com.PanaMCAutomation.MC_Box_Configuration.MCID3_BoxingConfiguration_Search.testB(MCID3_BoxingConfiguration_Search.java:25)
at com.PanaAutomation.Base.runMC.main(runMC.java:28)
Caused by: java.lang.NullPointerException
at com.PanaAutomation.Keywords.GenericKeywords.takeScreenShot(GenericKeywords.java:1513)
at com.PanaAutomation.Keywords.GenericKeywords.reportFailure(GenericKeywords.java:1460)
at com.PanaAutomation.Keywords.GenericKeywords.openBrowser(GenericKeywords.java:158)
... 30 more
... Removed 27 stack frames]]>
    </failure>
  </testcase> <!-- testB -->
  <testcase name="testB" time="0.113" classname="com.PanaMCAutomation.MC_Box_Configuration.MCID4_BoxingConfiguration_DropDownCount">
    <failure type="java.lang.reflect.InvocationTargetException">
      <![CDATA[java.lang.reflect.InvocationTargetException
at com.PanaAutomation.Driver.DriverScript.executeKeywords(DriverScript.java:79)
at com.PanaMCAutomation.MC_Box_Configuration.MCID4_BoxingConfiguration_DropDownCount.testB(MCID4_BoxingConfiguration_DropDownCount.java:25)
at com.PanaAutomation.Base.runMC.main(runMC.java:28)
Caused by: java.lang.NullPointerException
at com.PanaAutomation.Keywords.GenericKeywords.takeScreenShot(GenericKeywords.java:1513)
at com.PanaAutomation.Keywords.GenericKeywords.reportFailure(GenericKeywords.java:1460)
at com.PanaAutomation.Keywords.GenericKeywords.openBrowser(GenericKeywords.java:158)
... 30 more
... Removed 27 stack frames]]>
    </failure>
  </testcase> <!-- testB -->
  <testcase name="testB" time="0.148" classname="com.PanaMCAutomation.MC_Box_Configuration.MCID5_BoxingConfiguration_RowsCount">
    <failure type="java.lang.reflect.InvocationTargetException">
      <![CDATA[java.lang.reflect.InvocationTargetException
at com.PanaAutomation.Driver.DriverScript.executeKeywords(DriverScript.java:79)
at com.PanaMCAutomation.MC_Box_Configuration.MCID5_BoxingConfiguration_RowsCount.testB(MCID5_BoxingConfiguration_RowsCount.java:25)
at com.PanaAutomation.Base.runMC.main(runMC.java:28)
Caused by: java.lang.NullPointerException
at com.PanaAutomation.Keywords.GenericKeywords.takeScreenShot(GenericKeywords.java:1513)
at com.PanaAutomation.Keywords.GenericKeywords.reportFailure(GenericKeywords.java:1460)
at com.PanaAutomation.Keywords.GenericKeywords.openBrowser(GenericKeywords.java:158)
... 30 more
... Removed 27 stack frames]]>
    </failure>
  </testcase> <!-- testB -->
  <testcase name="testB" time="0.08" classname="com.PanaMCAutomation.MC_Box_Configuration.MCID6_BoxingConfiguration_PageNavigation">
    <failure type="java.lang.reflect.InvocationTargetException">
      <![CDATA[java.lang.reflect.InvocationTargetException
at com.PanaAutomation.Driver.DriverScript.executeKeywords(DriverScript.java:79)
at com.PanaMCAutomation.MC_Box_Configuration.MCID6_BoxingConfiguration_PageNavigation.testB(MCID6_BoxingConfiguration_PageNavigation.java:25)
at com.PanaAutomation.Base.runMC.main(runMC.java:28)
Caused by: java.lang.NullPointerException
at com.PanaAutomation.Keywords.GenericKeywords.takeScreenShot(GenericKeywords.java:1513)
at com.PanaAutomation.Keywords.GenericKeywords.reportFailure(GenericKeywords.java:1460)
at com.PanaAutomation.Keywords.GenericKeywords.openBrowser(GenericKeywords.java:158)
... 30 more
... Removed 27 stack frames]]>
    </failure>
  </testcase> <!-- testB -->
  <testcase name="testB" time="0.119" classname="com.PanaMCAutomation.MC_Box_Configuration.MCID7_BoxingConfiguration_Filter">
    <failure type="java.lang.reflect.InvocationTargetException">
      <![CDATA[java.lang.reflect.InvocationTargetException
at com.PanaAutomation.Driver.DriverScript.executeKeywords(DriverScript.java:79)
at com.PanaMCAutomation.MC_Box_Configuration.MCID7_BoxingConfiguration_Filter.testB(MCID7_BoxingConfiguration_Filter.java:25)
at com.PanaAutomation.Base.runMC.main(runMC.java:28)
Caused by: java.lang.NullPointerException
at com.PanaAutomation.Keywords.GenericKeywords.takeScreenShot(GenericKeywords.java:1513)
at com.PanaAutomation.Keywords.GenericKeywords.reportFailure(GenericKeywords.java:1460)
at com.PanaAutomation.Keywords.GenericKeywords.openBrowser(GenericKeywords.java:158)
... 30 more
... Removed 27 stack frames]]>
    </failure>
  </testcase> <!-- testB -->
  <testcase name="testB" time="0.124" classname="com.PanaMCAutomation.MC_Box_Configuration.MCID8_BoxingConfiguration_Cancel">
    <failure type="java.lang.reflect.InvocationTargetException">
      <![CDATA[java.lang.reflect.InvocationTargetException
at com.PanaAutomation.Driver.DriverScript.executeKeywords(DriverScript.java:79)
at com.PanaMCAutomation.MC_Box_Configuration.MCID8_BoxingConfiguration_Cancel.testB(MCID8_BoxingConfiguration_Cancel.java:25)
at com.PanaAutomation.Base.runMC.main(runMC.java:28)
Caused by: java.lang.NullPointerException
at com.PanaAutomation.Keywords.GenericKeywords.takeScreenShot(GenericKeywords.java:1513)
at com.PanaAutomation.Keywords.GenericKeywords.reportFailure(GenericKeywords.java:1460)
at com.PanaAutomation.Keywords.GenericKeywords.openBrowser(GenericKeywords.java:158)
... 30 more
... Removed 27 stack frames]]>
    </failure>
  </testcase> <!-- testB -->
  <testcase name="testB" time="0.168" classname="com.PanaMCAutomation.MC_Box_Configuration.MCID10_BoxingConfiguration_Edit">
    <failure type="java.lang.reflect.InvocationTargetException">
      <![CDATA[java.lang.reflect.InvocationTargetException
at com.PanaAutomation.Driver.DriverScript.executeKeywords(DriverScript.java:79)
at com.PanaMCAutomation.MC_Box_Configuration.MCID10_BoxingConfiguration_Edit.testB(MCID10_BoxingConfiguration_Edit.java:25)
at com.PanaAutomation.Base.runMC.main(runMC.java:28)
Caused by: java.lang.NullPointerException
at com.PanaAutomation.Keywords.GenericKeywords.takeScreenShot(GenericKeywords.java:1513)
at com.PanaAutomation.Keywords.GenericKeywords.reportFailure(GenericKeywords.java:1460)
at com.PanaAutomation.Keywords.GenericKeywords.openBrowser(GenericKeywords.java:158)
... 30 more
... Removed 27 stack frames]]>
    </failure>
  </testcase> <!-- testB -->
  <testcase name="testB" time="0.016" classname="com.PanaMCAutomation.MC_Box_Configuration.MCID9_BoxingConfiguration_Delete">
    <failure type="java.lang.reflect.InvocationTargetException">
      <![CDATA[java.lang.reflect.InvocationTargetException
at com.PanaAutomation.Driver.DriverScript.executeKeywords(DriverScript.java:79)
at com.PanaMCAutomation.MC_Box_Configuration.MCID9_BoxingConfiguration_Delete.testB(MCID9_BoxingConfiguration_Delete.java:26)
at com.PanaAutomation.Base.runMC.main(runMC.java:28)
Caused by: java.lang.NullPointerException
at com.PanaAutomation.Keywords.GenericKeywords.takeScreenShot(GenericKeywords.java:1513)
at com.PanaAutomation.Keywords.GenericKeywords.reportFailure(GenericKeywords.java:1460)
at com.PanaAutomation.Keywords.GenericKeywords.openBrowser(GenericKeywords.java:158)
... 30 more
... Removed 27 stack frames]]>
    </failure>
  </testcase> <!-- testB -->
</testsuite> <!-- TSM Type Test -->
